<?xml version="1.0" encoding="UTF-8"?>
<!-- Generated by org.testng.reporters.JUnitXMLReporter -->
<testsuite ignored="0" hostname="AbhiSneh" failures="32" tests="75" name="Surefire test" time="89.754" errors="0" timestamp="2021-08-23T21:36:46 CEST">
  <testcase classname="io.cucumber.testng.AbstractTestNGCucumberTests" name="runScenario" time="5.416"/>
  <testcase classname="io.cucumber.testng.AbstractTestNGCucumberTests" name="runScenario" time="2.523"/>
  <testcase classname="io.cucumber.testng.AbstractTestNGCucumberTests" name="runScenario" time="1.823">
    <failure type="java.lang.AssertionError" message="The following asserts failed:
	expected [Length of account_name should be between {Min} and {Max} when bank_country_code is US] but found [Should contain 2 to 200 characters]">
      <![CDATA[java.lang.AssertionError: The following asserts failed:
expected [Length of account_name should be between {Min} and {Max} when bank_country_code is US] but found [Should contain 2 to 200 characters]
at stepDefinitions.Then_Steps.after(Then_Steps.java:30)
... Removed 2 stack frames]]>
    </failure>
  </testcase> <!-- runScenario -->
  <testcase classname="io.cucumber.testng.AbstractTestNGCucumberTests" name="runScenario" time="2.439">
    <failure type="java.lang.AssertionError" message="The following asserts failed:
	expected [Length of account_name should be between {Min} and {Max} when bank_country_code is AU] but found [Should contain 2 to 200 characters]">
      <![CDATA[java.lang.AssertionError: The following asserts failed:
expected [Length of account_name should be between {Min} and {Max} when bank_country_code is AU] but found [Should contain 2 to 200 characters]
at stepDefinitions.Then_Steps.after(Then_Steps.java:30)
... Removed 2 stack frames]]>
    </failure>
  </testcase> <!-- runScenario -->
  <testcase classname="io.cucumber.testng.AbstractTestNGCucumberTests" name="runScenario" time="1.672">
    <failure type="java.lang.AssertionError" message="The following asserts failed:
	expected [Length of account_name should be between {Min} and {Max} when bank_country_code is CN] but found [Should contain 2 to 200 characters]">
      <![CDATA[java.lang.AssertionError: The following asserts failed:
expected [Length of account_name should be between {Min} and {Max} when bank_country_code is CN] but found [Should contain 2 to 200 characters]
at stepDefinitions.Then_Steps.after(Then_Steps.java:30)
... Removed 2 stack frames]]>
    </failure>
  </testcase> <!-- runScenario -->
  <testcase classname="io.cucumber.testng.AbstractTestNGCucumberTests" name="runScenario" time="2.382">
    <failure type="java.lang.NullPointerException" message="Cannot invoke &amp;quot;Object.toString()&amp;quot; because the return value of &amp;quot;io.restassured.path.json.JsonPath.get(String)&amp;quot; is null">
      <![CDATA[java.lang.NullPointerException: Cannot invoke "Object.toString()" because the return value of "io.restassured.path.json.JsonPath.get(String)" is null
at utilities.Json_handler.getJsonPath(Json_handler.java:21)
at stepDefinitions.Then_Steps.response_contains_value(Then_Steps.java:57)
at ✽.Response "code" has value "payment_schema_validation_failed"(file:///C:/SnehProjects/DemoProject/Demo_APIFramework/src/test/resources/features/Account_Name.feature:32)
]]>
    </failure>
  </testcase> <!-- runScenario -->
  <testcase classname="io.cucumber.testng.AbstractTestNGCucumberTests" name="runScenario" time="1.618"/>
  <testcase classname="io.cucumber.testng.AbstractTestNGCucumberTests" name="runScenario" time="1.625"/>
  <testcase classname="io.cucumber.testng.AbstractTestNGCucumberTests" name="runScenario" time="2.26"/>
  <testcase classname="io.cucumber.testng.AbstractTestNGCucumberTests" name="runScenario" time="1.615"/>
  <testcase classname="io.cucumber.testng.AbstractTestNGCucumberTests" name="runScenario" time="0.94"/>
  <testcase classname="io.cucumber.testng.AbstractTestNGCucumberTests" name="runScenario" time="1.032"/>
  <testcase classname="io.cucumber.testng.AbstractTestNGCucumberTests" name="runScenario" time="0.934">
    <failure type="java.lang.AssertionError" message="The following asserts failed:
	expected [201] but found [400],
	expected [true] but found [false]">
      <![CDATA[java.lang.AssertionError: The following asserts failed:
expected [201] but found [400],
expected [true] but found [false]
at stepDefinitions.Then_Steps.after(Then_Steps.java:30)
... Removed 2 stack frames]]>
    </failure>
  </testcase> <!-- runScenario -->
  <testcase classname="io.cucumber.testng.AbstractTestNGCucumberTests" name="runScenario" time="0.923">
    <failure type="java.lang.AssertionError" message="The following asserts failed:
	expected [201] but found [400],
	expected [true] but found [false]">
      <![CDATA[java.lang.AssertionError: The following asserts failed:
expected [201] but found [400],
expected [true] but found [false]
at stepDefinitions.Then_Steps.after(Then_Steps.java:30)
... Removed 2 stack frames]]>
    </failure>
  </testcase> <!-- runScenario -->
  <testcase classname="io.cucumber.testng.AbstractTestNGCucumberTests" name="runScenario" time="1.638">
    <failure type="java.lang.AssertionError" message="The following asserts failed:
	expected [201] but found [400],
	expected [true] but found [false]">
      <![CDATA[java.lang.AssertionError: The following asserts failed:
expected [201] but found [400],
expected [true] but found [false]
at stepDefinitions.Then_Steps.after(Then_Steps.java:30)
... Removed 2 stack frames]]>
    </failure>
  </testcase> <!-- runScenario -->
  <testcase classname="io.cucumber.testng.AbstractTestNGCucumberTests" name="runScenario" time="1.664">
    <failure type="java.lang.NullPointerException" message="Cannot invoke &amp;quot;Object.toString()&amp;quot; because the return value of &amp;quot;io.restassured.path.json.JsonPath.get(String)&amp;quot; is null">
      <![CDATA[java.lang.NullPointerException: Cannot invoke "Object.toString()" because the return value of "io.restassured.path.json.JsonPath.get(String)" is null
at utilities.Json_handler.getJsonPath(Json_handler.java:21)
at stepDefinitions.Then_Steps.response_contains_value(Then_Steps.java:57)
at ✽.Response "code" has value "payment_schema_validation_failed"(file:///C:/SnehProjects/DemoProject/Demo_APIFramework/src/test/resources/features/Account_Number.feature:45)
]]>
    </failure>
  </testcase> <!-- runScenario -->
  <testcase classname="io.cucumber.testng.AbstractTestNGCucumberTests" name="runScenario" time="1.077">
    <failure type="java.lang.AssertionError" message="The following asserts failed:
	expected [Length of account_number should be between 1 and 17 when bank_country_code is US] but found [Should contain 1 to 26 characters]">
      <![CDATA[java.lang.AssertionError: The following asserts failed:
expected [Length of account_number should be between 1 and 17 when bank_country_code is US] but found [Should contain 1 to 26 characters]
at stepDefinitions.Then_Steps.after(Then_Steps.java:30)
... Removed 2 stack frames]]>
    </failure>
  </testcase> <!-- runScenario -->
  <testcase classname="io.cucumber.testng.AbstractTestNGCucumberTests" name="runScenario" time="1.705">
    <failure type="java.lang.AssertionError" message="The following asserts failed:
	expected [Length of account_number should be between 6 and 9 when bank_country_code is AU] but found [Should contain 6 to 20 characters]">
      <![CDATA[java.lang.AssertionError: The following asserts failed:
expected [Length of account_number should be between 6 and 9 when bank_country_code is AU] but found [Should contain 6 to 20 characters]
at stepDefinitions.Then_Steps.after(Then_Steps.java:30)
... Removed 2 stack frames]]>
    </failure>
  </testcase> <!-- runScenario -->
  <testcase classname="io.cucumber.testng.AbstractTestNGCucumberTests" name="runScenario" time="1.567">
    <failure type="java.lang.NullPointerException" message="Cannot invoke &amp;quot;Object.toString()&amp;quot; because the return value of &amp;quot;io.restassured.path.json.JsonPath.get(String)&amp;quot; is null">
      <![CDATA[java.lang.NullPointerException: Cannot invoke "Object.toString()" because the return value of "io.restassured.path.json.JsonPath.get(String)" is null
at utilities.Json_handler.getJsonPath(Json_handler.java:21)
at stepDefinitions.Then_Steps.response_contains_value(Then_Steps.java:57)
at ✽.Response "code" has value "payment_schema_validation_failed"(file:///C:/SnehProjects/DemoProject/Demo_APIFramework/src/test/resources/features/Account_Number.feature:45)
]]>
    </failure>
  </testcase> <!-- runScenario -->
  <testcase classname="io.cucumber.testng.AbstractTestNGCucumberTests" name="runScenario" time="0.936">
    <failure type="java.lang.NullPointerException" message="Cannot invoke &amp;quot;Object.toString()&amp;quot; because the return value of &amp;quot;io.restassured.path.json.JsonPath.get(String)&amp;quot; is null">
      <![CDATA[java.lang.NullPointerException: Cannot invoke "Object.toString()" because the return value of "io.restassured.path.json.JsonPath.get(String)" is null
at utilities.Json_handler.getJsonPath(Json_handler.java:21)
at stepDefinitions.Then_Steps.response_contains_value(Then_Steps.java:57)
at ✽.Response "code" has value "payment_schema_validation_failed"(file:///C:/SnehProjects/DemoProject/Demo_APIFramework/src/test/resources/features/Account_Number.feature:45)
]]>
    </failure>
  </testcase> <!-- runScenario -->
  <testcase classname="io.cucumber.testng.AbstractTestNGCucumberTests" name="runScenario" time="0.952">
    <failure type="java.lang.AssertionError" message="The following asserts failed:
	expected [Length of account_number should be between 6 and 9 when bank_country_code is AU] but found [Should contain 6 to 20 characters]">
      <![CDATA[java.lang.AssertionError: The following asserts failed:
expected [Length of account_number should be between 6 and 9 when bank_country_code is AU] but found [Should contain 6 to 20 characters]
at stepDefinitions.Then_Steps.after(Then_Steps.java:30)
... Removed 2 stack frames]]>
    </failure>
  </testcase> <!-- runScenario -->
  <testcase classname="io.cucumber.testng.AbstractTestNGCucumberTests" name="runScenario" time="0.919">
    <failure type="java.lang.AssertionError" message="The following asserts failed:
	expected [Length of account_number should be between 8 and 20 when bank_country_code is CN] but found [Should contain 8 to 34 characters]">
      <![CDATA[java.lang.AssertionError: The following asserts failed:
expected [Length of account_number should be between 8 and 20 when bank_country_code is CN] but found [Should contain 8 to 34 characters]
at stepDefinitions.Then_Steps.after(Then_Steps.java:30)
... Removed 2 stack frames]]>
    </failure>
  </testcase> <!-- runScenario -->
  <testcase classname="io.cucumber.testng.AbstractTestNGCucumberTests" name="runScenario" time="0.966">
    <failure type="java.lang.AssertionError" message="The following asserts failed:
	expected [Length of account_number should be between 8 and 20 when bank_country_code is CN] but found [Should contain 8 to 34 characters]">
      <![CDATA[java.lang.AssertionError: The following asserts failed:
expected [Length of account_number should be between 8 and 20 when bank_country_code is CN] but found [Should contain 8 to 34 characters]
at stepDefinitions.Then_Steps.after(Then_Steps.java:30)
... Removed 2 stack frames]]>
    </failure>
  </testcase> <!-- runScenario -->
  <testcase classname="io.cucumber.testng.AbstractTestNGCucumberTests" name="runScenario" time="1.661">
    <failure type="java.lang.NullPointerException" message="Cannot invoke &amp;quot;Object.toString()&amp;quot; because the return value of &amp;quot;io.restassured.path.json.JsonPath.get(String)&amp;quot; is null">
      <![CDATA[java.lang.NullPointerException: Cannot invoke "Object.toString()" because the return value of "io.restassured.path.json.JsonPath.get(String)" is null
at utilities.Json_handler.getJsonPath(Json_handler.java:21)
at stepDefinitions.Then_Steps.response_contains_value(Then_Steps.java:57)
at ✽.Response "code" has value "payment_schema_validation_failed"(file:///C:/SnehProjects/DemoProject/Demo_APIFramework/src/test/resources/features/Account_Number.feature:45)
]]>
    </failure>
  </testcase> <!-- runScenario -->
  <testcase classname="io.cucumber.testng.AbstractTestNGCucumberTests" name="runScenario" time="0.95">
    <failure type="java.lang.AssertionError" message="The following asserts failed:
	expected [Length of account_number should be between 8 and 20 when bank_country_code is CN] but found [Should contain 8 to 34 characters]">
      <![CDATA[java.lang.AssertionError: The following asserts failed:
expected [Length of account_number should be between 8 and 20 when bank_country_code is CN] but found [Should contain 8 to 34 characters]
at stepDefinitions.Then_Steps.after(Then_Steps.java:30)
... Removed 2 stack frames]]>
    </failure>
  </testcase> <!-- runScenario -->
  <testcase classname="io.cucumber.testng.AbstractTestNGCucumberTests" name="runScenario" time="0.919"/>
  <testcase classname="io.cucumber.testng.AbstractTestNGCucumberTests" name="runScenario" time="1.032"/>
  <testcase classname="io.cucumber.testng.AbstractTestNGCucumberTests" name="runScenario" time="1.621"/>
  <testcase classname="io.cucumber.testng.AbstractTestNGCucumberTests" name="runScenario" time="0.889"/>
  <testcase classname="io.cucumber.testng.AbstractTestNGCucumberTests" name="runScenario" time="0.845"/>
  <testcase classname="io.cucumber.testng.AbstractTestNGCucumberTests" name="runScenario" time="0.93"/>
  <testcase classname="io.cucumber.testng.AbstractTestNGCucumberTests" name="runScenario" time="0.915"/>
  <testcase classname="io.cucumber.testng.AbstractTestNGCucumberTests" name="runScenario" time="0.916"/>
  <testcase classname="io.cucumber.testng.AbstractTestNGCucumberTests" name="runScenario" time="1.741"/>
  <testcase classname="io.cucumber.testng.AbstractTestNGCucumberTests" name="runScenario" time="1.038"/>
  <testcase classname="io.cucumber.testng.AbstractTestNGCucumberTests" name="runScenario" time="0.944"/>
  <testcase classname="io.cucumber.testng.AbstractTestNGCucumberTests" name="runScenario" time="0.881"/>
  <testcase classname="io.cucumber.testng.AbstractTestNGCucumberTests" name="runScenario" time="0.887"/>
  <testcase classname="io.cucumber.testng.AbstractTestNGCucumberTests" name="runScenario" time="0.857"/>
  <testcase classname="io.cucumber.testng.AbstractTestNGCucumberTests" name="runScenario" time="1.002"/>
  <testcase classname="io.cucumber.testng.AbstractTestNGCucumberTests" name="runScenario" time="1.037"/>
  <testcase classname="io.cucumber.testng.AbstractTestNGCucumberTests" name="runScenario" time="0.923"/>
  <testcase classname="io.cucumber.testng.AbstractTestNGCucumberTests" name="runScenario" time="0.925"/>
  <testcase classname="io.cucumber.testng.AbstractTestNGCucumberTests" name="runScenario" time="0.817"/>
  <testcase classname="io.cucumber.testng.AbstractTestNGCucumberTests" name="runScenario" time="0.893"/>
  <testcase classname="io.cucumber.testng.AbstractTestNGCucumberTests" name="runScenario" time="0.836"/>
  <testcase classname="io.cucumber.testng.AbstractTestNGCucumberTests" name="runScenario" time="0.967"/>
  <testcase classname="io.cucumber.testng.AbstractTestNGCucumberTests" name="runScenario" time="0.834"/>
  <testcase classname="io.cucumber.testng.AbstractTestNGCucumberTests" name="runScenario" time="0.784">
    <failure type="java.lang.AssertionError" message="The following asserts failed:
	expected [400] but found [201],
	expected [true] but found [false]">
      <![CDATA[java.lang.AssertionError: The following asserts failed:
expected [400] but found [201],
expected [true] but found [false]
at stepDefinitions.Then_Steps.after(Then_Steps.java:30)
... Removed 2 stack frames]]>
    </failure>
  </testcase> <!-- runScenario -->
  <testcase classname="io.cucumber.testng.AbstractTestNGCucumberTests" name="runScenario" time="0.799"/>
  <testcase classname="io.cucumber.testng.AbstractTestNGCucumberTests" name="runScenario" time="1.599"/>
  <testcase classname="io.cucumber.testng.AbstractTestNGCucumberTests" name="runScenario" time="0.803"/>
  <testcase classname="io.cucumber.testng.AbstractTestNGCucumberTests" name="runScenario" time="0.878"/>
  <testcase classname="io.cucumber.testng.AbstractTestNGCucumberTests" name="runScenario" time="0.874"/>
  <testcase classname="io.cucumber.testng.AbstractTestNGCucumberTests" name="runScenario" time="0.915"/>
  <testcase classname="io.cucumber.testng.AbstractTestNGCucumberTests" name="runScenario" time="0.889">
    <failure type="java.lang.NullPointerException" message="Cannot invoke &amp;quot;Object.toString()&amp;quot; because the return value of &amp;quot;io.restassured.path.json.JsonPath.get(String)&amp;quot; is null">
      <![CDATA[java.lang.NullPointerException: Cannot invoke "Object.toString()" because the return value of "io.restassured.path.json.JsonPath.get(String)" is null
at utilities.Json_handler.getJsonPath(Json_handler.java:21)
at stepDefinitions.Then_Steps.response_contains_value(Then_Steps.java:57)
at ✽.Response "code" has value "payment_schema_validation_failed"(file:///C:/SnehProjects/DemoProject/Demo_APIFramework/src/test/resources/features/Routing_Type.feature:44)
]]>
    </failure>
  </testcase> <!-- runScenario -->
  <testcase classname="io.cucumber.testng.AbstractTestNGCucumberTests" name="runScenario" time="0.815">
    <failure type="java.lang.NullPointerException" message="Cannot invoke &amp;quot;Object.toString()&amp;quot; because the return value of &amp;quot;io.restassured.path.json.JsonPath.get(String)&amp;quot; is null">
      <![CDATA[java.lang.NullPointerException: Cannot invoke "Object.toString()" because the return value of "io.restassured.path.json.JsonPath.get(String)" is null
at utilities.Json_handler.getJsonPath(Json_handler.java:21)
at stepDefinitions.Then_Steps.response_contains_value(Then_Steps.java:57)
at ✽.Response "code" has value "payment_schema_validation_failed"(file:///C:/SnehProjects/DemoProject/Demo_APIFramework/src/test/resources/features/Routing_Type.feature:44)
]]>
    </failure>
  </testcase> <!-- runScenario -->
  <testcase classname="io.cucumber.testng.AbstractTestNGCucumberTests" name="runScenario" time="0.835">
    <failure type="java.lang.NullPointerException" message="Cannot invoke &amp;quot;Object.toString()&amp;quot; because the return value of &amp;quot;io.restassured.path.json.JsonPath.get(String)&amp;quot; is null">
      <![CDATA[java.lang.NullPointerException: Cannot invoke "Object.toString()" because the return value of "io.restassured.path.json.JsonPath.get(String)" is null
at utilities.Json_handler.getJsonPath(Json_handler.java:21)
at stepDefinitions.Then_Steps.response_contains_value(Then_Steps.java:57)
at ✽.Response "code" has value "payment_schema_validation_failed"(file:///C:/SnehProjects/DemoProject/Demo_APIFramework/src/test/resources/features/Routing_Type.feature:44)
]]>
    </failure>
  </testcase> <!-- runScenario -->
  <testcase classname="io.cucumber.testng.AbstractTestNGCucumberTests" name="runScenario" time="0.833">
    <failure type="java.lang.NullPointerException" message="Cannot invoke &amp;quot;Object.toString()&amp;quot; because the return value of &amp;quot;io.restassured.path.json.JsonPath.get(String)&amp;quot; is null">
      <![CDATA[java.lang.NullPointerException: Cannot invoke "Object.toString()" because the return value of "io.restassured.path.json.JsonPath.get(String)" is null
at utilities.Json_handler.getJsonPath(Json_handler.java:21)
at stepDefinitions.Then_Steps.response_contains_value(Then_Steps.java:57)
at ✽.Response "code" has value "payment_schema_validation_failed"(file:///C:/SnehProjects/DemoProject/Demo_APIFramework/src/test/resources/features/Routing_Type.feature:44)
]]>
    </failure>
  </testcase> <!-- runScenario -->
  <testcase classname="io.cucumber.testng.AbstractTestNGCucumberTests" name="runScenario" time="0.82"/>
  <testcase classname="io.cucumber.testng.AbstractTestNGCucumberTests" name="runScenario" time="0.869"/>
  <testcase classname="io.cucumber.testng.AbstractTestNGCucumberTests" name="runScenario" time="0.997"/>
  <testcase classname="io.cucumber.testng.AbstractTestNGCucumberTests" name="runScenario" time="0.857"/>
  <testcase classname="io.cucumber.testng.AbstractTestNGCucumberTests" name="runScenario" time="0.932">
    <failure type="java.lang.AssertionError" message="The following asserts failed:
	expected [Length of &amp;apos;swift_code&amp;apos; should be either 8 or 11] but found [Should be a valid and supported SWIFT code / BIC]">
      <![CDATA[java.lang.AssertionError: The following asserts failed:
expected [Length of 'swift_code' should be either 8 or 11] but found [Should be a valid and supported SWIFT code / BIC]
at stepDefinitions.Then_Steps.after(Then_Steps.java:30)
... Removed 2 stack frames]]>
    </failure>
  </testcase> <!-- runScenario -->
  <testcase classname="io.cucumber.testng.AbstractTestNGCucumberTests" name="runScenario" time="0.891">
    <failure type="java.lang.AssertionError" message="The following asserts failed:
	expected [Length of &amp;apos;swift_code&amp;apos; should be either 8 or 11] but found [Should be a valid and supported SWIFT code / BIC]">
      <![CDATA[java.lang.AssertionError: The following asserts failed:
expected [Length of 'swift_code' should be either 8 or 11] but found [Should be a valid and supported SWIFT code / BIC]
at stepDefinitions.Then_Steps.after(Then_Steps.java:30)
... Removed 2 stack frames]]>
    </failure>
  </testcase> <!-- runScenario -->
  <testcase classname="io.cucumber.testng.AbstractTestNGCucumberTests" name="runScenario" time="0.911">
    <failure type="java.lang.AssertionError" message="The following asserts failed:
	expected [The swift code is not valid for the given bank country code: &amp;lt;Bank_country_code&amp;gt;] but found [Should be a valid and supported SWIFT code / BIC]">
      <![CDATA[java.lang.AssertionError: The following asserts failed:
expected [The swift code is not valid for the given bank country code: <Bank_country_code>] but found [Should be a valid and supported SWIFT code / BIC]
at stepDefinitions.Then_Steps.after(Then_Steps.java:30)
... Removed 2 stack frames]]>
    </failure>
  </testcase> <!-- runScenario -->
  <testcase classname="io.cucumber.testng.AbstractTestNGCucumberTests" name="runScenario" time="1.015">
    <failure type="java.lang.AssertionError" message="The following asserts failed:
	expected [The swift code is not valid for the given bank country code: &amp;lt;Bank_country_code&amp;gt;] but found [Should be a valid and supported SWIFT code / BIC]">
      <![CDATA[java.lang.AssertionError: The following asserts failed:
expected [The swift code is not valid for the given bank country code: <Bank_country_code>] but found [Should be a valid and supported SWIFT code / BIC]
at stepDefinitions.Then_Steps.after(Then_Steps.java:30)
... Removed 2 stack frames]]>
    </failure>
  </testcase> <!-- runScenario -->
  <testcase classname="io.cucumber.testng.AbstractTestNGCucumberTests" name="runScenario" time="0.942">
    <failure type="java.lang.AssertionError" message="The following asserts failed:
	expected [The swift code is not valid for the given bank country code: &amp;lt;Bank_country_code&amp;gt;] but found [Should be a valid and supported SWIFT code / BIC]">
      <![CDATA[java.lang.AssertionError: The following asserts failed:
expected [The swift code is not valid for the given bank country code: <Bank_country_code>] but found [Should be a valid and supported SWIFT code / BIC]
at stepDefinitions.Then_Steps.after(Then_Steps.java:30)
... Removed 2 stack frames]]>
    </failure>
  </testcase> <!-- runScenario -->
  <testcase classname="io.cucumber.testng.AbstractTestNGCucumberTests" name="runScenario" time="1.007">
    <failure type="java.lang.AssertionError" message="The following asserts failed:
	expected [The swift code is not valid for the given bank country code: &amp;lt;Bank_country_code&amp;gt;] but found [Should be a valid and supported SWIFT code / BIC]">
      <![CDATA[java.lang.AssertionError: The following asserts failed:
expected [The swift code is not valid for the given bank country code: <Bank_country_code>] but found [Should be a valid and supported SWIFT code / BIC]
at stepDefinitions.Then_Steps.after(Then_Steps.java:30)
... Removed 2 stack frames]]>
    </failure>
  </testcase> <!-- runScenario -->
  <testcase classname="io.cucumber.testng.AbstractTestNGCucumberTests" name="runScenario" time="0.924">
    <failure type="java.lang.AssertionError" message="The following asserts failed:
	expected [The swift code is not valid for the given bank country code: &amp;lt;Bank_country_code&amp;gt;] but found [The SWIFT code / BIC should match the bank location selected ]">
      <![CDATA[java.lang.AssertionError: The following asserts failed:
expected [The swift code is not valid for the given bank country code: <Bank_country_code>] but found [The SWIFT code / BIC should match the bank location selected ]
at stepDefinitions.Then_Steps.after(Then_Steps.java:30)
... Removed 2 stack frames]]>
    </failure>
  </testcase> <!-- runScenario -->
  <testcase classname="io.cucumber.testng.AbstractTestNGCucumberTests" name="runScenario" time="0.887">
    <failure type="java.lang.AssertionError" message="The following asserts failed:
	expected [The swift code is not valid for the given bank country code: &amp;lt;Bank_country_code&amp;gt;] but found [Should be a valid and supported SWIFT code / BIC]">
      <![CDATA[java.lang.AssertionError: The following asserts failed:
expected [The swift code is not valid for the given bank country code: <Bank_country_code>] but found [Should be a valid and supported SWIFT code / BIC]
at stepDefinitions.Then_Steps.after(Then_Steps.java:30)
... Removed 2 stack frames]]>
    </failure>
  </testcase> <!-- runScenario -->
  <testcase classname="io.cucumber.testng.AbstractTestNGCucumberTests" name="runScenario" time="0.953">
    <failure type="java.lang.AssertionError" message="The following asserts failed:
	expected [The swift code is not valid for the given bank country code: &amp;lt;Bank_country_code&amp;gt;] but found [The SWIFT code / BIC should match the bank location selected ]">
      <![CDATA[java.lang.AssertionError: The following asserts failed:
expected [The swift code is not valid for the given bank country code: <Bank_country_code>] but found [The SWIFT code / BIC should match the bank location selected ]
at stepDefinitions.Then_Steps.after(Then_Steps.java:30)
... Removed 2 stack frames]]>
    </failure>
  </testcase> <!-- runScenario -->
  <testcase classname="io.cucumber.testng.AbstractTestNGCucumberTests" name="runScenario" time="1.012">
    <failure type="java.lang.AssertionError" message="The following asserts failed:
	expected [The swift code is not valid for the given bank country code: &amp;lt;Bank_country_code&amp;gt;] but found [The SWIFT code / BIC should match the bank location selected ]">
      <![CDATA[java.lang.AssertionError: The following asserts failed:
expected [The swift code is not valid for the given bank country code: <Bank_country_code>] but found [The SWIFT code / BIC should match the bank location selected ]
at stepDefinitions.Then_Steps.after(Then_Steps.java:30)
... Removed 2 stack frames]]>
    </failure>
  </testcase> <!-- runScenario -->
  <testcase classname="io.cucumber.testng.AbstractTestNGCucumberTests" name="runScenario" time="0.847"/>
  <testcase classname="io.cucumber.testng.AbstractTestNGCucumberTests" name="runScenario" time="0.803"/>
</testsuite> <!-- Surefire test -->
