<?xml version="1.0" encoding="UTF-8"?>
<testsuite xmlns:xsi="http://www.w3.org/2001/XMLSchema-instance" xsi:noNamespaceSchemaLocation="https://maven.apache.org/surefire/maven-surefire-plugin/xsd/surefire-test-report-3.0.xsd" version="3.0" name="cucumber.Options.RunCucumberTests" time="92.079" tests="75" errors="0" skipped="0" failures="32">
  <properties>
[...]
</properties>
  <testcase name="runScenario[&quot;Validates beneficiary is not added when account_name key is missing from bankdetails jsonobject&quot;, &quot;Optional[Validates Account_Name in Bank_details]&quot;](1)" classname="cucumber.Options.RunCucumberTests" time="5.747">
    <system-out><![CDATA[
@SchemaValidation
Scenario: Validates beneficiary is not added when account_name key is missing from bankdetails jsonobject &amp#27;[90m# src/test/resources/features/Account_Name.feature:7&amp#27;[0m
2021-08-23 10:54:18,337 [INFO  ] Log - -----------------------------------------------------------------------------------------
2021-08-23 10:54:18,341 [INFO  ] Log - >> Validates beneficiary is not added when account_name key is missing from bankdetails jsonobject
2021-08-23 10:54:18,342 [INFO  ] Log - -----------------------------------------------------------------------------------------
2021-08-23 10:54:21,210 [INFO  ] Log - >> Token Created
  &amp#27;[32mGiven &amp#27;[0m&amp#27;[32mI am authorized user&amp#27;[0m                                                                              &amp#27;[90m# stepDefinitions.Generic_Steps.i_am_authorized_user()&amp#27;[0m
2021-08-23 10:54:21,212 [INFO  ] Log - >> Request PayLoad Created with all keys, except without  account_name Code key

    Request Payload : {
        "payment_methods": ["SWIFT"],
        "beneficiary": {
            "address": {
                "country_code": "US",
                "street_address": "412 5th Avenue",
                "city": "Seattle",
                "postcode": "98104",
                "state": "Washington"
            },
            "entity_type": "COMPANY",
            "additional_info": {"personal_email": "john.walker@gmail.com"},
            "bank_details": {
                "account_number": "502231121",
                "account_currency": "USD",
                "bank_country_code": "US",
                "swift_code": "CHASUS33",
                "bank_name": "JP Morgan Chase Bank",
                "account_routing_value1": "907765701",
                "account_routing_type1": "aba"
            },
            "company_name": "ABC University"
        },
        "nickname": "ABC University",
        "payer_entity_type": "PERSONAL"
    }

  &amp#27;[32mAnd &amp#27;[0m&amp#27;[32mI create request payload with valid data for all keys without &amp#27;[0m&amp#27;[32m&amp#27;[1m"account_name"&amp#27;[0m                        &amp#27;[90m# stepDefinitions.Generic_Steps.i_create_request_payload_with_valid_data_for_all_keys_without_bank_country_code(java.lang.String)&amp#27;[0m
2021-08-23 10:54:22,433 [INFO  ] Log - >> Request PayLoad is posted

    Response : {
        "code": "payment_schema_validation_failed",
        "message": "This field is required",
        "source": "beneficiary.bank_details.account_name"
    }

  &amp#27;[32mWhen &amp#27;[0m&amp#27;[32mI perform post on CreateBeneficiary endpoint&amp#27;[0m                                                       &amp#27;[90m# stepDefinitions.Generic_Steps.i_perform_post_on_create_beneficiary_endpoint()&amp#27;[0m
2021-08-23 10:54:22,484 [INFO  ] Log - >> Response status code is 400
  &amp#27;[32mThen &amp#27;[0m&amp#27;[32mResponse status code is &amp#27;[0m&amp#27;[32m&amp#27;[1m400&amp#27;[0m                                                                        &amp#27;[90m# stepDefinitions.Generic_Steps.response_status_code_is(java.lang.Integer)&amp#27;[0m
2021-08-23 10:54:22,487 [INFO  ] Log - >> Response status line is HTTP/1.1 400 Bad Request
  &amp#27;[32mAnd &amp#27;[0m&amp#27;[32mResponse status line is &amp#27;[0m&amp#27;[32m&amp#27;[1m"Bad Request"&amp#27;[0m                                                               &amp#27;[90m# stepDefinitions.Generic_Steps.response_status_line_is(java.lang.String)&amp#27;[0m
2021-08-23 10:54:22,525 [INFO  ] Log - >> Response code contains value payment_schema_validation_failed
  &amp#27;[32mAnd &amp#27;[0m&amp#27;[32mResponse &amp#27;[0m&amp#27;[32m&amp#27;[1m"code"&amp#27;[0m&amp#27;[32m has value &amp#27;[0m&amp#27;[32m&amp#27;[1m"payment_schema_validation_failed"&amp#27;[0m                                        &amp#27;[90m# stepDefinitions.Generic_Steps.response_contains_value(java.lang.String,java.lang.String)&amp#27;[0m
2021-08-23 10:54:22,593 [INFO  ] Log - >> Response message contains value This field is required
  &amp#27;[32mAnd &amp#27;[0m&amp#27;[32mResponse &amp#27;[0m&amp#27;[32m&amp#27;[1m"message"&amp#27;[0m&amp#27;[32m has value &amp#27;[0m&amp#27;[32m&amp#27;[1m"This field is required"&amp#27;[0m                                               &amp#27;[90m# stepDefinitions.Generic_Steps.response_contains_value(java.lang.String,java.lang.String)&amp#27;[0m
2021-08-23 10:54:22,626 [INFO  ] Log - >> Response source contains value beneficiary.bank_details.account_name
  &amp#27;[32mAnd &amp#27;[0m&amp#27;[32mResponse &amp#27;[0m&amp#27;[32m&amp#27;[1m"source"&amp#27;[0m&amp#27;[32m has value &amp#27;[0m&amp#27;[32m&amp#27;[1m"beneficiary.bank_details.account_name"&amp#27;[0m                                 &amp#27;[90m# stepDefinitions.Generic_Steps.response_contains_value(java.lang.String,java.lang.String)&amp#27;[0m
]]></system-out>
  </testcase>
  <testcase name="runScenario[&quot;Validates beneficiary is not added when account_name value is Empty&quot;, &quot;Optional[Validates Account_Name in Bank_details]&quot;](2)" classname="cucumber.Options.RunCucumberTests" time="1.879">
    <system-out><![CDATA[
@SchemaValidation
Scenario: Validates beneficiary is not added when account_name value is Empty              &amp#27;[90m# src/test/resources/features/Account_Name.feature:17&amp#27;[0m
2021-08-23 10:54:22,689 [INFO  ] Log - -----------------------------------------------------------------------------------------
2021-08-23 10:54:22,689 [INFO  ] Log - >> Validates beneficiary is not added when account_name value is Empty
2021-08-23 10:54:22,689 [INFO  ] Log - -----------------------------------------------------------------------------------------
2021-08-23 10:54:23,870 [INFO  ] Log - >> Token Created
  &amp#27;[32mGiven &amp#27;[0m&amp#27;[32mI am authorized user&amp#27;[0m                                                               &amp#27;[90m# stepDefinitions.Generic_Steps.i_am_authorized_user()&amp#27;[0m
2021-08-23 10:54:23,873 [INFO  ] Log - >> Request PayLoad Created with all keys, with account_name value is Empty

    Request Payload : {
        "payment_methods": ["SWIFT"],
        "beneficiary": {
            "address": {
                "country_code": "US",
                "street_address": "412 5th Avenue",
                "city": "Seattle",
                "postcode": "98104",
                "state": "Washington"
            },
            "entity_type": "COMPANY",
            "additional_info": {"personal_email": "john.walker@gmail.com"},
            "bank_details": {
                "account_number": "502231121",
                "account_currency": "USD",
                "bank_country_code": "US",
                "swift_code": "CHASUS33",
                "account_name": "",
                "bank_name": "JP Morgan Chase Bank",
                "account_routing_value1": "907765701",
                "account_routing_type1": "aba"
            },
            "company_name": "ABC University"
        },
        "nickname": "ABC University",
        "payer_entity_type": "PERSONAL"
    }

  &amp#27;[32mAnd &amp#27;[0m&amp#27;[32mI create request payload with valid data for all keys with &amp#27;[0m&amp#27;[32m&amp#27;[1m"account_name"&amp#27;[0m&amp#27;[32m is &amp#27;[0m&amp#27;[32m&amp#27;[1m"Empty"&amp#27;[0m &amp#27;[90m# stepDefinitions.Generic_Steps.i_create_request_payload_with_valid_data_for_all_keys_with_bank_country_code_is(java.lang.String,java.lang.String)&amp#27;[0m
2021-08-23 10:54:24,353 [INFO  ] Log - >> Request PayLoad is posted

    Response : {
        "code": "payment_schema_validation_failed",
        "message": "This field is required",
        "source": "beneficiary.bank_details.account_name"
    }

  &amp#27;[32mWhen &amp#27;[0m&amp#27;[32mI perform post on CreateBeneficiary endpoint&amp#27;[0m                                        &amp#27;[90m# stepDefinitions.Generic_Steps.i_perform_post_on_create_beneficiary_endpoint()&amp#27;[0m
2021-08-23 10:54:24,365 [INFO  ] Log - >> Response status code is 400
  &amp#27;[32mThen &amp#27;[0m&amp#27;[32mResponse status code is &amp#27;[0m&amp#27;[32m&amp#27;[1m400&amp#27;[0m                                                         &amp#27;[90m# stepDefinitions.Generic_Steps.response_status_code_is(java.lang.Integer)&amp#27;[0m
2021-08-23 10:54:24,366 [INFO  ] Log - >> Response status line is HTTP/1.1 400 Bad Request
  &amp#27;[32mAnd &amp#27;[0m&amp#27;[32mResponse status line is &amp#27;[0m&amp#27;[32m&amp#27;[1m"Bad Request"&amp#27;[0m                                                &amp#27;[90m# stepDefinitions.Generic_Steps.response_status_line_is(java.lang.String)&amp#27;[0m
2021-08-23 10:54:24,391 [INFO  ] Log - >> Response code contains value payment_schema_validation_failed
  &amp#27;[32mAnd &amp#27;[0m&amp#27;[32mResponse &amp#27;[0m&amp#27;[32m&amp#27;[1m"code"&amp#27;[0m&amp#27;[32m has value &amp#27;[0m&amp#27;[32m&amp#27;[1m"payment_schema_validation_failed"&amp#27;[0m                         &amp#27;[90m# stepDefinitions.Generic_Steps.response_contains_value(java.lang.String,java.lang.String)&amp#27;[0m
2021-08-23 10:54:24,441 [INFO  ] Log - >> Response message contains value This field is required
  &amp#27;[32mAnd &amp#27;[0m&amp#27;[32mResponse &amp#27;[0m&amp#27;[32m&amp#27;[1m"message"&amp#27;[0m&amp#27;[32m has value &amp#27;[0m&amp#27;[32m&amp#27;[1m"This field is required"&amp#27;[0m                                &amp#27;[90m# stepDefinitions.Generic_Steps.response_contains_value(java.lang.String,java.lang.String)&amp#27;[0m
2021-08-23 10:54:24,497 [INFO  ] Log - >> Response source contains value beneficiary.bank_details.account_name
  &amp#27;[32mAnd &amp#27;[0m&amp#27;[32mResponse &amp#27;[0m&amp#27;[32m&amp#27;[1m"source"&amp#27;[0m&amp#27;[32m has value &amp#27;[0m&amp#27;[32m&amp#27;[1m"beneficiary.bank_details.account_name"&amp#27;[0m                  &amp#27;[90m# stepDefinitions.Generic_Steps.response_contains_value(java.lang.String,java.lang.String)&amp#27;[0m
]]></system-out>
  </testcase>
  <testcase name="runScenario[&quot;Validate error response is returned for &quot;bank_country_code&quot; US when &quot;account_name&quot; U has invalid no. of characters 1&quot;, &quot;Optional[Validates Account_Name in Bank_details]&quot;](3)" classname="cucumber.Options.RunCucumberTests" time="1.899">
    <failure message="The following asserts failed:&#10;	expected [Length of account_number should be between 2 and 10 when bank_country_code is US] but found [Should contain 2 to 200 characters],&#10;	expected [Should contain 2 to 10 characters] but found [Should contain 2 to 200 characters]" type="java.lang.AssertionError"><![CDATA[java.lang.AssertionError: 
The following asserts failed:
	expected [Length of account_number should be between 2 and 10 when bank_country_code is US] but found [Should contain 2 to 200 characters],
	expected [Should contain 2 to 10 characters] but found [Should contain 2 to 200 characters]
]]></failure>
    <system-out><![CDATA[
@RequirementMismatch-AcctNameLength @RequirementMismatch-ImproperResponseMessage
Scenario Outline: Validate error response is returned for "bank_country_code" US when "account_name" U has invalid no. of characters 1 &amp#27;[90m# src/test/resources/features/Account_Name.feature:39&amp#27;[0m
2021-08-23 10:54:24,584 [INFO  ] Log - -----------------------------------------------------------------------------------------
2021-08-23 10:54:24,584 [INFO  ] Log - >> Validate error response is returned for "bank_country_code" US when "account_name" U has invalid no. of characters 1
2021-08-23 10:54:24,585 [INFO  ] Log - -----------------------------------------------------------------------------------------
2021-08-23 10:54:25,110 [INFO  ] Log - >> Token Created
  &amp#27;[32mGiven &amp#27;[0m&amp#27;[32mI am authorized user&amp#27;[0m                                                                                                           &amp#27;[90m# stepDefinitions.Generic_Steps.i_am_authorized_user()&amp#27;[0m
2021-08-23 10:54:25,111 [INFO  ] Log - >> Request PayLoad Created

    Request Payload : {
        "payment_methods": ["SWIFT"],
        "beneficiary": {
            "address": {
                "country_code": "US",
                "street_address": "412 5th Avenue",
                "city": "Seattle",
                "postcode": "98104",
                "state": "Washington"
            },
            "entity_type": "COMPANY",
            "additional_info": {"personal_email": "john.walker@gmail.com"},
            "bank_details": {
                "account_number": "502231121",
                "account_currency": "USD",
                "bank_country_code": "US",
                "swift_code": "CHASUS33",
                "account_name": "U",
                "bank_name": "JP Morgan Chase Bank",
                "account_routing_value1": "907765701",
                "account_routing_type1": "aba"
            },
            "company_name": "ABC University"
        },
        "nickname": "ABC University",
        "payer_entity_type": "PERSONAL"
    }

  &amp#27;[32mAnd &amp#27;[0m&amp#27;[32mI create request payload with valid data for all keys with &amp#27;[0m&amp#27;[32m&amp#27;[1m"bank_country_code"&amp#27;[0m&amp#27;[32m is &amp#27;[0m&amp#27;[32m&amp#27;[1m"US"&amp#27;[0m&amp#27;[32m &amp#27;[0m&amp#27;[32m&amp#27;[1m"account_name"&amp#27;[0m&amp#27;[32m is &amp#27;[0m&amp#27;[32m&amp#27;[1m"U"&amp#27;[0m                     &amp#27;[90m# stepDefinitions.Generic_Steps.i_create_request_payload_with_valid_data_for_all_keys_with_is_is(java.lang.String,java.lang.String,java.lang.String,java.lang.String)&amp#27;[0m
2021-08-23 10:54:26,287 [INFO  ] Log - >> Request PayLoad is posted

    Response : {
        "code": "payment_schema_validation_failed",
        "message": "Should contain 2 to 200 characters",
        "source": "beneficiary.bank_details.account_name"
    }

  &amp#27;[32mWhen &amp#27;[0m&amp#27;[32mI perform post on CreateBeneficiary endpoint&amp#27;[0m                                                                                    &amp#27;[90m# stepDefinitions.Generic_Steps.i_perform_post_on_create_beneficiary_endpoint()&amp#27;[0m
2021-08-23 10:54:26,290 [INFO  ] Log - >> Response status code is 400
  &amp#27;[32mThen &amp#27;[0m&amp#27;[32mResponse status code is &amp#27;[0m&amp#27;[32m&amp#27;[1m400&amp#27;[0m                                                                                                     &amp#27;[90m# stepDefinitions.Generic_Steps.response_status_code_is(java.lang.Integer)&amp#27;[0m
2021-08-23 10:54:26,291 [INFO  ] Log - >> Response status line is HTTP/1.1 400 Bad Request
  &amp#27;[32mAnd &amp#27;[0m&amp#27;[32mResponse status line is &amp#27;[0m&amp#27;[32m&amp#27;[1m"Bad Request"&amp#27;[0m                                                                                            &amp#27;[90m# stepDefinitions.Generic_Steps.response_status_line_is(java.lang.String)&amp#27;[0m
2021-08-23 10:54:26,323 [INFO  ] Log - >> Response code contains value payment_schema_validation_failed
  &amp#27;[32mAnd &amp#27;[0m&amp#27;[32mResponse &amp#27;[0m&amp#27;[32m&amp#27;[1m"code"&amp#27;[0m&amp#27;[32m has value &amp#27;[0m&amp#27;[32m&amp#27;[1m"payment_schema_validation_failed"&amp#27;[0m                                                                     &amp#27;[90m# stepDefinitions.Generic_Steps.response_contains_value(java.lang.String,java.lang.String)&amp#27;[0m
2021-08-23 10:54:26,357 [INFO  ] Log - >> Response message contains value Should contain 2 to 200 characters
  &amp#27;[32mAnd &amp#27;[0m&amp#27;[32mResponse &amp#27;[0m&amp#27;[32m&amp#27;[1m"message"&amp#27;[0m&amp#27;[32m has value &amp#27;[0m&amp#27;[32m&amp#27;[1m"Length of account_number should be between 2 and 10 when bank_country_code is US"&amp#27;[0m                  &amp#27;[90m# stepDefinitions.Generic_Steps.response_contains_value(java.lang.String,java.lang.String)&amp#27;[0m
2021-08-23 10:54:26,390 [INFO  ] Log - >> Response message contains value Should contain 2 to 200 characters
  &amp#27;[32mAnd &amp#27;[0m&amp#27;[32mResponse &amp#27;[0m&amp#27;[32m&amp#27;[1m"message"&amp#27;[0m&amp#27;[32m has value &amp#27;[0m&amp#27;[32m&amp#27;[1m"Should contain 2 to 10 characters"&amp#27;[0m                                                                 &amp#27;[90m# stepDefinitions.Generic_Steps.response_contains_value(java.lang.String,java.lang.String)&amp#27;[0m
2021-08-23 10:54:26,422 [INFO  ] Log - >> Response source contains value beneficiary.bank_details.account_name
  &amp#27;[32mAnd &amp#27;[0m&amp#27;[32mResponse &amp#27;[0m&amp#27;[32m&amp#27;[1m"source"&amp#27;[0m&amp#27;[32m has value &amp#27;[0m&amp#27;[32m&amp#27;[1m"beneficiary.bank_details.account_name"&amp#27;[0m                                                              &amp#27;[90m# stepDefinitions.Generic_Steps.response_contains_value(java.lang.String,java.lang.String)&amp#27;[0m
      &amp#27;[31mjava.lang.AssertionError: The following asserts failed:
	expected [Length of account_number should be between 2 and 10 when bank_country_code is US] but found [Should contain 2 to 200 characters],
	expected [Should contain 2 to 10 characters] but found [Should contain 2 to 200 characters]
	at org.testng.asserts.SoftAssert.assertAll(SoftAssert.java:47)
	at org.testng.asserts.SoftAssert.assertAll(SoftAssert.java:31)
	at stepDefinitions.Generic_Steps.after(Generic_Steps.java:38)
&amp#27;[0m
]]></system-out>
  </testcase>
  <testcase name="runScenario[&quot;Validate error response is returned for &quot;bank_country_code&quot; AU when &quot;account_name&quot; a has invalid no. of characters 1&quot;, &quot;Optional[Validates Account_Name in Bank_details]&quot;](4)" classname="cucumber.Options.RunCucumberTests" time="2.452">
    <failure message="The following asserts failed:&#10;	expected [Length of account_number should be between 2 and 10 when bank_country_code is AU] but found [Should contain 2 to 200 characters],&#10;	expected [Should contain 2 to 10 characters] but found [Should contain 2 to 200 characters]" type="java.lang.AssertionError"><![CDATA[java.lang.AssertionError: 
The following asserts failed:
	expected [Length of account_number should be between 2 and 10 when bank_country_code is AU] but found [Should contain 2 to 200 characters],
	expected [Should contain 2 to 10 characters] but found [Should contain 2 to 200 characters]
]]></failure>
    <system-out><![CDATA[
@RequirementMismatch-AcctNameLength @RequirementMismatch-ImproperResponseMessage
Scenario Outline: Validate error response is returned for "bank_country_code" AU when "account_name" a has invalid no. of characters 1 &amp#27;[90m# src/test/resources/features/Account_Name.feature:40&amp#27;[0m
2021-08-23 10:54:26,451 [INFO  ] Log - -----------------------------------------------------------------------------------------
2021-08-23 10:54:26,451 [INFO  ] Log - >> Validate error response is returned for "bank_country_code" AU when "account_name" a has invalid no. of characters 1
2021-08-23 10:54:26,452 [INFO  ] Log - -----------------------------------------------------------------------------------------
2021-08-23 10:54:27,618 [INFO  ] Log - >> Token Created
  &amp#27;[32mGiven &amp#27;[0m&amp#27;[32mI am authorized user&amp#27;[0m                                                                                                           &amp#27;[90m# stepDefinitions.Generic_Steps.i_am_authorized_user()&amp#27;[0m
2021-08-23 10:54:27,620 [INFO  ] Log - >> Request PayLoad Created

    Request Payload : {
        "payment_methods": ["SWIFT"],
        "beneficiary": {
            "address": {
                "country_code": "AU",
                "street_address": "412 5th Avenue",
                "city": "Seattle",
                "postcode": "98104",
                "state": "Washington"
            },
            "entity_type": "COMPANY",
            "additional_info": {"personal_email": "john.walker@gmail.com"},
            "bank_details": {
                "account_number": "12750852",
                "account_currency": "AUD",
                "bank_country_code": "AU",
                "swift_code": "CTBAAU2S",
                "account_name": "a",
                "iban": "ES8023100001180000012345",
                "bank_name": "National Australia Bank",
                "account_routing_value1": "083064",
                "transaction_reference": "4140110135",
                "local_clearing_system": "ACH",
                "account_routing_type1": "bsb"
            },
            "company_name": "ABC University"
        },
        "nickname": "ABC University",
        "payer_entity_type": "PERSONAL"
    }

  &amp#27;[32mAnd &amp#27;[0m&amp#27;[32mI create request payload with valid data for all keys with &amp#27;[0m&amp#27;[32m&amp#27;[1m"bank_country_code"&amp#27;[0m&amp#27;[32m is &amp#27;[0m&amp#27;[32m&amp#27;[1m"AU"&amp#27;[0m&amp#27;[32m &amp#27;[0m&amp#27;[32m&amp#27;[1m"account_name"&amp#27;[0m&amp#27;[32m is &amp#27;[0m&amp#27;[32m&amp#27;[1m"a"&amp#27;[0m                     &amp#27;[90m# stepDefinitions.Generic_Steps.i_create_request_payload_with_valid_data_for_all_keys_with_is_is(java.lang.String,java.lang.String,java.lang.String,java.lang.String)&amp#27;[0m
2021-08-23 10:54:28,764 [INFO  ] Log - >> Request PayLoad is posted

    Response : {
        "code": "payment_schema_validation_failed",
        "message": "Should contain 2 to 200 characters",
        "source": "beneficiary.bank_details.account_name"
    }

  &amp#27;[32mWhen &amp#27;[0m&amp#27;[32mI perform post on CreateBeneficiary endpoint&amp#27;[0m                                                                                    &amp#27;[90m# stepDefinitions.Generic_Steps.i_perform_post_on_create_beneficiary_endpoint()&amp#27;[0m
2021-08-23 10:54:28,769 [INFO  ] Log - >> Response status code is 400
  &amp#27;[32mThen &amp#27;[0m&amp#27;[32mResponse status code is &amp#27;[0m&amp#27;[32m&amp#27;[1m400&amp#27;[0m                                                                                                     &amp#27;[90m# stepDefinitions.Generic_Steps.response_status_code_is(java.lang.Integer)&amp#27;[0m
2021-08-23 10:54:28,771 [INFO  ] Log - >> Response status line is HTTP/1.1 400 Bad Request
  &amp#27;[32mAnd &amp#27;[0m&amp#27;[32mResponse status line is &amp#27;[0m&amp#27;[32m&amp#27;[1m"Bad Request"&amp#27;[0m                                                                                            &amp#27;[90m# stepDefinitions.Generic_Steps.response_status_line_is(java.lang.String)&amp#27;[0m
2021-08-23 10:54:28,794 [INFO  ] Log - >> Response code contains value payment_schema_validation_failed
  &amp#27;[32mAnd &amp#27;[0m&amp#27;[32mResponse &amp#27;[0m&amp#27;[32m&amp#27;[1m"code"&amp#27;[0m&amp#27;[32m has value &amp#27;[0m&amp#27;[32m&amp#27;[1m"payment_schema_validation_failed"&amp#27;[0m                                                                     &amp#27;[90m# stepDefinitions.Generic_Steps.response_contains_value(java.lang.String,java.lang.String)&amp#27;[0m
2021-08-23 10:54:28,823 [INFO  ] Log - >> Response message contains value Should contain 2 to 200 characters
  &amp#27;[32mAnd &amp#27;[0m&amp#27;[32mResponse &amp#27;[0m&amp#27;[32m&amp#27;[1m"message"&amp#27;[0m&amp#27;[32m has value &amp#27;[0m&amp#27;[32m&amp#27;[1m"Length of account_number should be between 2 and 10 when bank_country_code is AU"&amp#27;[0m                  &amp#27;[90m# stepDefinitions.Generic_Steps.response_contains_value(java.lang.String,java.lang.String)&amp#27;[0m
2021-08-23 10:54:28,860 [INFO  ] Log - >> Response message contains value Should contain 2 to 200 characters
  &amp#27;[32mAnd &amp#27;[0m&amp#27;[32mResponse &amp#27;[0m&amp#27;[32m&amp#27;[1m"message"&amp#27;[0m&amp#27;[32m has value &amp#27;[0m&amp#27;[32m&amp#27;[1m"Should contain 2 to 10 characters"&amp#27;[0m                                                                 &amp#27;[90m# stepDefinitions.Generic_Steps.response_contains_value(java.lang.String,java.lang.String)&amp#27;[0m
2021-08-23 10:54:28,889 [INFO  ] Log - >> Response source contains value beneficiary.bank_details.account_name
  &amp#27;[32mAnd &amp#27;[0m&amp#27;[32mResponse &amp#27;[0m&amp#27;[32m&amp#27;[1m"source"&amp#27;[0m&amp#27;[32m has value &amp#27;[0m&amp#27;[32m&amp#27;[1m"beneficiary.bank_details.account_name"&amp#27;[0m                                                              &amp#27;[90m# stepDefinitions.Generic_Steps.response_contains_value(java.lang.String,java.lang.String)&amp#27;[0m
      &amp#27;[31mjava.lang.AssertionError: The following asserts failed:
	expected [Length of account_number should be between 2 and 10 when bank_country_code is AU] but found [Should contain 2 to 200 characters],
	expected [Should contain 2 to 10 characters] but found [Should contain 2 to 200 characters]
	at org.testng.asserts.SoftAssert.assertAll(SoftAssert.java:47)
	at org.testng.asserts.SoftAssert.assertAll(SoftAssert.java:31)
	at stepDefinitions.Generic_Steps.after(Generic_Steps.java:38)
&amp#27;[0m
]]></system-out>
  </testcase>
  <testcase name="runScenario[&quot;Validate error response is returned for &quot;bank_country_code&quot; CN when &quot;account_name&quot; G has invalid no. of characters 1&quot;, &quot;Optional[Validates Account_Name in Bank_details]&quot;](5)" classname="cucumber.Options.RunCucumberTests" time="2.551">
    <failure message="The following asserts failed:&#10;	expected [Length of account_number should be between 2 and 10 when bank_country_code is CN] but found [Should contain 2 to 200 characters],&#10;	expected [Should contain 2 to 10 characters] but found [Should contain 2 to 200 characters]" type="java.lang.AssertionError"><![CDATA[java.lang.AssertionError: 
The following asserts failed:
	expected [Length of account_number should be between 2 and 10 when bank_country_code is CN] but found [Should contain 2 to 200 characters],
	expected [Should contain 2 to 10 characters] but found [Should contain 2 to 200 characters]
]]></failure>
    <system-out><![CDATA[
@RequirementMismatch-AcctNameLength @RequirementMismatch-ImproperResponseMessage
Scenario Outline: Validate error response is returned for "bank_country_code" CN when "account_name" G has invalid no. of characters 1 &amp#27;[90m# src/test/resources/features/Account_Name.feature:41&amp#27;[0m
2021-08-23 10:54:28,935 [INFO  ] Log - -----------------------------------------------------------------------------------------
2021-08-23 10:54:28,935 [INFO  ] Log - >> Validate error response is returned for "bank_country_code" CN when "account_name" G has invalid no. of characters 1
2021-08-23 10:54:28,935 [INFO  ] Log - -----------------------------------------------------------------------------------------
2021-08-23 10:54:30,122 [INFO  ] Log - >> Token Created
  &amp#27;[32mGiven &amp#27;[0m&amp#27;[32mI am authorized user&amp#27;[0m                                                                                                           &amp#27;[90m# stepDefinitions.Generic_Steps.i_am_authorized_user()&amp#27;[0m
2021-08-23 10:54:30,128 [INFO  ] Log - >> Request PayLoad Created

    Request Payload : {
        "payment_methods": ["SWIFT"],
        "beneficiary": {
            "address": {
                "country_code": "CN",
                "street_address": "412 5th Avenue",
                "city": "Seattle",
                "postcode": "98104",
                "state": "Washington"
            },
            "entity_type": "COMPANY",
            "additional_info": {"personal_email": "john.walker@gmail.com"},
            "bank_details": {
                "account_number": "12750852",
                "account_currency": "CAD",
                "bank_country_code": "CN",
                "swift_code": "ICBKCNBJ",
                "account_name": "G",
                "iban": "ES8023100001180000012345",
                "bank_name": "National Canadian Bank",
                "account_routing_value1": "083064",
                "transaction_reference": "4140110135",
                "local_clearing_system": "ACH",
                "account_routing_type1": "aba"
            },
            "company_name": "ABC University"
        },
        "nickname": "ABC University",
        "payer_entity_type": "PERSONAL"
    }

  &amp#27;[32mAnd &amp#27;[0m&amp#27;[32mI create request payload with valid data for all keys with &amp#27;[0m&amp#27;[32m&amp#27;[1m"bank_country_code"&amp#27;[0m&amp#27;[32m is &amp#27;[0m&amp#27;[32m&amp#27;[1m"CN"&amp#27;[0m&amp#27;[32m &amp#27;[0m&amp#27;[32m&amp#27;[1m"account_name"&amp#27;[0m&amp#27;[32m is &amp#27;[0m&amp#27;[32m&amp#27;[1m"G"&amp#27;[0m                     &amp#27;[90m# stepDefinitions.Generic_Steps.i_create_request_payload_with_valid_data_for_all_keys_with_is_is(java.lang.String,java.lang.String,java.lang.String,java.lang.String)&amp#27;[0m
2021-08-23 10:54:31,321 [INFO  ] Log - >> Request PayLoad is posted

    Response : {
        "code": "payment_schema_validation_failed",
        "message": "Should contain 2 to 200 characters",
        "source": "beneficiary.bank_details.account_name"
    }

  &amp#27;[32mWhen &amp#27;[0m&amp#27;[32mI perform post on CreateBeneficiary endpoint&amp#27;[0m                                                                                    &amp#27;[90m# stepDefinitions.Generic_Steps.i_perform_post_on_create_beneficiary_endpoint()&amp#27;[0m
2021-08-23 10:54:31,325 [INFO  ] Log - >> Response status code is 400
  &amp#27;[32mThen &amp#27;[0m&amp#27;[32mResponse status code is &amp#27;[0m&amp#27;[32m&amp#27;[1m400&amp#27;[0m                                                                                                     &amp#27;[90m# stepDefinitions.Generic_Steps.response_status_code_is(java.lang.Integer)&amp#27;[0m
2021-08-23 10:54:31,326 [INFO  ] Log - >> Response status line is HTTP/1.1 400 Bad Request
  &amp#27;[32mAnd &amp#27;[0m&amp#27;[32mResponse status line is &amp#27;[0m&amp#27;[32m&amp#27;[1m"Bad Request"&amp#27;[0m                                                                                            &amp#27;[90m# stepDefinitions.Generic_Steps.response_status_line_is(java.lang.String)&amp#27;[0m
2021-08-23 10:54:31,363 [INFO  ] Log - >> Response code contains value payment_schema_validation_failed
  &amp#27;[32mAnd &amp#27;[0m&amp#27;[32mResponse &amp#27;[0m&amp#27;[32m&amp#27;[1m"code"&amp#27;[0m&amp#27;[32m has value &amp#27;[0m&amp#27;[32m&amp#27;[1m"payment_schema_validation_failed"&amp#27;[0m                                                                     &amp#27;[90m# stepDefinitions.Generic_Steps.response_contains_value(java.lang.String,java.lang.String)&amp#27;[0m
2021-08-23 10:54:31,388 [INFO  ] Log - >> Response message contains value Should contain 2 to 200 characters
  &amp#27;[32mAnd &amp#27;[0m&amp#27;[32mResponse &amp#27;[0m&amp#27;[32m&amp#27;[1m"message"&amp#27;[0m&amp#27;[32m has value &amp#27;[0m&amp#27;[32m&amp#27;[1m"Length of account_number should be between 2 and 10 when bank_country_code is CN"&amp#27;[0m                  &amp#27;[90m# stepDefinitions.Generic_Steps.response_contains_value(java.lang.String,java.lang.String)&amp#27;[0m
2021-08-23 10:54:31,414 [INFO  ] Log - >> Response message contains value Should contain 2 to 200 characters
  &amp#27;[32mAnd &amp#27;[0m&amp#27;[32mResponse &amp#27;[0m&amp#27;[32m&amp#27;[1m"message"&amp#27;[0m&amp#27;[32m has value &amp#27;[0m&amp#27;[32m&amp#27;[1m"Should contain 2 to 10 characters"&amp#27;[0m                                                                 &amp#27;[90m# stepDefinitions.Generic_Steps.response_contains_value(java.lang.String,java.lang.String)&amp#27;[0m
2021-08-23 10:54:31,441 [INFO  ] Log - >> Response source contains value beneficiary.bank_details.account_name
  &amp#27;[32mAnd &amp#27;[0m&amp#27;[32mResponse &amp#27;[0m&amp#27;[32m&amp#27;[1m"source"&amp#27;[0m&amp#27;[32m has value &amp#27;[0m&amp#27;[32m&amp#27;[1m"beneficiary.bank_details.account_name"&amp#27;[0m                                                              &amp#27;[90m# stepDefinitions.Generic_Steps.response_contains_value(java.lang.String,java.lang.String)&amp#27;[0m
      &amp#27;[31mjava.lang.AssertionError: The following asserts failed:
	expected [Length of account_number should be between 2 and 10 when bank_country_code is CN] but found [Should contain 2 to 200 characters],
	expected [Should contain 2 to 10 characters] but found [Should contain 2 to 200 characters]
	at org.testng.asserts.SoftAssert.assertAll(SoftAssert.java:47)
	at org.testng.asserts.SoftAssert.assertAll(SoftAssert.java:31)
	at stepDefinitions.Generic_Steps.after(Generic_Steps.java:38)
&amp#27;[0m
]]></system-out>
  </testcase>
  <testcase name="runScenario[&quot;Validate error response is returned for &quot;bank_country_code&quot; CN when &quot;account_name&quot; asfsf4567w3 has invalid no. of characters 11&quot;, &quot;Optional[Validates Account_Name in Bank_details]&quot;](6)" classname="cucumber.Options.RunCucumberTests" time="1.793">
    <failure message="Cannot invoke &quot;Object.toString()&quot; because the return value of &quot;io.restassured.path.json.JsonPath.get(String)&quot; is null" type="java.lang.NullPointerException"><![CDATA[java.lang.NullPointerException: Cannot invoke "Object.toString()" because the return value of "io.restassured.path.json.JsonPath.get(String)" is null
]]></failure>
    <system-out><![CDATA[
@RequirementMismatch-AcctNameLength @RequirementMismatch-ImproperResponseMessage
Scenario Outline: Validate error response is returned for "bank_country_code" CN when "account_name" asfsf4567w3 has invalid no. of characters 11 &amp#27;[90m# src/test/resources/features/Account_Name.feature:42&amp#27;[0m
2021-08-23 10:54:31,481 [INFO  ] Log - -----------------------------------------------------------------------------------------
2021-08-23 10:54:31,482 [INFO  ] Log - >> Validate error response is returned for "bank_country_code" CN when "account_name" asfsf4567w3 has invalid no. of characters 11
2021-08-23 10:54:31,482 [INFO  ] Log - -----------------------------------------------------------------------------------------
2021-08-23 10:54:31,956 [INFO  ] Log - >> Token Created
  &amp#27;[32mGiven &amp#27;[0m&amp#27;[32mI am authorized user&amp#27;[0m                                                                                                                      &amp#27;[90m# stepDefinitions.Generic_Steps.i_am_authorized_user()&amp#27;[0m
2021-08-23 10:54:31,958 [INFO  ] Log - >> Request PayLoad Created

    Request Payload : {
        "payment_methods": ["SWIFT"],
        "beneficiary": {
            "address": {
                "country_code": "CN",
                "street_address": "412 5th Avenue",
                "city": "Seattle",
                "postcode": "98104",
                "state": "Washington"
            },
            "entity_type": "COMPANY",
            "additional_info": {"personal_email": "john.walker@gmail.com"},
            "bank_details": {
                "account_number": "12750852",
                "account_currency": "CAD",
                "bank_country_code": "CN",
                "swift_code": "ICBKCNBJ",
                "account_name": "asfsf4567w3",
                "iban": "ES8023100001180000012345",
                "bank_name": "National Canadian Bank",
                "account_routing_value1": "083064",
                "transaction_reference": "4140110135",
                "local_clearing_system": "ACH",
                "account_routing_type1": "aba"
            },
            "company_name": "ABC University"
        },
        "nickname": "ABC University",
        "payer_entity_type": "PERSONAL"
    }

  &amp#27;[32mAnd &amp#27;[0m&amp#27;[32mI create request payload with valid data for all keys with &amp#27;[0m&amp#27;[32m&amp#27;[1m"bank_country_code"&amp#27;[0m&amp#27;[32m is &amp#27;[0m&amp#27;[32m&amp#27;[1m"CN"&amp#27;[0m&amp#27;[32m &amp#27;[0m&amp#27;[32m&amp#27;[1m"account_name"&amp#27;[0m&amp#27;[32m is &amp#27;[0m&amp#27;[32m&amp#27;[1m"asfsf4567w3"&amp#27;[0m                      &amp#27;[90m# stepDefinitions.Generic_Steps.i_create_request_payload_with_valid_data_for_all_keys_with_is_is(java.lang.String,java.lang.String,java.lang.String,java.lang.String)&amp#27;[0m
2021-08-23 10:54:33,163 [INFO  ] Log - >> Request PayLoad is posted

    Response : {
        "beneficiary": {
            "additional_info": {
                "personal_email": "john.walker@gmail.com"
            },
            "address": {
                "city": "Seattle",
                "country_code": "CN",
                "postcode": "98104",
                "state": "Washington",
                "street_address": "412 5th Avenue"
            },
            "bank_details": {
                "account_currency": "CAD",
                "account_name": "asfsf4567w3",
                "account_number": "12750852",
                "account_routing_type1": "aba",
                "account_routing_value1": "083064",
                "bank_country_code": "CN",
                "bank_name": "National Canadian Bank",
                "iban": "ES8023100001180000012345",
                "swift_code": "ICBKCNBJ"
            },
            "company_name": "ABC University",
            "entity_type": "COMPANY"
        },
        "beneficiary_id": "bfc7be79-e06e-41ba-a773-fdf7298f803f",
        "nickname": "ABC University",
        "payer_entity_type": "PERSONAL",
        "payment_methods": [
            "SWIFT"
        ]
    }

  &amp#27;[32mWhen &amp#27;[0m&amp#27;[32mI perform post on CreateBeneficiary endpoint&amp#27;[0m                                                                                               &amp#27;[90m# stepDefinitions.Generic_Steps.i_perform_post_on_create_beneficiary_endpoint()&amp#27;[0m
2021-08-23 10:54:33,176 [INFO  ] Log - >> Response status code is 201
  &amp#27;[32mThen &amp#27;[0m&amp#27;[32mResponse status code is &amp#27;[0m&amp#27;[32m&amp#27;[1m400&amp#27;[0m                                                                                                                &amp#27;[90m# stepDefinitions.Generic_Steps.response_status_code_is(java.lang.Integer)&amp#27;[0m
2021-08-23 10:54:33,179 [INFO  ] Log - >> Response status line is HTTP/1.1 201 Created
  &amp#27;[32mAnd &amp#27;[0m&amp#27;[32mResponse status line is &amp#27;[0m&amp#27;[32m&amp#27;[1m"Bad Request"&amp#27;[0m                                                                                                       &amp#27;[90m# stepDefinitions.Generic_Steps.response_status_line_is(java.lang.String)&amp#27;[0m
  &amp#27;[31mAnd &amp#27;[0m&amp#27;[31mResponse &amp#27;[0m&amp#27;[31m&amp#27;[1m"code"&amp#27;[0m&amp#27;[31m has value &amp#27;[0m&amp#27;[31m&amp#27;[1m"payment_schema_validation_failed"&amp#27;[0m                                                                                &amp#27;[90m# stepDefinitions.Generic_Steps.response_contains_value(java.lang.String,java.lang.String)&amp#27;[0m
      &amp#27;[31mjava.lang.NullPointerException: Cannot invoke "Object.toString()" because the return value of "io.restassured.path.json.JsonPath.get(String)" is null
	at utilities.Json_handler.getJsonPath(Json_handler.java:21)
	at stepDefinitions.Generic_Steps.response_contains_value(Generic_Steps.java:139)
	at âœ½.Response "code" has value "payment_schema_validation_failed"(file:///C:/SnehProjects/DemoProject/Demo_APIFramework/src/test/resources/features/Account_Name.feature:32)
&amp#27;[0m
  &amp#27;[36mAnd &amp#27;[0m&amp#27;[36mResponse &amp#27;[0m&amp#27;[36m&amp#27;[1m"message"&amp#27;[0m&amp#27;[36m has value &amp#27;[0m&amp#27;[36m&amp#27;[1m"Length of account_number should be between 2 and 10 when bank_country_code is CN"&amp#27;[0m                             &amp#27;[90m# stepDefinitions.Generic_Steps.response_contains_value(java.lang.String,java.lang.String)&amp#27;[0m
  &amp#27;[36mAnd &amp#27;[0m&amp#27;[36mResponse &amp#27;[0m&amp#27;[36m&amp#27;[1m"message"&amp#27;[0m&amp#27;[36m has value &amp#27;[0m&amp#27;[36m&amp#27;[1m"Should contain 2 to 10 characters"&amp#27;[0m                                                                            &amp#27;[90m# stepDefinitions.Generic_Steps.response_contains_value(java.lang.String,java.lang.String)&amp#27;[0m
  &amp#27;[36mAnd &amp#27;[0m&amp#27;[36mResponse &amp#27;[0m&amp#27;[36m&amp#27;[1m"source"&amp#27;[0m&amp#27;[36m has value &amp#27;[0m&amp#27;[36m&amp#27;[1m"beneficiary.bank_details.account_name"&amp#27;[0m                                                                         &amp#27;[90m# stepDefinitions.Generic_Steps.response_contains_value(java.lang.String,java.lang.String)&amp#27;[0m
      &amp#27;[31mjava.lang.AssertionError: The following asserts failed:
	expected [400] but found [201],
	expected [true] but found [false]
	at org.testng.asserts.SoftAssert.assertAll(SoftAssert.java:47)
	at org.testng.asserts.SoftAssert.assertAll(SoftAssert.java:31)
	at stepDefinitions.Generic_Steps.after(Generic_Steps.java:38)
&amp#27;[0m
]]></system-out>
  </testcase>
  <testcase name="runScenario[&quot;Validate correct response is returned for &quot;bank_country_code&quot; US when &quot;account_name&quot; UA has valid no. of characters 2&quot;, &quot;Optional[Validates Account_Name in Bank_details]&quot;](7)" classname="cucumber.Options.RunCucumberTests" time="1.71">
    <system-out><![CDATA[
@PositiveScenarios @AcctName_allSpecialCharAllowed
Scenario Outline: Validate correct response is returned for "bank_country_code" US when "account_name" UA has valid no. of characters 2 &amp#27;[90m# src/test/resources/features/Account_Name.feature:53&amp#27;[0m
2021-08-23 10:54:33,233 [INFO  ] Log - -----------------------------------------------------------------------------------------
2021-08-23 10:54:33,234 [INFO  ] Log - >> Validate correct response is returned for "bank_country_code" US when "account_name" UA has valid no. of characters 2
2021-08-23 10:54:33,234 [INFO  ] Log - -----------------------------------------------------------------------------------------
2021-08-23 10:54:33,702 [INFO  ] Log - >> Token Created
  &amp#27;[32mGiven &amp#27;[0m&amp#27;[32mI am authorized user&amp#27;[0m                                                                                                            &amp#27;[90m# stepDefinitions.Generic_Steps.i_am_authorized_user()&amp#27;[0m
2021-08-23 10:54:33,704 [INFO  ] Log - >> Request PayLoad Created

    Request Payload : {
        "payment_methods": ["SWIFT"],
        "beneficiary": {
            "address": {
                "country_code": "US",
                "street_address": "412 5th Avenue",
                "city": "Seattle",
                "postcode": "98104",
                "state": "Washington"
            },
            "entity_type": "COMPANY",
            "additional_info": {"personal_email": "john.walker@gmail.com"},
            "bank_details": {
                "account_number": "502231121",
                "account_currency": "USD",
                "bank_country_code": "US",
                "swift_code": "CHASUS33",
                "account_name": "UA",
                "bank_name": "JP Morgan Chase Bank",
                "account_routing_value1": "907765701",
                "account_routing_type1": "aba"
            },
            "company_name": "ABC University"
        },
        "nickname": "ABC University",
        "payer_entity_type": "PERSONAL"
    }

  &amp#27;[32mAnd &amp#27;[0m&amp#27;[32mI create request payload with valid data for all keys with &amp#27;[0m&amp#27;[32m&amp#27;[1m"bank_country_code"&amp#27;[0m&amp#27;[32m is &amp#27;[0m&amp#27;[32m&amp#27;[1m"US"&amp#27;[0m&amp#27;[32m &amp#27;[0m&amp#27;[32m&amp#27;[1m"account_name"&amp#27;[0m&amp#27;[32m is &amp#27;[0m&amp#27;[32m&amp#27;[1m"UA"&amp#27;[0m                     &amp#27;[90m# stepDefinitions.Generic_Steps.i_create_request_payload_with_valid_data_for_all_keys_with_is_is(java.lang.String,java.lang.String,java.lang.String,java.lang.String)&amp#27;[0m
2021-08-23 10:54:34,917 [INFO  ] Log - >> Request PayLoad is posted

    Response : {
        "beneficiary": {
            "additional_info": {
                "personal_email": "john.walker@gmail.com"
            },
            "address": {
                "city": "Seattle",
                "country_code": "US",
                "postcode": "98104",
                "state": "Washington",
                "street_address": "412 5th Avenue"
            },
            "bank_details": {
                "account_currency": "USD",
                "account_name": "UA",
                "account_number": "502231121",
                "account_routing_type1": "aba",
                "account_routing_value1": "907765701",
                "bank_country_code": "US",
                "bank_name": "JP Morgan Chase Bank",
                "swift_code": "CHASUS33"
            },
            "company_name": "ABC University",
            "entity_type": "COMPANY"
        },
        "beneficiary_id": "535b004a-dd37-4092-a5cd-f517c359aa20",
        "nickname": "ABC University",
        "payer_entity_type": "PERSONAL",
        "payment_methods": [
            "SWIFT"
        ]
    }

  &amp#27;[32mWhen &amp#27;[0m&amp#27;[32mI perform post on CreateBeneficiary endpoint&amp#27;[0m                                                                                     &amp#27;[90m# stepDefinitions.Generic_Steps.i_perform_post_on_create_beneficiary_endpoint()&amp#27;[0m
2021-08-23 10:54:34,923 [INFO  ] Log - >> Response status code is 201
  &amp#27;[32mThen &amp#27;[0m&amp#27;[32mResponse status code is &amp#27;[0m&amp#27;[32m&amp#27;[1m201&amp#27;[0m                                                                                                      &amp#27;[90m# stepDefinitions.Generic_Steps.response_status_code_is(java.lang.Integer)&amp#27;[0m
2021-08-23 10:54:34,925 [INFO  ] Log - >> Response status line is HTTP/1.1 201 Created
  &amp#27;[32mAnd &amp#27;[0m&amp#27;[32mResponse status line is &amp#27;[0m&amp#27;[32m&amp#27;[1m"Created"&amp#27;[0m                                                                                                 &amp#27;[90m# stepDefinitions.Generic_Steps.response_status_line_is(java.lang.String)&amp#27;[0m
]]></system-out>
  </testcase>
  <testcase name="runScenario[&quot;Validate correct response is returned for &quot;bank_country_code&quot; AU when &quot;account_name&quot; @@ has valid no. of characters 1&quot;, &quot;Optional[Validates Account_Name in Bank_details]&quot;](8)" classname="cucumber.Options.RunCucumberTests" time="1.656">
    <system-out><![CDATA[
@PositiveScenarios @AcctName_allSpecialCharAllowed
Scenario Outline: Validate correct response is returned for "bank_country_code" AU when "account_name" @@ has valid no. of characters 1 &amp#27;[90m# src/test/resources/features/Account_Name.feature:54&amp#27;[0m
2021-08-23 10:54:34,952 [INFO  ] Log - -----------------------------------------------------------------------------------------
2021-08-23 10:54:34,953 [INFO  ] Log - >> Validate correct response is returned for "bank_country_code" AU when "account_name" @@ has valid no. of characters 1
2021-08-23 10:54:34,953 [INFO  ] Log - -----------------------------------------------------------------------------------------
2021-08-23 10:54:35,437 [INFO  ] Log - >> Token Created
  &amp#27;[32mGiven &amp#27;[0m&amp#27;[32mI am authorized user&amp#27;[0m                                                                                                            &amp#27;[90m# stepDefinitions.Generic_Steps.i_am_authorized_user()&amp#27;[0m
2021-08-23 10:54:35,443 [INFO  ] Log - >> Request PayLoad Created

    Request Payload : {
        "payment_methods": ["SWIFT"],
        "beneficiary": {
            "address": {
                "country_code": "AU",
                "street_address": "412 5th Avenue",
                "city": "Seattle",
                "postcode": "98104",
                "state": "Washington"
            },
            "entity_type": "COMPANY",
            "additional_info": {"personal_email": "john.walker@gmail.com"},
            "bank_details": {
                "account_number": "12750852",
                "account_currency": "AUD",
                "bank_country_code": "AU",
                "swift_code": "CTBAAU2S",
                "account_name": "@@",
                "iban": "ES8023100001180000012345",
                "bank_name": "National Australia Bank",
                "account_routing_value1": "083064",
                "transaction_reference": "4140110135",
                "local_clearing_system": "ACH",
                "account_routing_type1": "bsb"
            },
            "company_name": "ABC University"
        },
        "nickname": "ABC University",
        "payer_entity_type": "PERSONAL"
    }

  &amp#27;[32mAnd &amp#27;[0m&amp#27;[32mI create request payload with valid data for all keys with &amp#27;[0m&amp#27;[32m&amp#27;[1m"bank_country_code"&amp#27;[0m&amp#27;[32m is &amp#27;[0m&amp#27;[32m&amp#27;[1m"AU"&amp#27;[0m&amp#27;[32m &amp#27;[0m&amp#27;[32m&amp#27;[1m"account_name"&amp#27;[0m&amp#27;[32m is &amp#27;[0m&amp#27;[32m&amp#27;[1m"@@"&amp#27;[0m                     &amp#27;[90m# stepDefinitions.Generic_Steps.i_create_request_payload_with_valid_data_for_all_keys_with_is_is(java.lang.String,java.lang.String,java.lang.String,java.lang.String)&amp#27;[0m
2021-08-23 10:54:36,563 [INFO  ] Log - >> Request PayLoad is posted

    Response : {
        "beneficiary": {
            "additional_info": {
                "personal_email": "john.walker@gmail.com"
            },
            "address": {
                "city": "Seattle",
                "country_code": "AU",
                "postcode": "98104",
                "state": "Washington",
                "street_address": "412 5th Avenue"
            },
            "bank_details": {
                "account_currency": "AUD",
                "account_name": "@@",
                "account_number": "12750852",
                "account_routing_type1": "bsb",
                "account_routing_value1": "083064",
                "bank_country_code": "AU",
                "bank_name": "National Australia Bank",
                "iban": "ES8023100001180000012345",
                "swift_code": "CTBAAU2S"
            },
            "company_name": "ABC University",
            "entity_type": "COMPANY"
        },
        "beneficiary_id": "cdf6f7be-d4fd-483f-a2b4-e06e94dc7a92",
        "nickname": "ABC University",
        "payer_entity_type": "PERSONAL",
        "payment_methods": [
            "SWIFT"
        ]
    }

  &amp#27;[32mWhen &amp#27;[0m&amp#27;[32mI perform post on CreateBeneficiary endpoint&amp#27;[0m                                                                                     &amp#27;[90m# stepDefinitions.Generic_Steps.i_perform_post_on_create_beneficiary_endpoint()&amp#27;[0m
2021-08-23 10:54:36,569 [INFO  ] Log - >> Response status code is 201
  &amp#27;[32mThen &amp#27;[0m&amp#27;[32mResponse status code is &amp#27;[0m&amp#27;[32m&amp#27;[1m201&amp#27;[0m                                                                                                      &amp#27;[90m# stepDefinitions.Generic_Steps.response_status_code_is(java.lang.Integer)&amp#27;[0m
2021-08-23 10:54:36,570 [INFO  ] Log - >> Response status line is HTTP/1.1 201 Created
  &amp#27;[32mAnd &amp#27;[0m&amp#27;[32mResponse status line is &amp#27;[0m&amp#27;[32m&amp#27;[1m"Created"&amp#27;[0m                                                                                                 &amp#27;[90m# stepDefinitions.Generic_Steps.response_status_line_is(java.lang.String)&amp#27;[0m
]]></system-out>
  </testcase>
  <testcase name="runScenario[&quot;Validate correct response is returned for &quot;bank_country_code&quot; AU when &quot;account_name&quot; ()[aE1&lt;:! has valid no. of characters 1&quot;, &quot;Optional[Validates Account_Name in Bank_details]&quot;](9)" classname="cucumber.Options.RunCucumberTests" time="1.755">
    <system-out><![CDATA[
@PositiveScenarios @AcctName_allSpecialCharAllowed
Scenario Outline: Validate correct response is returned for "bank_country_code" AU when "account_name" ()[aE1<:! has valid no. of characters 1 &amp#27;[90m# src/test/resources/features/Account_Name.feature:55&amp#27;[0m
2021-08-23 10:54:36,591 [INFO  ] Log - -----------------------------------------------------------------------------------------
2021-08-23 10:54:36,591 [INFO  ] Log - >> Validate correct response is returned for "bank_country_code" AU when "account_name" ()[aE1<:! has valid no. of characters 1
2021-08-23 10:54:36,591 [INFO  ] Log - -----------------------------------------------------------------------------------------
2021-08-23 10:54:37,729 [INFO  ] Log - >> Token Created
  &amp#27;[32mGiven &amp#27;[0m&amp#27;[32mI am authorized user&amp#27;[0m                                                                                                                   &amp#27;[90m# stepDefinitions.Generic_Steps.i_am_authorized_user()&amp#27;[0m
2021-08-23 10:54:37,732 [INFO  ] Log - >> Request PayLoad Created

    Request Payload : {
        "payment_methods": ["SWIFT"],
        "beneficiary": {
            "address": {
                "country_code": "AU",
                "street_address": "412 5th Avenue",
                "city": "Seattle",
                "postcode": "98104",
                "state": "Washington"
            },
            "entity_type": "COMPANY",
            "additional_info": {"personal_email": "john.walker@gmail.com"},
            "bank_details": {
                "account_number": "12750852",
                "account_currency": "AUD",
                "bank_country_code": "AU",
                "swift_code": "CTBAAU2S",
                "account_name": "()[aE1<:!",
                "iban": "ES8023100001180000012345",
                "bank_name": "National Australia Bank",
                "account_routing_value1": "083064",
                "transaction_reference": "4140110135",
                "local_clearing_system": "ACH",
                "account_routing_type1": "bsb"
            },
            "company_name": "ABC University"
        },
        "nickname": "ABC University",
        "payer_entity_type": "PERSONAL"
    }

  &amp#27;[32mAnd &amp#27;[0m&amp#27;[32mI create request payload with valid data for all keys with &amp#27;[0m&amp#27;[32m&amp#27;[1m"bank_country_code"&amp#27;[0m&amp#27;[32m is &amp#27;[0m&amp#27;[32m&amp#27;[1m"AU"&amp#27;[0m&amp#27;[32m &amp#27;[0m&amp#27;[32m&amp#27;[1m"account_name"&amp#27;[0m&amp#27;[32m is &amp#27;[0m&amp#27;[32m&amp#27;[1m"()[aE1<:!"&amp#27;[0m                     &amp#27;[90m# stepDefinitions.Generic_Steps.i_create_request_payload_with_valid_data_for_all_keys_with_is_is(java.lang.String,java.lang.String,java.lang.String,java.lang.String)&amp#27;[0m
2021-08-23 10:54:38,187 [INFO  ] Log - >> Request PayLoad is posted

    Response : {
        "beneficiary": {
            "additional_info": {
                "personal_email": "john.walker@gmail.com"
            },
            "address": {
                "city": "Seattle",
                "country_code": "AU",
                "postcode": "98104",
                "state": "Washington",
                "street_address": "412 5th Avenue"
            },
            "bank_details": {
                "account_currency": "AUD",
                "account_name": "()[aE1<:!",
                "account_number": "12750852",
                "account_routing_type1": "bsb",
                "account_routing_value1": "083064",
                "bank_country_code": "AU",
                "bank_name": "National Australia Bank",
                "iban": "ES8023100001180000012345",
                "swift_code": "CTBAAU2S"
            },
            "company_name": "ABC University",
            "entity_type": "COMPANY"
        },
        "beneficiary_id": "058c5f17-25f8-4101-af7e-d92c7042580a",
        "nickname": "ABC University",
        "payer_entity_type": "PERSONAL",
        "payment_methods": [
            "SWIFT"
        ]
    }

  &amp#27;[32mWhen &amp#27;[0m&amp#27;[32mI perform post on CreateBeneficiary endpoint&amp#27;[0m                                                                                            &amp#27;[90m# stepDefinitions.Generic_Steps.i_perform_post_on_create_beneficiary_endpoint()&amp#27;[0m
2021-08-23 10:54:38,213 [INFO  ] Log - >> Response status code is 201
  &amp#27;[32mThen &amp#27;[0m&amp#27;[32mResponse status code is &amp#27;[0m&amp#27;[32m&amp#27;[1m201&amp#27;[0m                                                                                                             &amp#27;[90m# stepDefinitions.Generic_Steps.response_status_code_is(java.lang.Integer)&amp#27;[0m
2021-08-23 10:54:38,214 [INFO  ] Log - >> Response status line is HTTP/1.1 201 Created
  &amp#27;[32mAnd &amp#27;[0m&amp#27;[32mResponse status line is &amp#27;[0m&amp#27;[32m&amp#27;[1m"Created"&amp#27;[0m                                                                                                        &amp#27;[90m# stepDefinitions.Generic_Steps.response_status_line_is(java.lang.String)&amp#27;[0m
]]></system-out>
  </testcase>
  <testcase name="runScenario[&quot;Validate correct response is returned for &quot;bank_country_code&quot; US when &quot;account_name&quot; asfsf4567w has valid no. of characters 10&quot;, &quot;Optional[Validates Account_Name in Bank_details]&quot;](10)" classname="cucumber.Options.RunCucumberTests" time="1.695">
    <system-out><![CDATA[
@PositiveScenarios @AcctName_allSpecialCharAllowed
Scenario Outline: Validate correct response is returned for "bank_country_code" US when "account_name" asfsf4567w has valid no. of characters 10 &amp#27;[90m# src/test/resources/features/Account_Name.feature:56&amp#27;[0m
2021-08-23 10:54:38,238 [INFO  ] Log - -----------------------------------------------------------------------------------------
2021-08-23 10:54:38,239 [INFO  ] Log - >> Validate correct response is returned for "bank_country_code" US when "account_name" asfsf4567w has valid no. of characters 10
2021-08-23 10:54:38,239 [INFO  ] Log - -----------------------------------------------------------------------------------------
2021-08-23 10:54:38,925 [INFO  ] Log - >> Token Created
  &amp#27;[32mGiven &amp#27;[0m&amp#27;[32mI am authorized user&amp#27;[0m                                                                                                                     &amp#27;[90m# stepDefinitions.Generic_Steps.i_am_authorized_user()&amp#27;[0m
2021-08-23 10:54:38,926 [INFO  ] Log - >> Request PayLoad Created

    Request Payload : {
        "payment_methods": ["SWIFT"],
        "beneficiary": {
            "address": {
                "country_code": "US",
                "street_address": "412 5th Avenue",
                "city": "Seattle",
                "postcode": "98104",
                "state": "Washington"
            },
            "entity_type": "COMPANY",
            "additional_info": {"personal_email": "john.walker@gmail.com"},
            "bank_details": {
                "account_number": "502231121",
                "account_currency": "USD",
                "bank_country_code": "US",
                "swift_code": "CHASUS33",
                "account_name": "asfsf4567w",
                "bank_name": "JP Morgan Chase Bank",
                "account_routing_value1": "907765701",
                "account_routing_type1": "aba"
            },
            "company_name": "ABC University"
        },
        "nickname": "ABC University",
        "payer_entity_type": "PERSONAL"
    }

  &amp#27;[32mAnd &amp#27;[0m&amp#27;[32mI create request payload with valid data for all keys with &amp#27;[0m&amp#27;[32m&amp#27;[1m"bank_country_code"&amp#27;[0m&amp#27;[32m is &amp#27;[0m&amp#27;[32m&amp#27;[1m"US"&amp#27;[0m&amp#27;[32m &amp#27;[0m&amp#27;[32m&amp#27;[1m"account_name"&amp#27;[0m&amp#27;[32m is &amp#27;[0m&amp#27;[32m&amp#27;[1m"asfsf4567w"&amp#27;[0m                      &amp#27;[90m# stepDefinitions.Generic_Steps.i_create_request_payload_with_valid_data_for_all_keys_with_is_is(java.lang.String,java.lang.String,java.lang.String,java.lang.String)&amp#27;[0m
2021-08-23 10:54:40,014 [INFO  ] Log - >> Request PayLoad is posted

    Response : {
        "beneficiary": {
            "additional_info": {
                "personal_email": "john.walker@gmail.com"
            },
            "address": {
                "city": "Seattle",
                "country_code": "US",
                "postcode": "98104",
                "state": "Washington",
                "street_address": "412 5th Avenue"
            },
            "bank_details": {
                "account_currency": "USD",
                "account_name": "asfsf4567w",
                "account_number": "502231121",
                "account_routing_type1": "aba",
                "account_routing_value1": "907765701",
                "bank_country_code": "US",
                "bank_name": "JP Morgan Chase Bank",
                "swift_code": "CHASUS33"
            },
            "company_name": "ABC University",
            "entity_type": "COMPANY"
        },
        "beneficiary_id": "6f86b441-d418-456e-8b5b-70b3c5567903",
        "nickname": "ABC University",
        "payer_entity_type": "PERSONAL",
        "payment_methods": [
            "SWIFT"
        ]
    }

  &amp#27;[32mWhen &amp#27;[0m&amp#27;[32mI perform post on CreateBeneficiary endpoint&amp#27;[0m                                                                                              &amp#27;[90m# stepDefinitions.Generic_Steps.i_perform_post_on_create_beneficiary_endpoint()&amp#27;[0m
2021-08-23 10:54:40,018 [INFO  ] Log - >> Response status code is 201
  &amp#27;[32mThen &amp#27;[0m&amp#27;[32mResponse status code is &amp#27;[0m&amp#27;[32m&amp#27;[1m201&amp#27;[0m                                                                                                               &amp#27;[90m# stepDefinitions.Generic_Steps.response_status_code_is(java.lang.Integer)&amp#27;[0m
2021-08-23 10:54:40,019 [INFO  ] Log - >> Response status line is HTTP/1.1 201 Created
  &amp#27;[32mAnd &amp#27;[0m&amp#27;[32mResponse status line is &amp#27;[0m&amp#27;[32m&amp#27;[1m"Created"&amp#27;[0m                                                                                                          &amp#27;[90m# stepDefinitions.Generic_Steps.response_status_line_is(java.lang.String)&amp#27;[0m
]]></system-out>
  </testcase>
  <testcase name="runScenario[&quot;Validates beneficiary is not added when account_number key is missing from bankdetails jsonobject&quot;, &quot;Optional[Validates Account_Number in Bank_details]&quot;](11)" classname="cucumber.Options.RunCucumberTests" time="0.887">
    <system-out><![CDATA[
@SchemaValidation
Scenario: Validates beneficiary is not added when account_number key is missing from bankdetails jsonobject &amp#27;[90m# src/test/resources/features/Account_Number.feature:7&amp#27;[0m
2021-08-23 10:54:40,045 [INFO  ] Log - -----------------------------------------------------------------------------------------
2021-08-23 10:54:40,046 [INFO  ] Log - >> Validates beneficiary is not added when account_number key is missing from bankdetails jsonobject
2021-08-23 10:54:40,046 [INFO  ] Log - -----------------------------------------------------------------------------------------
2021-08-23 10:54:40,495 [INFO  ] Log - >> Token Created
  &amp#27;[32mGiven &amp#27;[0m&amp#27;[32mI am authorized user&amp#27;[0m                                                                                &amp#27;[90m# stepDefinitions.Generic_Steps.i_am_authorized_user()&amp#27;[0m
2021-08-23 10:54:40,496 [INFO  ] Log - >> Request PayLoad Created with all keys, except without  account_number Code key

    Request Payload : {
        "payment_methods": ["SWIFT"],
        "beneficiary": {
            "address": {
                "country_code": "US",
                "street_address": "412 5th Avenue",
                "city": "Seattle",
                "postcode": "98104",
                "state": "Washington"
            },
            "entity_type": "COMPANY",
            "additional_info": {"personal_email": "john.walker@gmail.com"},
            "bank_details": {
                "account_currency": "USD",
                "bank_country_code": "US",
                "swift_code": "CHASUS33",
                "account_name": "John Walker",
                "bank_name": "JP Morgan Chase Bank",
                "account_routing_value1": "907765701",
                "account_routing_type1": "aba"
            },
            "company_name": "ABC University"
        },
        "nickname": "ABC University",
        "payer_entity_type": "PERSONAL"
    }

  &amp#27;[32mAnd &amp#27;[0m&amp#27;[32mI create request payload with valid data for all keys without &amp#27;[0m&amp#27;[32m&amp#27;[1m"account_number"&amp#27;[0m                        &amp#27;[90m# stepDefinitions.Generic_Steps.i_create_request_payload_with_valid_data_for_all_keys_without_bank_country_code(java.lang.String)&amp#27;[0m
2021-08-23 10:54:40,853 [INFO  ] Log - >> Request PayLoad is posted

    Response : {
        "code": "payment_schema_validation_failed",
        "message": "This field is required",
        "source": "beneficiary.bank_details.account_number"
    }

  &amp#27;[32mWhen &amp#27;[0m&amp#27;[32mI perform post on CreateBeneficiary endpoint&amp#27;[0m                                                         &amp#27;[90m# stepDefinitions.Generic_Steps.i_perform_post_on_create_beneficiary_endpoint()&amp#27;[0m
2021-08-23 10:54:40,856 [INFO  ] Log - >> Response status code is 400
  &amp#27;[32mThen &amp#27;[0m&amp#27;[32mResponse status code is &amp#27;[0m&amp#27;[32m&amp#27;[1m400&amp#27;[0m                                                                          &amp#27;[90m# stepDefinitions.Generic_Steps.response_status_code_is(java.lang.Integer)&amp#27;[0m
2021-08-23 10:54:40,857 [INFO  ] Log - >> Response status line is HTTP/1.1 400 Bad Request
  &amp#27;[32mAnd &amp#27;[0m&amp#27;[32mResponse status line is &amp#27;[0m&amp#27;[32m&amp#27;[1m"Bad Request"&amp#27;[0m                                                                 &amp#27;[90m# stepDefinitions.Generic_Steps.response_status_line_is(java.lang.String)&amp#27;[0m
2021-08-23 10:54:40,880 [INFO  ] Log - >> Response code contains value payment_schema_validation_failed
  &amp#27;[32mAnd &amp#27;[0m&amp#27;[32mResponse &amp#27;[0m&amp#27;[32m&amp#27;[1m"code"&amp#27;[0m&amp#27;[32m has value &amp#27;[0m&amp#27;[32m&amp#27;[1m"payment_schema_validation_failed"&amp#27;[0m                                          &amp#27;[90m# stepDefinitions.Generic_Steps.response_contains_value(java.lang.String,java.lang.String)&amp#27;[0m
2021-08-23 10:54:40,909 [INFO  ] Log - >> Response message contains value This field is required
  &amp#27;[32mAnd &amp#27;[0m&amp#27;[32mResponse &amp#27;[0m&amp#27;[32m&amp#27;[1m"message"&amp#27;[0m&amp#27;[32m has value &amp#27;[0m&amp#27;[32m&amp#27;[1m"This field is required"&amp#27;[0m                                                 &amp#27;[90m# stepDefinitions.Generic_Steps.response_contains_value(java.lang.String,java.lang.String)&amp#27;[0m
2021-08-23 10:54:40,932 [INFO  ] Log - >> Response source contains value beneficiary.bank_details.account_number
  &amp#27;[32mAnd &amp#27;[0m&amp#27;[32mResponse &amp#27;[0m&amp#27;[32m&amp#27;[1m"source"&amp#27;[0m&amp#27;[32m has value &amp#27;[0m&amp#27;[32m&amp#27;[1m"beneficiary.bank_details.account_number"&amp#27;[0m                                 &amp#27;[90m# stepDefinitions.Generic_Steps.response_contains_value(java.lang.String,java.lang.String)&amp#27;[0m
]]></system-out>
  </testcase>
  <testcase name="runScenario[&quot;Validates beneficiary is not added when account_number value is Empty&quot;, &quot;Optional[Validates Account_Number in Bank_details]&quot;](12)" classname="cucumber.Options.RunCucumberTests" time="1.005">
    <system-out><![CDATA[
@SchemaValidation
Scenario: Validates beneficiary is not added when account_number value is Empty              &amp#27;[90m# src/test/resources/features/Account_Number.feature:17&amp#27;[0m
2021-08-23 10:54:40,959 [INFO  ] Log - -----------------------------------------------------------------------------------------
2021-08-23 10:54:40,968 [INFO  ] Log - >> Validates beneficiary is not added when account_number value is Empty
2021-08-23 10:54:40,968 [INFO  ] Log - -----------------------------------------------------------------------------------------
2021-08-23 10:54:41,487 [INFO  ] Log - >> Token Created
  &amp#27;[32mGiven &amp#27;[0m&amp#27;[32mI am authorized user&amp#27;[0m                                                                 &amp#27;[90m# stepDefinitions.Generic_Steps.i_am_authorized_user()&amp#27;[0m
2021-08-23 10:54:41,490 [INFO  ] Log - >> Request PayLoad Created with all keys, with account_number value is Empty

    Request Payload : {
        "payment_methods": ["SWIFT"],
        "beneficiary": {
            "address": {
                "country_code": "US",
                "street_address": "412 5th Avenue",
                "city": "Seattle",
                "postcode": "98104",
                "state": "Washington"
            },
            "entity_type": "COMPANY",
            "additional_info": {"personal_email": "john.walker@gmail.com"},
            "bank_details": {
                "account_number": "",
                "account_currency": "USD",
                "bank_country_code": "US",
                "swift_code": "CHASUS33",
                "account_name": "John Walker",
                "bank_name": "JP Morgan Chase Bank",
                "account_routing_value1": "907765701",
                "account_routing_type1": "aba"
            },
            "company_name": "ABC University"
        },
        "nickname": "ABC University",
        "payer_entity_type": "PERSONAL"
    }

  &amp#27;[32mAnd &amp#27;[0m&amp#27;[32mI create request payload with valid data for all keys with &amp#27;[0m&amp#27;[32m&amp#27;[1m"account_number"&amp#27;[0m&amp#27;[32m is &amp#27;[0m&amp#27;[32m&amp#27;[1m"Empty"&amp#27;[0m &amp#27;[90m# stepDefinitions.Generic_Steps.i_create_request_payload_with_valid_data_for_all_keys_with_bank_country_code_is(java.lang.String,java.lang.String)&amp#27;[0m
2021-08-23 10:54:41,868 [INFO  ] Log - >> Request PayLoad is posted

    Response : {
        "code": "payment_schema_validation_failed",
        "message": "This field is required",
        "source": "beneficiary.bank_details.account_number"
    }

  &amp#27;[32mWhen &amp#27;[0m&amp#27;[32mI perform post on CreateBeneficiary endpoint&amp#27;[0m                                          &amp#27;[90m# stepDefinitions.Generic_Steps.i_perform_post_on_create_beneficiary_endpoint()&amp#27;[0m
2021-08-23 10:54:41,870 [INFO  ] Log - >> Response status code is 400
  &amp#27;[32mThen &amp#27;[0m&amp#27;[32mResponse status code is &amp#27;[0m&amp#27;[32m&amp#27;[1m400&amp#27;[0m                                                           &amp#27;[90m# stepDefinitions.Generic_Steps.response_status_code_is(java.lang.Integer)&amp#27;[0m
2021-08-23 10:54:41,871 [INFO  ] Log - >> Response status line is HTTP/1.1 400 Bad Request
  &amp#27;[32mAnd &amp#27;[0m&amp#27;[32mResponse status line is &amp#27;[0m&amp#27;[32m&amp#27;[1m"Bad Request"&amp#27;[0m                                                  &amp#27;[90m# stepDefinitions.Generic_Steps.response_status_line_is(java.lang.String)&amp#27;[0m
2021-08-23 10:54:41,887 [INFO  ] Log - >> Response code contains value payment_schema_validation_failed
  &amp#27;[32mAnd &amp#27;[0m&amp#27;[32mResponse &amp#27;[0m&amp#27;[32m&amp#27;[1m"code"&amp#27;[0m&amp#27;[32m has value &amp#27;[0m&amp#27;[32m&amp#27;[1m"payment_schema_validation_failed"&amp#27;[0m                           &amp#27;[90m# stepDefinitions.Generic_Steps.response_contains_value(java.lang.String,java.lang.String)&amp#27;[0m
2021-08-23 10:54:41,917 [INFO  ] Log - >> Response message contains value This field is required
  &amp#27;[32mAnd &amp#27;[0m&amp#27;[32mResponse &amp#27;[0m&amp#27;[32m&amp#27;[1m"message"&amp#27;[0m&amp#27;[32m has value &amp#27;[0m&amp#27;[32m&amp#27;[1m"This field is required"&amp#27;[0m                                  &amp#27;[90m# stepDefinitions.Generic_Steps.response_contains_value(java.lang.String,java.lang.String)&amp#27;[0m
2021-08-23 10:54:41,949 [INFO  ] Log - >> Response source contains value beneficiary.bank_details.account_number
  &amp#27;[32mAnd &amp#27;[0m&amp#27;[32mResponse &amp#27;[0m&amp#27;[32m&amp#27;[1m"source"&amp#27;[0m&amp#27;[32m has value &amp#27;[0m&amp#27;[32m&amp#27;[1m"beneficiary.bank_details.account_number"&amp#27;[0m                  &amp#27;[90m# stepDefinitions.Generic_Steps.response_contains_value(java.lang.String,java.lang.String)&amp#27;[0m
]]></system-out>
  </testcase>
  <testcase name="runScenario[&quot;Validate beneficiary is sucessfully added for &quot;bank_country_code&quot; &lt;bank_country_code&gt; when &quot;account_number&quot; AGT-789IJY-T2345 contains special characters&quot;, &quot;Optional[Validates Account_Number in Bank_details]&quot;](13)" classname="cucumber.Options.RunCucumberTests" time="1.607">
    <failure message="The following asserts failed:&#10;	expected [201] but found [400],&#10;	expected [true] but found [false]" type="java.lang.AssertionError"><![CDATA[java.lang.AssertionError: 
The following asserts failed:
	expected [201] but found [400],
	expected [true] but found [false]
]]></failure>
    <system-out><![CDATA[
@RequirementMismatch-AcctNumber
Scenario Outline: Validate beneficiary is sucessfully added for "bank_country_code" <bank_country_code> when "account_number" AGT-789IJY-T2345 contains special characters &amp#27;[90m# src/test/resources/features/Account_Number.feature:35&amp#27;[0m
2021-08-23 10:54:41,977 [INFO  ] Log - -----------------------------------------------------------------------------------------
2021-08-23 10:54:41,978 [INFO  ] Log - >> Validate beneficiary is sucessfully added for "bank_country_code" <bank_country_code> when "account_number" AGT-789IJY-T2345 contains special characters
2021-08-23 10:54:41,978 [INFO  ] Log - -----------------------------------------------------------------------------------------
2021-08-23 10:54:42,413 [INFO  ] Log - >> Token Created
  &amp#27;[32mGiven &amp#27;[0m&amp#27;[32mI am authorized user&amp#27;[0m                                                                                                                                               &amp#27;[90m# stepDefinitions.Generic_Steps.i_am_authorized_user()&amp#27;[0m
2021-08-23 10:54:42,415 [INFO  ] Log - >> Request PayLoad Created

    Request Payload : {
        "payment_methods": ["SWIFT"],
        "beneficiary": {
            "address": {
                "country_code": "US",
                "street_address": "412 5th Avenue",
                "city": "Seattle",
                "postcode": "98104",
                "state": "Washington"
            },
            "entity_type": "COMPANY",
            "additional_info": {"personal_email": "john.walker@gmail.com"},
            "bank_details": {
                "account_number": "AGT-789IJY-T2345",
                "account_currency": "USD",
                "bank_country_code": "US",
                "swift_code": "CHASUS33",
                "account_name": "John Walker",
                "bank_name": "JP Morgan Chase Bank",
                "account_routing_value1": "907765701",
                "account_routing_type1": "aba"
            },
            "company_name": "ABC University"
        },
        "nickname": "ABC University",
        "payer_entity_type": "PERSONAL"
    }

  &amp#27;[32mAnd &amp#27;[0m&amp#27;[32mI create request payload with valid data for all keys with &amp#27;[0m&amp#27;[32m&amp#27;[1m"bank_country_code"&amp#27;[0m&amp#27;[32m is &amp#27;[0m&amp#27;[32m&amp#27;[1m"US"&amp#27;[0m&amp#27;[32m &amp#27;[0m&amp#27;[32m&amp#27;[1m"account_number"&amp#27;[0m&amp#27;[32m is &amp#27;[0m&amp#27;[32m&amp#27;[1m"AGT-789IJY-T2345"&amp#27;[0m                                        &amp#27;[90m# stepDefinitions.Generic_Steps.i_create_request_payload_with_valid_data_for_all_keys_with_is_is(java.lang.String,java.lang.String,java.lang.String,java.lang.String)&amp#27;[0m
2021-08-23 10:54:43,513 [INFO  ] Log - >> Request PayLoad is posted

    Response : {
        "code": "payment_schema_validation_failed",
        "message": "Should contain alphanumeric characters only",
        "source": "beneficiary.bank_details.account_number"
    }

  &amp#27;[32mWhen &amp#27;[0m&amp#27;[32mI perform post on CreateBeneficiary endpoint&amp#27;[0m                                                                                                                        &amp#27;[90m# stepDefinitions.Generic_Steps.i_perform_post_on_create_beneficiary_endpoint()&amp#27;[0m
2021-08-23 10:54:43,517 [INFO  ] Log - >> Response status code is 400
  &amp#27;[32mThen &amp#27;[0m&amp#27;[32mResponse status code is &amp#27;[0m&amp#27;[32m&amp#27;[1m201&amp#27;[0m                                                                                                                                         &amp#27;[90m# stepDefinitions.Generic_Steps.response_status_code_is(java.lang.Integer)&amp#27;[0m
2021-08-23 10:54:43,522 [INFO  ] Log - >> Response status line is HTTP/1.1 400 Bad Request
  &amp#27;[32mAnd &amp#27;[0m&amp#27;[32mResponse status line is &amp#27;[0m&amp#27;[32m&amp#27;[1m"Created"&amp#27;[0m                                                                                                                                    &amp#27;[90m# stepDefinitions.Generic_Steps.response_status_line_is(java.lang.String)&amp#27;[0m
      &amp#27;[31mjava.lang.AssertionError: The following asserts failed:
	expected [201] but found [400],
	expected [true] but found [false]
	at org.testng.asserts.SoftAssert.assertAll(SoftAssert.java:47)
	at org.testng.asserts.SoftAssert.assertAll(SoftAssert.java:31)
	at stepDefinitions.Generic_Steps.after(Generic_Steps.java:38)
&amp#27;[0m
]]></system-out>
  </testcase>
  <testcase name="runScenario[&quot;Validate beneficiary is sucessfully added for &quot;bank_country_code&quot; &lt;bank_country_code&gt; when &quot;account_number&quot; AGT:789 contains special characters&quot;, &quot;Optional[Validates Account_Number in Bank_details]&quot;](14)" classname="cucumber.Options.RunCucumberTests" time="0.957">
    <failure message="The following asserts failed:&#10;	expected [201] but found [400],&#10;	expected [true] but found [false]" type="java.lang.AssertionError"><![CDATA[java.lang.AssertionError: 
The following asserts failed:
	expected [201] but found [400],
	expected [true] but found [false]
]]></failure>
    <system-out><![CDATA[
@RequirementMismatch-AcctNumber
[...]
2021-08-23 10:55:44,394 [INFO  ] Log - >> Response source contains value beneficiary.bank_details.swift_code
  &amp#27;[32mAnd &amp#27;[0m&amp#27;[32mResponse &amp#27;[0m&amp#27;[32m&amp#27;[1m"source"&amp#27;[0m&amp#27;[32m has value &amp#27;[0m&amp#27;[32m&amp#27;[1m"beneficiary.bank_details.swift_code"&amp#27;[0m                                                                                             &amp#27;[90m# stepDefinitions.Generic_Steps.response_contains_value(java.lang.String,java.lang.String)&amp#27;[0m
      &amp#27;[31mjava.lang.AssertionError: The following asserts failed:
	expected [The swift code is not valid for the given bank country code: <Bank_country_code>] but found [The SWIFT code / BIC should match the bank location selected ]
	at org.testng.asserts.SoftAssert.assertAll(SoftAssert.java:47)
	at org.testng.asserts.SoftAssert.assertAll(SoftAssert.java:31)
	at stepDefinitions.Generic_Steps.after(Generic_Steps.java:38)
&amp#27;[0m
]]></system-out>
  </testcase>
  <testcase name="runScenario[&quot;Validate error message is returned when &quot;swift_code&quot; CTBAAU2S matches with &quot;country_code&quot; AU but not with &quot;bank_country_code&quot; &lt;Bank_country_code&gt;&quot;, &quot;Optional[Validates swift_code in BankDetails]&quot;](73)" classname="cucumber.Options.RunCucumberTests" time="0.899">
    <failure message="The following asserts failed:&#10;	expected [The swift code is not valid for the given bank country code: &lt;Bank_country_code&gt;] but found [The SWIFT code / BIC should match the bank location selected ]" type="java.lang.AssertionError"><![CDATA[java.lang.AssertionError: 
The following asserts failed:
	expected [The swift code is not valid for the given bank country code: <Bank_country_code>] but found [The SWIFT code / BIC should match the bank location selected ]
]]></failure>
    <system-out><![CDATA[
@RequirementMismatch-ImproperResponseMessage
Scenario Outline: Validate error message is returned when "swift_code" CTBAAU2S matches with "country_code" AU but not with "bank_country_code" <Bank_country_code> &amp#27;[90m# src/test/resources/features/Swift_code.feature:86&amp#27;[0m
2021-08-23 10:55:44,409 [INFO  ] Log - -----------------------------------------------------------------------------------------
2021-08-23 10:55:44,409 [INFO  ] Log - >> Validate error message is returned when "swift_code" CTBAAU2S matches with "country_code" AU but not with "bank_country_code" <Bank_country_code>
2021-08-23 10:55:44,409 [INFO  ] Log - -----------------------------------------------------------------------------------------
2021-08-23 10:55:44,861 [INFO  ] Log - >> Token Created
  &amp#27;[32mGiven &amp#27;[0m&amp#27;[32mI am authorized user&amp#27;[0m                                                                                                                                        &amp#27;[90m# stepDefinitions.Generic_Steps.i_am_authorized_user()&amp#27;[0m
2021-08-23 10:55:44,862 [INFO  ] Log - >> Request PayLoad Created

    Request Payload : {
        "payment_methods": ["SWIFT"],
        "beneficiary": {
            "address": {
                "country_code": "AU",
                "street_address": "412 5th Avenue",
                "city": "Seattle",
                "postcode": "98104",
                "state": "Washington"
            },
            "entity_type": "COMPANY",
            "additional_info": {"personal_email": "john.walker@gmail.com"},
            "bank_details": {
                "account_number": "12750852",
                "account_currency": "AUD",
                "bank_country_code": "US",
                "swift_code": "CTBAAU2S",
                "account_name": "Lee Da Ming",
                "iban": "ES8023100001180000012345",
                "bank_name": "National Australia Bank",
                "account_routing_value1": "083064",
                "transaction_reference": "4140110135",
                "local_clearing_system": "ACH",
                "account_routing_type1": "bsb"
            },
            "company_name": "ABC University"
        },
        "nickname": "ABC University",
        "payer_entity_type": "PERSONAL"
    }

  &amp#27;[32mAnd &amp#27;[0m&amp#27;[32mI create request payload with valid data for all keys with &amp#27;[0m&amp#27;[32m&amp#27;[1m"country_code"&amp#27;[0m&amp#27;[32m is &amp#27;[0m&amp#27;[32m&amp#27;[1m"AU"&amp#27;[0m&amp#27;[32m &amp#27;[0m&amp#27;[32m&amp#27;[1m"bank_country_code"&amp#27;[0m&amp#27;[32m is &amp#27;[0m&amp#27;[32m&amp#27;[1m"US"&amp#27;[0m&amp#27;[32m &amp#27;[0m&amp#27;[32m&amp#27;[1m"swift_code"&amp#27;[0m&amp#27;[32m is &amp#27;[0m&amp#27;[32m&amp#27;[1m"CTBAAU2S"&amp#27;[0m                      &amp#27;[90m# stepDefinitions.Generic_Steps.i_create_request_payload_with_valid_data_for_all_keys_with_is_is_is(java.lang.String,java.lang.String,java.lang.String,java.lang.String,java.lang.String,java.lang.String)&amp#27;[0m
2021-08-23 10:55:45,225 [INFO  ] Log - >> Request PayLoad is posted

    Response : {
        "code": "payment_schema_validation_failed",
        "message": "The SWIFT code / BIC should match the bank location selected ",
        "source": "beneficiary.bank_details.swift_code"
    }

  &amp#27;[32mWhen &amp#27;[0m&amp#27;[32mI perform post on CreateBeneficiary endpoint&amp#27;[0m                                                                                                                 &amp#27;[90m# stepDefinitions.Generic_Steps.i_perform_post_on_create_beneficiary_endpoint()&amp#27;[0m
2021-08-23 10:55:45,238 [INFO  ] Log - >> Response status code is 400
  &amp#27;[32mThen &amp#27;[0m&amp#27;[32mResponse status code is &amp#27;[0m&amp#27;[32m&amp#27;[1m400&amp#27;[0m                                                                                                                                  &amp#27;[90m# stepDefinitions.Generic_Steps.response_status_code_is(java.lang.Integer)&amp#27;[0m
2021-08-23 10:55:45,239 [INFO  ] Log - >> Response status line is HTTP/1.1 400 Bad Request
  &amp#27;[32mAnd &amp#27;[0m&amp#27;[32mResponse status line is &amp#27;[0m&amp#27;[32m&amp#27;[1m"Bad Request"&amp#27;[0m                                                                                                                         &amp#27;[90m# stepDefinitions.Generic_Steps.response_status_line_is(java.lang.String)&amp#27;[0m
2021-08-23 10:55:45,252 [INFO  ] Log - >> Response code contains value payment_schema_validation_failed
  &amp#27;[32mAnd &amp#27;[0m&amp#27;[32mResponse &amp#27;[0m&amp#27;[32m&amp#27;[1m"code"&amp#27;[0m&amp#27;[32m has value &amp#27;[0m&amp#27;[32m&amp#27;[1m"payment_schema_validation_failed"&amp#27;[0m                                                                                                  &amp#27;[90m# stepDefinitions.Generic_Steps.response_contains_value(java.lang.String,java.lang.String)&amp#27;[0m
2021-08-23 10:55:45,278 [INFO  ] Log - >> Response message contains value The SWIFT code / BIC should match the bank location selected 
  &amp#27;[32mAnd &amp#27;[0m&amp#27;[32mResponse &amp#27;[0m&amp#27;[32m&amp#27;[1m"message"&amp#27;[0m&amp#27;[32m has value &amp#27;[0m&amp#27;[32m&amp#27;[1m"The swift code is not valid for the given bank country code: <Bank_country_code>"&amp#27;[0m                                               &amp#27;[90m# stepDefinitions.Generic_Steps.response_contains_value(java.lang.String,java.lang.String)&amp#27;[0m
2021-08-23 10:55:45,301 [INFO  ] Log - >> Response source contains value beneficiary.bank_details.swift_code
  &amp#27;[32mAnd &amp#27;[0m&amp#27;[32mResponse &amp#27;[0m&amp#27;[32m&amp#27;[1m"source"&amp#27;[0m&amp#27;[32m has value &amp#27;[0m&amp#27;[32m&amp#27;[1m"beneficiary.bank_details.swift_code"&amp#27;[0m                                                                                             &amp#27;[90m# stepDefinitions.Generic_Steps.response_contains_value(java.lang.String,java.lang.String)&amp#27;[0m
      &amp#27;[31mjava.lang.AssertionError: The following asserts failed:
	expected [The swift code is not valid for the given bank country code: <Bank_country_code>] but found [The SWIFT code / BIC should match the bank location selected ]
	at org.testng.asserts.SoftAssert.assertAll(SoftAssert.java:47)
	at org.testng.asserts.SoftAssert.assertAll(SoftAssert.java:31)
	at stepDefinitions.Generic_Steps.after(Generic_Steps.java:38)
&amp#27;[0m
]]></system-out>
  </testcase>
  <testcase name="runScenario[&quot;Validate correct message is returned when &quot;swift_code&quot; CHASUS33 matches with &quot;country_code&quot; US but not with &quot;bank_country_code&quot; &lt;Bank_country_code&gt;&quot;, &quot;Optional[Validates swift_code in BankDetails]&quot;](74)" classname="cucumber.Options.RunCucumberTests" time="0.87">
    <system-out><![CDATA[
@PositiveScenarios
Scenario Outline: Validate correct message is returned when "swift_code" CHASUS33 matches with "country_code" US but not with "bank_country_code" <Bank_country_code> &amp#27;[90m# src/test/resources/features/Swift_code.feature:97&amp#27;[0m
2021-08-23 10:55:45,320 [INFO  ] Log - -----------------------------------------------------------------------------------------
2021-08-23 10:55:45,320 [INFO  ] Log - >> Validate correct message is returned when "swift_code" CHASUS33 matches with "country_code" US but not with "bank_country_code" <Bank_country_code>
2021-08-23 10:55:45,320 [INFO  ] Log - -----------------------------------------------------------------------------------------
2021-08-23 10:55:45,779 [INFO  ] Log - >> Token Created
  &amp#27;[32mGiven &amp#27;[0m&amp#27;[32mI am authorized user&amp#27;[0m                                                                                                                                          &amp#27;[90m# stepDefinitions.Generic_Steps.i_am_authorized_user()&amp#27;[0m
2021-08-23 10:55:45,780 [INFO  ] Log - >> Request PayLoad Created

    Request Payload : {
        "payment_methods": ["SWIFT"],
        "beneficiary": {
            "address": {
                "country_code": "US",
                "street_address": "412 5th Avenue",
                "city": "Seattle",
                "postcode": "98104",
                "state": "Washington"
            },
            "entity_type": "COMPANY",
            "additional_info": {"personal_email": "john.walker@gmail.com"},
            "bank_details": {
                "account_number": "502231121",
                "account_currency": "USD",
                "bank_country_code": "US",
                "swift_code": "CHASUS33",
                "account_name": "John Walker",
                "bank_name": "JP Morgan Chase Bank",
                "account_routing_value1": "907765701",
                "account_routing_type1": "aba"
            },
            "company_name": "ABC University"
        },
        "nickname": "ABC University",
        "payer_entity_type": "PERSONAL"
    }

  &amp#27;[32mAnd &amp#27;[0m&amp#27;[32mI create request payload with valid data for all keys with &amp#27;[0m&amp#27;[32m&amp#27;[1m"country_code"&amp#27;[0m&amp#27;[32m is &amp#27;[0m&amp#27;[32m&amp#27;[1m"US"&amp#27;[0m&amp#27;[32m &amp#27;[0m&amp#27;[32m&amp#27;[1m"bank_country_code"&amp#27;[0m&amp#27;[32m is &amp#27;[0m&amp#27;[32m&amp#27;[1m"US"&amp#27;[0m&amp#27;[32m &amp#27;[0m&amp#27;[32m&amp#27;[1m"swift_code"&amp#27;[0m&amp#27;[32m is &amp#27;[0m&amp#27;[32m&amp#27;[1m"CHASUS33"&amp#27;[0m                        &amp#27;[90m# stepDefinitions.Generic_Steps.i_create_request_payload_with_valid_data_for_all_keys_with_is_is_is(java.lang.String,java.lang.String,java.lang.String,java.lang.String,java.lang.String,java.lang.String)&amp#27;[0m
2021-08-23 10:55:46,177 [INFO  ] Log - >> Request PayLoad is posted

    Response : {
        "beneficiary": {
            "additional_info": {
                "personal_email": "john.walker@gmail.com"
            },
            "address": {
                "city": "Seattle",
                "country_code": "US",
                "postcode": "98104",
                "state": "Washington",
                "street_address": "412 5th Avenue"
            },
            "bank_details": {
                "account_currency": "USD",
                "account_name": "John Walker",
                "account_number": "502231121",
                "account_routing_type1": "aba",
                "account_routing_value1": "907765701",
                "bank_country_code": "US",
                "bank_name": "JP Morgan Chase Bank",
                "swift_code": "CHASUS33"
            },
            "company_name": "ABC University",
            "entity_type": "COMPANY"
        },
        "beneficiary_id": "48578782-8c61-4b63-b6c2-0e0563746f1d",
        "nickname": "ABC University",
        "payer_entity_type": "PERSONAL",
        "payment_methods": [
            "SWIFT"
        ]
    }

  &amp#27;[32mWhen &amp#27;[0m&amp#27;[32mI perform post on CreateBeneficiary endpoint&amp#27;[0m                                                                                                                   &amp#27;[90m# stepDefinitions.Generic_Steps.i_perform_post_on_create_beneficiary_endpoint()&amp#27;[0m
2021-08-23 10:55:46,179 [INFO  ] Log - >> Response status code is 201
  &amp#27;[32mThen &amp#27;[0m&amp#27;[32mResponse status code is &amp#27;[0m&amp#27;[32m&amp#27;[1m201&amp#27;[0m                                                                                                                                    &amp#27;[90m# stepDefinitions.Generic_Steps.response_status_code_is(java.lang.Integer)&amp#27;[0m
2021-08-23 10:55:46,179 [INFO  ] Log - >> Response status line is HTTP/1.1 201 Created
  &amp#27;[32mAnd &amp#27;[0m&amp#27;[32mResponse status line is &amp#27;[0m&amp#27;[32m&amp#27;[1m"Created"&amp#27;[0m                                                                                                                               &amp#27;[90m# stepDefinitions.Generic_Steps.response_status_line_is(java.lang.String)&amp#27;[0m
]]></system-out>
  </testcase>
  <testcase name="runScenario[&quot;Validate correct message is returned when &quot;swift_code&quot; CTBAAU2S matches with &quot;country_code&quot; AU but not with &quot;bank_country_code&quot; &lt;Bank_country_code&gt;&quot;, &quot;Optional[Validates swift_code in BankDetails]&quot;](75)" classname="cucumber.Options.RunCucumberTests" time="0.955">
    <system-out><![CDATA[
@PositiveScenarios
Scenario Outline: Validate correct message is returned when "swift_code" CTBAAU2S matches with "country_code" AU but not with "bank_country_code" <Bank_country_code> &amp#27;[90m# src/test/resources/features/Swift_code.feature:98&amp#27;[0m
2021-08-23 10:55:46,187 [INFO  ] Log - -----------------------------------------------------------------------------------------
2021-08-23 10:55:46,187 [INFO  ] Log - >> Validate correct message is returned when "swift_code" CTBAAU2S matches with "country_code" AU but not with "bank_country_code" <Bank_country_code>
2021-08-23 10:55:46,187 [INFO  ] Log - -----------------------------------------------------------------------------------------
2021-08-23 10:55:46,657 [INFO  ] Log - >> Token Created
  &amp#27;[32mGiven &amp#27;[0m&amp#27;[32mI am authorized user&amp#27;[0m                                                                                                                                          &amp#27;[90m# stepDefinitions.Generic_Steps.i_am_authorized_user()&amp#27;[0m
2021-08-23 10:55:46,657 [INFO  ] Log - >> Request PayLoad Created

    Request Payload : {
        "payment_methods": ["SWIFT"],
        "beneficiary": {
            "address": {
                "country_code": "AU",
                "street_address": "412 5th Avenue",
                "city": "Seattle",
                "postcode": "98104",
                "state": "Washington"
            },
            "entity_type": "COMPANY",
            "additional_info": {"personal_email": "john.walker@gmail.com"},
            "bank_details": {
                "account_number": "12750852",
                "account_currency": "AUD",
                "bank_country_code": "AU",
                "swift_code": "CTBAAU2S",
                "account_name": "Lee Da Ming",
                "iban": "ES8023100001180000012345",
                "bank_name": "National Australia Bank",
                "account_routing_value1": "083064",
                "transaction_reference": "4140110135",
                "local_clearing_system": "ACH",
                "account_routing_type1": "bsb"
            },
            "company_name": "ABC University"
        },
        "nickname": "ABC University",
        "payer_entity_type": "PERSONAL"
    }

  &amp#27;[32mAnd &amp#27;[0m&amp#27;[32mI create request payload with valid data for all keys with &amp#27;[0m&amp#27;[32m&amp#27;[1m"country_code"&amp#27;[0m&amp#27;[32m is &amp#27;[0m&amp#27;[32m&amp#27;[1m"AU"&amp#27;[0m&amp#27;[32m &amp#27;[0m&amp#27;[32m&amp#27;[1m"bank_country_code"&amp#27;[0m&amp#27;[32m is &amp#27;[0m&amp#27;[32m&amp#27;[1m"AU"&amp#27;[0m&amp#27;[32m &amp#27;[0m&amp#27;[32m&amp#27;[1m"swift_code"&amp#27;[0m&amp#27;[32m is &amp#27;[0m&amp#27;[32m&amp#27;[1m"CTBAAU2S"&amp#27;[0m                        &amp#27;[90m# stepDefinitions.Generic_Steps.i_create_request_payload_with_valid_data_for_all_keys_with_is_is_is(java.lang.String,java.lang.String,java.lang.String,java.lang.String,java.lang.String,java.lang.String)&amp#27;[0m
2021-08-23 10:55:47,099 [INFO  ] Log - >> Request PayLoad is posted

    Response : {
        "beneficiary": {
            "additional_info": {
                "personal_email": "john.walker@gmail.com"
            },
            "address": {
                "city": "Seattle",
                "country_code": "AU",
                "postcode": "98104",
                "state": "Washington",
                "street_address": "412 5th Avenue"
            },
            "bank_details": {
                "account_currency": "AUD",
                "account_name": "Lee Da Ming",
                "account_number": "12750852",
                "account_routing_type1": "bsb",
                "account_routing_value1": "083064",
                "bank_country_code": "AU",
                "bank_name": "National Australia Bank",
                "iban": "ES8023100001180000012345",
                "swift_code": "CTBAAU2S"
            },
            "company_name": "ABC University",
            "entity_type": "COMPANY"
        },
        "beneficiary_id": "a1a509fd-3a20-4504-84cc-87484cb44182",
        "nickname": "ABC University",
        "payer_entity_type": "PERSONAL",
        "payment_methods": [
            "SWIFT"
        ]
    }

  &amp#27;[32mWhen &amp#27;[0m&amp#27;[32mI perform post on CreateBeneficiary endpoint&amp#27;[0m                                                                                                                   &amp#27;[90m# stepDefinitions.Generic_Steps.i_perform_post_on_create_beneficiary_endpoint()&amp#27;[0m
2021-08-23 10:55:47,101 [INFO  ] Log - >> Response status code is 201
  &amp#27;[32mThen &amp#27;[0m&amp#27;[32mResponse status code is &amp#27;[0m&amp#27;[32m&amp#27;[1m201&amp#27;[0m                                                                                                                                    &amp#27;[90m# stepDefinitions.Generic_Steps.response_status_code_is(java.lang.Integer)&amp#27;[0m
2021-08-23 10:55:47,102 [INFO  ] Log - >> Response status line is HTTP/1.1 201 Created
  &amp#27;[32mAnd &amp#27;[0m&amp#27;[32mResponse status line is &amp#27;[0m&amp#27;[32m&amp#27;[1m"Created"&amp#27;[0m                                                                                                                               &amp#27;[90m# stepDefinitions.Generic_Steps.response_status_line_is(java.lang.String)&amp#27;[0m
]]></system-out>
  </testcase>
</testsuite>