<?xml version="1.0" encoding="UTF-8"?>
<testsuite xmlns:xsi="http://www.w3.org/2001/XMLSchema-instance" xsi:noNamespaceSchemaLocation="https://maven.apache.org/surefire/maven-surefire-plugin/xsd/surefire-test-report-3.0.xsd" version="3.0" name="cucumber.Options.RunCucumberTests" time="90.262" tests="75" errors="0" skipped="0" failures="32">
  <properties>
[...]
</properties>
  <testcase name="runScenario[&quot;Validates beneficiary is not added when account_name key is missing from bankdetails jsonobject&quot;, &quot;Optional[Validates Account_Name in Bank_details]&quot;](1)" classname="cucumber.Options.RunCucumberTests" time="5.522">
    <system-out><![CDATA[
@SchemaValidation
Scenario: Validates beneficiary is not added when account_name key is missing from bankdetails jsonobject &amp#27;[90m# src/test/resources/features/Account_Name.feature:7&amp#27;[0m
2021-08-23 21:35:18,495 [INFO  ] Log - -----------------------------------------------------------------------------------------
2021-08-23 21:35:18,500 [INFO  ] Log - >> Validates beneficiary is not added when account_name key is missing from bankdetails jsonobject
2021-08-23 21:35:18,500 [INFO  ] Log - -----------------------------------------------------------------------------------------
2021-08-23 21:35:21,405 [INFO  ] Log - >> Token Created
  &amp#27;[32mGiven &amp#27;[0m&amp#27;[32mI am authorized user&amp#27;[0m                                                                              &amp#27;[90m# stepDefinitions.Given_Steps.i_am_authorized_user()&amp#27;[0m
2021-08-23 21:35:21,407 [INFO  ] Log - >> Request PayLoad Created with all keys, except without  account_name
2021-08-23 21:35:21,417 [INFO  ] Log - >> 
Request Payload : {
    "payment_methods": ["SWIFT"],
    "beneficiary": {
        "address": {
            "country_code": "US",
            "street_address": "412 5th Avenue",
            "city": "Seattle",
            "postcode": "98104",
            "state": "Washington"
        },
        "entity_type": "COMPANY",
        "additional_info": {"personal_email": "john.walker@gmail.com"},
        "bank_details": {
            "account_number": "502231121",
            "account_currency": "USD",
            "bank_country_code": "US",
            "swift_code": "CHASUS33",
            "bank_name": "JP Morgan Chase Bank",
            "account_routing_value1": "907765701",
            "account_routing_type1": "aba"
        },
        "company_name": "ABC University"
    },
    "nickname": "ABC University",
    "payer_entity_type": "PERSONAL"
}

    Request Payload : {
        "payment_methods": ["SWIFT"],
        "beneficiary": {
            "address": {
                "country_code": "US",
                "street_address": "412 5th Avenue",
                "city": "Seattle",
                "postcode": "98104",
                "state": "Washington"
            },
            "entity_type": "COMPANY",
            "additional_info": {"personal_email": "john.walker@gmail.com"},
            "bank_details": {
                "account_number": "502231121",
                "account_currency": "USD",
                "bank_country_code": "US",
                "swift_code": "CHASUS33",
                "bank_name": "JP Morgan Chase Bank",
                "account_routing_value1": "907765701",
                "account_routing_type1": "aba"
            },
            "company_name": "ABC University"
        },
        "nickname": "ABC University",
        "payer_entity_type": "PERSONAL"
    }

  &amp#27;[32mAnd &amp#27;[0m&amp#27;[32mI create request payload with valid data for all keys without &amp#27;[0m&amp#27;[32m&amp#27;[1m"account_name"&amp#27;[0m                        &amp#27;[90m# stepDefinitions.Given_Steps.i_create_request_payload_with_valid_data_for_all_keys_without_bank_country_code(java.lang.String)&amp#27;[0m
2021-08-23 21:35:22,616 [INFO  ] Log - >> Request PayLoad is posted
2021-08-23 21:35:22,682 [INFO  ] Log - >> 
Response : {
    "code": "payment_schema_validation_failed",
    "message": "This field is required",
    "source": "beneficiary.bank_details.account_name"
}

    Response : {
        "code": "payment_schema_validation_failed",
        "message": "This field is required",
        "source": "beneficiary.bank_details.account_name"
    }

  &amp#27;[32mWhen &amp#27;[0m&amp#27;[32mI perform post on CreateBeneficiary endpoint&amp#27;[0m                                                       &amp#27;[90m# stepDefinitions.When_Steps.i_perform_post_on_create_beneficiary_endpoint()&amp#27;[0m
2021-08-23 21:35:22,696 [INFO  ] Log - >> Response status code is 400
  &amp#27;[32mThen &amp#27;[0m&amp#27;[32mResponse status code is &amp#27;[0m&amp#27;[32m&amp#27;[1m400&amp#27;[0m                                                                        &amp#27;[90m# stepDefinitions.Then_Steps.response_status_code_is(java.lang.Integer)&amp#27;[0m
2021-08-23 21:35:22,701 [INFO  ] Log - >> Response status line is HTTP/1.1 400 Bad Request
  &amp#27;[32mAnd &amp#27;[0m&amp#27;[32mResponse status line is &amp#27;[0m&amp#27;[32m&amp#27;[1m"Bad Request"&amp#27;[0m                                                               &amp#27;[90m# stepDefinitions.Then_Steps.response_status_line_is(java.lang.String)&amp#27;[0m
2021-08-23 21:35:22,721 [INFO  ] Log - >> Response code contains value payment_schema_validation_failed
  &amp#27;[32mAnd &amp#27;[0m&amp#27;[32mResponse &amp#27;[0m&amp#27;[32m&amp#27;[1m"code"&amp#27;[0m&amp#27;[32m has value &amp#27;[0m&amp#27;[32m&amp#27;[1m"payment_schema_validation_failed"&amp#27;[0m                                        &amp#27;[90m# stepDefinitions.Then_Steps.response_contains_value(java.lang.String,java.lang.String)&amp#27;[0m
2021-08-23 21:35:22,767 [INFO  ] Log - >> Response message contains value This field is required
  &amp#27;[32mAnd &amp#27;[0m&amp#27;[32mResponse &amp#27;[0m&amp#27;[32m&amp#27;[1m"message"&amp#27;[0m&amp#27;[32m has value &amp#27;[0m&amp#27;[32m&amp#27;[1m"This field is required"&amp#27;[0m                                               &amp#27;[90m# stepDefinitions.Then_Steps.response_contains_value(java.lang.String,java.lang.String)&amp#27;[0m
2021-08-23 21:35:22,799 [INFO  ] Log - >> Response source contains value beneficiary.bank_details.account_name
  &amp#27;[32mAnd &amp#27;[0m&amp#27;[32mResponse &amp#27;[0m&amp#27;[32m&amp#27;[1m"source"&amp#27;[0m&amp#27;[32m has value &amp#27;[0m&amp#27;[32m&amp#27;[1m"beneficiary.bank_details.account_name"&amp#27;[0m                                 &amp#27;[90m# stepDefinitions.Then_Steps.response_contains_value(java.lang.String,java.lang.String)&amp#27;[0m
]]></system-out>
  </testcase>
  <testcase name="runScenario[&quot;Validates beneficiary is not added when account_name value is Empty&quot;, &quot;Optional[Validates Account_Name in Bank_details]&quot;](2)" classname="cucumber.Options.RunCucumberTests" time="2.497">
    <system-out><![CDATA[
@SchemaValidation
Scenario: Validates beneficiary is not added when account_name value is Empty              &amp#27;[90m# src/test/resources/features/Account_Name.feature:17&amp#27;[0m
2021-08-23 21:35:22,856 [INFO  ] Log - -----------------------------------------------------------------------------------------
2021-08-23 21:35:22,856 [INFO  ] Log - >> Validates beneficiary is not added when account_name value is Empty
2021-08-23 21:35:22,857 [INFO  ] Log - -----------------------------------------------------------------------------------------
2021-08-23 21:35:24,067 [INFO  ] Log - >> Token Created
  &amp#27;[32mGiven &amp#27;[0m&amp#27;[32mI am authorized user&amp#27;[0m                                                               &amp#27;[90m# stepDefinitions.Given_Steps.i_am_authorized_user()&amp#27;[0m
2021-08-23 21:35:24,070 [INFO  ] Log - >> Request PayLoad Created with all keys, with account_name value is Empty
2021-08-23 21:35:24,070 [INFO  ] Log - >> 
Request Payload : {
    "payment_methods": ["SWIFT"],
    "beneficiary": {
        "address": {
            "country_code": "US",
            "street_address": "412 5th Avenue",
            "city": "Seattle",
            "postcode": "98104",
            "state": "Washington"
        },
        "entity_type": "COMPANY",
        "additional_info": {"personal_email": "john.walker@gmail.com"},
        "bank_details": {
            "account_number": "502231121",
            "account_currency": "USD",
            "bank_country_code": "US",
            "swift_code": "CHASUS33",
            "account_name": "",
            "bank_name": "JP Morgan Chase Bank",
            "account_routing_value1": "907765701",
            "account_routing_type1": "aba"
        },
        "company_name": "ABC University"
    },
    "nickname": "ABC University",
    "payer_entity_type": "PERSONAL"
}

    Request Payload : {
        "payment_methods": ["SWIFT"],
        "beneficiary": {
            "address": {
                "country_code": "US",
                "street_address": "412 5th Avenue",
                "city": "Seattle",
                "postcode": "98104",
                "state": "Washington"
            },
            "entity_type": "COMPANY",
            "additional_info": {"personal_email": "john.walker@gmail.com"},
            "bank_details": {
                "account_number": "502231121",
                "account_currency": "USD",
                "bank_country_code": "US",
                "swift_code": "CHASUS33",
                "account_name": "",
                "bank_name": "JP Morgan Chase Bank",
                "account_routing_value1": "907765701",
                "account_routing_type1": "aba"
            },
            "company_name": "ABC University"
        },
        "nickname": "ABC University",
        "payer_entity_type": "PERSONAL"
    }

  &amp#27;[32mAnd &amp#27;[0m&amp#27;[32mI create request payload with valid data for all keys with &amp#27;[0m&amp#27;[32m&amp#27;[1m"account_name"&amp#27;[0m&amp#27;[32m is &amp#27;[0m&amp#27;[32m&amp#27;[1m"Empty"&amp#27;[0m &amp#27;[90m# stepDefinitions.Given_Steps.i_create_request_payload_with_valid_data_for_all_keys_with_bank_country_code_is(java.lang.String,java.lang.String)&amp#27;[0m
2021-08-23 21:35:25,199 [INFO  ] Log - >> Request PayLoad is posted
2021-08-23 21:35:25,201 [INFO  ] Log - >> 
Response : {
    "code": "payment_schema_validation_failed",
    "message": "This field is required",
    "source": "beneficiary.bank_details.account_name"
}

    Response : {
        "code": "payment_schema_validation_failed",
        "message": "This field is required",
        "source": "beneficiary.bank_details.account_name"
    }

  &amp#27;[32mWhen &amp#27;[0m&amp#27;[32mI perform post on CreateBeneficiary endpoint&amp#27;[0m                                        &amp#27;[90m# stepDefinitions.When_Steps.i_perform_post_on_create_beneficiary_endpoint()&amp#27;[0m
2021-08-23 21:35:25,205 [INFO  ] Log - >> Response status code is 400
  &amp#27;[32mThen &amp#27;[0m&amp#27;[32mResponse status code is &amp#27;[0m&amp#27;[32m&amp#27;[1m400&amp#27;[0m                                                         &amp#27;[90m# stepDefinitions.Then_Steps.response_status_code_is(java.lang.Integer)&amp#27;[0m
2021-08-23 21:35:25,207 [INFO  ] Log - >> Response status line is HTTP/1.1 400 Bad Request
  &amp#27;[32mAnd &amp#27;[0m&amp#27;[32mResponse status line is &amp#27;[0m&amp#27;[32m&amp#27;[1m"Bad Request"&amp#27;[0m                                                &amp#27;[90m# stepDefinitions.Then_Steps.response_status_line_is(java.lang.String)&amp#27;[0m
2021-08-23 21:35:25,238 [INFO  ] Log - >> Response code contains value payment_schema_validation_failed
  &amp#27;[32mAnd &amp#27;[0m&amp#27;[32mResponse &amp#27;[0m&amp#27;[32m&amp#27;[1m"code"&amp#27;[0m&amp#27;[32m has value &amp#27;[0m&amp#27;[32m&amp#27;[1m"payment_schema_validation_failed"&amp#27;[0m                         &amp#27;[90m# stepDefinitions.Then_Steps.response_contains_value(java.lang.String,java.lang.String)&amp#27;[0m
2021-08-23 21:35:25,276 [INFO  ] Log - >> Response message contains value This field is required
  &amp#27;[32mAnd &amp#27;[0m&amp#27;[32mResponse &amp#27;[0m&amp#27;[32m&amp#27;[1m"message"&amp#27;[0m&amp#27;[32m has value &amp#27;[0m&amp#27;[32m&amp#27;[1m"This field is required"&amp#27;[0m                                &amp#27;[90m# stepDefinitions.Then_Steps.response_contains_value(java.lang.String,java.lang.String)&amp#27;[0m
2021-08-23 21:35:25,318 [INFO  ] Log - >> Response source contains value beneficiary.bank_details.account_name
  &amp#27;[32mAnd &amp#27;[0m&amp#27;[32mResponse &amp#27;[0m&amp#27;[32m&amp#27;[1m"source"&amp#27;[0m&amp#27;[32m has value &amp#27;[0m&amp#27;[32m&amp#27;[1m"beneficiary.bank_details.account_name"&amp#27;[0m                  &amp#27;[90m# stepDefinitions.Then_Steps.response_contains_value(java.lang.String,java.lang.String)&amp#27;[0m
]]></system-out>
  </testcase>
  <testcase name="runScenario[&quot;Validate error response is returned for &quot;bank_country_code&quot; US when &quot;account_name&quot; U has invalid no. of characters 1&quot;, &quot;Optional[Validates Account_Name in Bank_details]&quot;](3)" classname="cucumber.Options.RunCucumberTests" time="1.836">
    <failure message="The following asserts failed:&#10;	expected [Length of account_name should be between {Min} and {Max} when bank_country_code is US] but found [Should contain 2 to 200 characters]" type="java.lang.AssertionError"><![CDATA[java.lang.AssertionError: 
The following asserts failed:
	expected [Length of account_name should be between {Min} and {Max} when bank_country_code is US] but found [Should contain 2 to 200 characters]
]]></failure>
    <system-out><![CDATA[
@RequirementMismatch-AcctNameLength @RequirementMismatch-ImproperResponseMessage
Scenario Outline: Validate error response is returned for "bank_country_code" US when "account_name" U has invalid no. of characters 1 &amp#27;[90m# src/test/resources/features/Account_Name.feature:38&amp#27;[0m
2021-08-23 21:35:25,371 [INFO  ] Log - -----------------------------------------------------------------------------------------
2021-08-23 21:35:25,371 [INFO  ] Log - >> Validate error response is returned for "bank_country_code" US when "account_name" U has invalid no. of characters 1
2021-08-23 21:35:25,371 [INFO  ] Log - -----------------------------------------------------------------------------------------
2021-08-23 21:35:25,911 [INFO  ] Log - >> Token Created
  &amp#27;[32mGiven &amp#27;[0m&amp#27;[32mI am authorized user&amp#27;[0m                                                                                                           &amp#27;[90m# stepDefinitions.Given_Steps.i_am_authorized_user()&amp#27;[0m
2021-08-23 21:35:25,913 [INFO  ] Log - >> Request PayLoad Created
2021-08-23 21:35:25,914 [INFO  ] Log - >> 
Request Payload : {
    "payment_methods": ["SWIFT"],
    "beneficiary": {
        "address": {
            "country_code": "US",
            "street_address": "412 5th Avenue",
            "city": "Seattle",
            "postcode": "98104",
            "state": "Washington"
        },
        "entity_type": "COMPANY",
        "additional_info": {"personal_email": "john.walker@gmail.com"},
        "bank_details": {
            "account_number": "502231121",
            "account_currency": "USD",
            "bank_country_code": "US",
            "swift_code": "CHASUS33",
            "account_name": "U",
            "bank_name": "JP Morgan Chase Bank",
            "account_routing_value1": "907765701",
            "account_routing_type1": "aba"
        },
        "company_name": "ABC University"
    },
    "nickname": "ABC University",
    "payer_entity_type": "PERSONAL"
}

    Request Payload : {
        "payment_methods": ["SWIFT"],
        "beneficiary": {
            "address": {
                "country_code": "US",
                "street_address": "412 5th Avenue",
                "city": "Seattle",
                "postcode": "98104",
                "state": "Washington"
            },
            "entity_type": "COMPANY",
            "additional_info": {"personal_email": "john.walker@gmail.com"},
            "bank_details": {
                "account_number": "502231121",
                "account_currency": "USD",
                "bank_country_code": "US",
                "swift_code": "CHASUS33",
                "account_name": "U",
                "bank_name": "JP Morgan Chase Bank",
                "account_routing_value1": "907765701",
                "account_routing_type1": "aba"
            },
            "company_name": "ABC University"
        },
        "nickname": "ABC University",
        "payer_entity_type": "PERSONAL"
    }

  &amp#27;[32mAnd &amp#27;[0m&amp#27;[32mI create request payload with valid data for all keys with &amp#27;[0m&amp#27;[32m&amp#27;[1m"bank_country_code"&amp#27;[0m&amp#27;[32m is &amp#27;[0m&amp#27;[32m&amp#27;[1m"US"&amp#27;[0m&amp#27;[32m &amp#27;[0m&amp#27;[32m&amp#27;[1m"account_name"&amp#27;[0m&amp#27;[32m is &amp#27;[0m&amp#27;[32m&amp#27;[1m"U"&amp#27;[0m                     &amp#27;[90m# stepDefinitions.Given_Steps.i_create_request_payload_with_valid_data_for_all_keys_with_is_is(java.lang.String,java.lang.String,java.lang.String,java.lang.String)&amp#27;[0m
2021-08-23 21:35:27,014 [INFO  ] Log - >> Request PayLoad is posted
2021-08-23 21:35:27,016 [INFO  ] Log - >> 
Response : {
    "code": "payment_schema_validation_failed",
    "message": "Should contain 2 to 200 characters",
    "source": "beneficiary.bank_details.account_name"
}

    Response : {
        "code": "payment_schema_validation_failed",
        "message": "Should contain 2 to 200 characters",
        "source": "beneficiary.bank_details.account_name"
    }

  &amp#27;[32mWhen &amp#27;[0m&amp#27;[32mI perform post on CreateBeneficiary endpoint&amp#27;[0m                                                                                    &amp#27;[90m# stepDefinitions.When_Steps.i_perform_post_on_create_beneficiary_endpoint()&amp#27;[0m
2021-08-23 21:35:27,019 [INFO  ] Log - >> Response status code is 400
  &amp#27;[32mThen &amp#27;[0m&amp#27;[32mResponse status code is &amp#27;[0m&amp#27;[32m&amp#27;[1m400&amp#27;[0m                                                                                                     &amp#27;[90m# stepDefinitions.Then_Steps.response_status_code_is(java.lang.Integer)&amp#27;[0m
2021-08-23 21:35:27,020 [INFO  ] Log - >> Response status line is HTTP/1.1 400 Bad Request
  &amp#27;[32mAnd &amp#27;[0m&amp#27;[32mResponse status line is &amp#27;[0m&amp#27;[32m&amp#27;[1m"Bad Request"&amp#27;[0m                                                                                            &amp#27;[90m# stepDefinitions.Then_Steps.response_status_line_is(java.lang.String)&amp#27;[0m
2021-08-23 21:35:27,051 [INFO  ] Log - >> Response code contains value payment_schema_validation_failed
  &amp#27;[32mAnd &amp#27;[0m&amp#27;[32mResponse &amp#27;[0m&amp#27;[32m&amp#27;[1m"code"&amp#27;[0m&amp#27;[32m has value &amp#27;[0m&amp#27;[32m&amp#27;[1m"payment_schema_validation_failed"&amp#27;[0m                                                                     &amp#27;[90m# stepDefinitions.Then_Steps.response_contains_value(java.lang.String,java.lang.String)&amp#27;[0m
2021-08-23 21:35:27,093 [INFO  ] Log - >> Response message contains value Should contain 2 to 200 characters
  &amp#27;[32mAnd &amp#27;[0m&amp#27;[32mResponse &amp#27;[0m&amp#27;[32m&amp#27;[1m"message"&amp#27;[0m&amp#27;[32m has value &amp#27;[0m&amp#27;[32m&amp#27;[1m"Length of account_name should be between {Min} and {Max} when bank_country_code is US"&amp#27;[0m             &amp#27;[90m# stepDefinitions.Then_Steps.response_contains_value(java.lang.String,java.lang.String)&amp#27;[0m
2021-08-23 21:35:27,140 [INFO  ] Log - >> Response source contains value beneficiary.bank_details.account_name
  &amp#27;[32mAnd &amp#27;[0m&amp#27;[32mResponse &amp#27;[0m&amp#27;[32m&amp#27;[1m"source"&amp#27;[0m&amp#27;[32m has value &amp#27;[0m&amp#27;[32m&amp#27;[1m"beneficiary.bank_details.account_name"&amp#27;[0m                                                              &amp#27;[90m# stepDefinitions.Then_Steps.response_contains_value(java.lang.String,java.lang.String)&amp#27;[0m
      &amp#27;[31mjava.lang.AssertionError: The following asserts failed:
	expected [Length of account_name should be between {Min} and {Max} when bank_country_code is US] but found [Should contain 2 to 200 characters]
	at org.testng.asserts.SoftAssert.assertAll(SoftAssert.java:47)
	at org.testng.asserts.SoftAssert.assertAll(SoftAssert.java:31)
	at stepDefinitions.Then_Steps.after(Then_Steps.java:30)
&amp#27;[0m
]]></system-out>
  </testcase>
  <testcase name="runScenario[&quot;Validate error response is returned for &quot;bank_country_code&quot; AU when &quot;account_name&quot; a has invalid no. of characters 1&quot;, &quot;Optional[Validates Account_Name in Bank_details]&quot;](4)" classname="cucumber.Options.RunCucumberTests" time="2.442">
    <failure message="The following asserts failed:&#10;	expected [Length of account_name should be between {Min} and {Max} when bank_country_code is AU] but found [Should contain 2 to 200 characters]" type="java.lang.AssertionError"><![CDATA[java.lang.AssertionError: 
The following asserts failed:
	expected [Length of account_name should be between {Min} and {Max} when bank_country_code is AU] but found [Should contain 2 to 200 characters]
]]></failure>
    <system-out><![CDATA[
@RequirementMismatch-AcctNameLength @RequirementMismatch-ImproperResponseMessage
Scenario Outline: Validate error response is returned for "bank_country_code" AU when "account_name" a has invalid no. of characters 1 &amp#27;[90m# src/test/resources/features/Account_Name.feature:39&amp#27;[0m
2021-08-23 21:35:27,207 [INFO  ] Log - -----------------------------------------------------------------------------------------
2021-08-23 21:35:27,212 [INFO  ] Log - >> Validate error response is returned for "bank_country_code" AU when "account_name" a has invalid no. of characters 1
2021-08-23 21:35:27,213 [INFO  ] Log - -----------------------------------------------------------------------------------------
2021-08-23 21:35:28,422 [INFO  ] Log - >> Token Created
  &amp#27;[32mGiven &amp#27;[0m&amp#27;[32mI am authorized user&amp#27;[0m                                                                                                           &amp#27;[90m# stepDefinitions.Given_Steps.i_am_authorized_user()&amp#27;[0m
2021-08-23 21:35:28,424 [INFO  ] Log - >> Request PayLoad Created
2021-08-23 21:35:28,425 [INFO  ] Log - >> 
Request Payload : {
    "payment_methods": ["SWIFT"],
    "beneficiary": {
        "address": {
            "country_code": "AU",
            "street_address": "412 5th Avenue",
            "city": "Seattle",
            "postcode": "98104",
            "state": "Washington"
        },
        "entity_type": "COMPANY",
        "additional_info": {"personal_email": "john.walker@gmail.com"},
        "bank_details": {
            "account_number": "12750852",
            "account_currency": "AUD",
            "bank_country_code": "AU",
            "swift_code": "CTBAAU2S",
            "account_name": "a",
            "iban": "ES8023100001180000012345",
            "bank_name": "National Australia Bank",
            "account_routing_value1": "083064",
            "transaction_reference": "4140110135",
            "local_clearing_system": "ACH",
            "account_routing_type1": "bsb"
        },
        "company_name": "ABC University"
    },
    "nickname": "ABC University",
    "payer_entity_type": "PERSONAL"
}

    Request Payload : {
        "payment_methods": ["SWIFT"],
        "beneficiary": {
            "address": {
                "country_code": "AU",
                "street_address": "412 5th Avenue",
                "city": "Seattle",
                "postcode": "98104",
                "state": "Washington"
            },
            "entity_type": "COMPANY",
            "additional_info": {"personal_email": "john.walker@gmail.com"},
            "bank_details": {
                "account_number": "12750852",
                "account_currency": "AUD",
                "bank_country_code": "AU",
                "swift_code": "CTBAAU2S",
                "account_name": "a",
                "iban": "ES8023100001180000012345",
                "bank_name": "National Australia Bank",
                "account_routing_value1": "083064",
                "transaction_reference": "4140110135",
                "local_clearing_system": "ACH",
                "account_routing_type1": "bsb"
            },
            "company_name": "ABC University"
        },
        "nickname": "ABC University",
        "payer_entity_type": "PERSONAL"
    }

  &amp#27;[32mAnd &amp#27;[0m&amp#27;[32mI create request payload with valid data for all keys with &amp#27;[0m&amp#27;[32m&amp#27;[1m"bank_country_code"&amp#27;[0m&amp#27;[32m is &amp#27;[0m&amp#27;[32m&amp#27;[1m"AU"&amp#27;[0m&amp#27;[32m &amp#27;[0m&amp#27;[32m&amp#27;[1m"account_name"&amp#27;[0m&amp#27;[32m is &amp#27;[0m&amp#27;[32m&amp#27;[1m"a"&amp#27;[0m                     &amp#27;[90m# stepDefinitions.Given_Steps.i_create_request_payload_with_valid_data_for_all_keys_with_is_is(java.lang.String,java.lang.String,java.lang.String,java.lang.String)&amp#27;[0m
2021-08-23 21:35:29,528 [INFO  ] Log - >> Request PayLoad is posted
2021-08-23 21:35:29,530 [INFO  ] Log - >> 
Response : {
    "code": "payment_schema_validation_failed",
    "message": "Should contain 2 to 200 characters",
    "source": "beneficiary.bank_details.account_name"
}

    Response : {
        "code": "payment_schema_validation_failed",
        "message": "Should contain 2 to 200 characters",
        "source": "beneficiary.bank_details.account_name"
    }

  &amp#27;[32mWhen &amp#27;[0m&amp#27;[32mI perform post on CreateBeneficiary endpoint&amp#27;[0m                                                                                    &amp#27;[90m# stepDefinitions.When_Steps.i_perform_post_on_create_beneficiary_endpoint()&amp#27;[0m
2021-08-23 21:35:29,533 [INFO  ] Log - >> Response status code is 400
  &amp#27;[32mThen &amp#27;[0m&amp#27;[32mResponse status code is &amp#27;[0m&amp#27;[32m&amp#27;[1m400&amp#27;[0m                                                                                                     &amp#27;[90m# stepDefinitions.Then_Steps.response_status_code_is(java.lang.Integer)&amp#27;[0m
2021-08-23 21:35:29,534 [INFO  ] Log - >> Response status line is HTTP/1.1 400 Bad Request
  &amp#27;[32mAnd &amp#27;[0m&amp#27;[32mResponse status line is &amp#27;[0m&amp#27;[32m&amp#27;[1m"Bad Request"&amp#27;[0m                                                                                            &amp#27;[90m# stepDefinitions.Then_Steps.response_status_line_is(java.lang.String)&amp#27;[0m
2021-08-23 21:35:29,550 [INFO  ] Log - >> Response code contains value payment_schema_validation_failed
  &amp#27;[32mAnd &amp#27;[0m&amp#27;[32mResponse &amp#27;[0m&amp#27;[32m&amp#27;[1m"code"&amp#27;[0m&amp#27;[32m has value &amp#27;[0m&amp#27;[32m&amp#27;[1m"payment_schema_validation_failed"&amp#27;[0m                                                                     &amp#27;[90m# stepDefinitions.Then_Steps.response_contains_value(java.lang.String,java.lang.String)&amp#27;[0m
2021-08-23 21:35:29,579 [INFO  ] Log - >> Response message contains value Should contain 2 to 200 characters
  &amp#27;[32mAnd &amp#27;[0m&amp#27;[32mResponse &amp#27;[0m&amp#27;[32m&amp#27;[1m"message"&amp#27;[0m&amp#27;[32m has value &amp#27;[0m&amp#27;[32m&amp#27;[1m"Length of account_name should be between {Min} and {Max} when bank_country_code is AU"&amp#27;[0m             &amp#27;[90m# stepDefinitions.Then_Steps.response_contains_value(java.lang.String,java.lang.String)&amp#27;[0m
2021-08-23 21:35:29,605 [INFO  ] Log - >> Response source contains value beneficiary.bank_details.account_name
  &amp#27;[32mAnd &amp#27;[0m&amp#27;[32mResponse &amp#27;[0m&amp#27;[32m&amp#27;[1m"source"&amp#27;[0m&amp#27;[32m has value &amp#27;[0m&amp#27;[32m&amp#27;[1m"beneficiary.bank_details.account_name"&amp#27;[0m                                                              &amp#27;[90m# stepDefinitions.Then_Steps.response_contains_value(java.lang.String,java.lang.String)&amp#27;[0m
      &amp#27;[31mjava.lang.AssertionError: The following asserts failed:
	expected [Length of account_name should be between {Min} and {Max} when bank_country_code is AU] but found [Should contain 2 to 200 characters]
	at org.testng.asserts.SoftAssert.assertAll(SoftAssert.java:47)
	at org.testng.asserts.SoftAssert.assertAll(SoftAssert.java:31)
	at stepDefinitions.Then_Steps.after(Then_Steps.java:30)
&amp#27;[0m
]]></system-out>
  </testcase>
  <testcase name="runScenario[&quot;Validate error response is returned for &quot;bank_country_code&quot; CN when &quot;account_name&quot; G has invalid no. of characters 1&quot;, &quot;Optional[Validates Account_Name in Bank_details]&quot;](5)" classname="cucumber.Options.RunCucumberTests" time="1.654">
    <failure message="The following asserts failed:&#10;	expected [Length of account_name should be between {Min} and {Max} when bank_country_code is CN] but found [Should contain 2 to 200 characters]" type="java.lang.AssertionError"><![CDATA[java.lang.AssertionError: 
The following asserts failed:
	expected [Length of account_name should be between {Min} and {Max} when bank_country_code is CN] but found [Should contain 2 to 200 characters]
]]></failure>
    <system-out><![CDATA[
@RequirementMismatch-AcctNameLength @RequirementMismatch-ImproperResponseMessage
Scenario Outline: Validate error response is returned for "bank_country_code" CN when "account_name" G has invalid no. of characters 1 &amp#27;[90m# src/test/resources/features/Account_Name.feature:40&amp#27;[0m
2021-08-23 21:35:29,634 [INFO  ] Log - -----------------------------------------------------------------------------------------
2021-08-23 21:35:29,634 [INFO  ] Log - >> Validate error response is returned for "bank_country_code" CN when "account_name" G has invalid no. of characters 1
2021-08-23 21:35:29,634 [INFO  ] Log - -----------------------------------------------------------------------------------------
2021-08-23 21:35:30,093 [INFO  ] Log - >> Token Created
  &amp#27;[32mGiven &amp#27;[0m&amp#27;[32mI am authorized user&amp#27;[0m                                                                                                           &amp#27;[90m# stepDefinitions.Given_Steps.i_am_authorized_user()&amp#27;[0m
2021-08-23 21:35:30,094 [INFO  ] Log - >> Request PayLoad Created
2021-08-23 21:35:30,095 [INFO  ] Log - >> 
Request Payload : {
    "payment_methods": ["SWIFT"],
    "beneficiary": {
        "address": {
            "country_code": "CN",
            "street_address": "412 5th Avenue",
            "city": "Seattle",
            "postcode": "98104",
            "state": "Washington"
        },
        "entity_type": "COMPANY",
        "additional_info": {"personal_email": "john.walker@gmail.com"},
        "bank_details": {
            "account_number": "12750852",
            "account_currency": "CAD",
            "bank_country_code": "CN",
            "swift_code": "ICBKCNBJ",
            "account_name": "G",
            "iban": "ES8023100001180000012345",
            "bank_name": "National Canadian Bank",
            "account_routing_value1": "083064",
            "transaction_reference": "4140110135",
            "local_clearing_system": "ACH",
            "account_routing_type1": "aba"
        },
        "company_name": "ABC University"
    },
    "nickname": "ABC University",
    "payer_entity_type": "PERSONAL"
}

    Request Payload : {
        "payment_methods": ["SWIFT"],
        "beneficiary": {
            "address": {
                "country_code": "CN",
                "street_address": "412 5th Avenue",
                "city": "Seattle",
                "postcode": "98104",
                "state": "Washington"
            },
            "entity_type": "COMPANY",
            "additional_info": {"personal_email": "john.walker@gmail.com"},
            "bank_details": {
                "account_number": "12750852",
                "account_currency": "CAD",
                "bank_country_code": "CN",
                "swift_code": "ICBKCNBJ",
                "account_name": "G",
                "iban": "ES8023100001180000012345",
                "bank_name": "National Canadian Bank",
                "account_routing_value1": "083064",
                "transaction_reference": "4140110135",
                "local_clearing_system": "ACH",
                "account_routing_type1": "aba"
            },
            "company_name": "ABC University"
        },
        "nickname": "ABC University",
        "payer_entity_type": "PERSONAL"
    }

  &amp#27;[32mAnd &amp#27;[0m&amp#27;[32mI create request payload with valid data for all keys with &amp#27;[0m&amp#27;[32m&amp#27;[1m"bank_country_code"&amp#27;[0m&amp#27;[32m is &amp#27;[0m&amp#27;[32m&amp#27;[1m"CN"&amp#27;[0m&amp#27;[32m &amp#27;[0m&amp#27;[32m&amp#27;[1m"account_name"&amp#27;[0m&amp#27;[32m is &amp#27;[0m&amp#27;[32m&amp#27;[1m"G"&amp#27;[0m                     &amp#27;[90m# stepDefinitions.Given_Steps.i_create_request_payload_with_valid_data_for_all_keys_with_is_is(java.lang.String,java.lang.String,java.lang.String,java.lang.String)&amp#27;[0m
2021-08-23 21:35:31,152 [INFO  ] Log - >> Request PayLoad is posted
2021-08-23 21:35:31,158 [INFO  ] Log - >> 
Response : {
    "code": "payment_schema_validation_failed",
    "message": "Should contain 2 to 200 characters",
    "source": "beneficiary.bank_details.account_name"
}

    Response : {
        "code": "payment_schema_validation_failed",
        "message": "Should contain 2 to 200 characters",
        "source": "beneficiary.bank_details.account_name"
    }

  &amp#27;[32mWhen &amp#27;[0m&amp#27;[32mI perform post on CreateBeneficiary endpoint&amp#27;[0m                                                                                    &amp#27;[90m# stepDefinitions.When_Steps.i_perform_post_on_create_beneficiary_endpoint()&amp#27;[0m
2021-08-23 21:35:31,161 [INFO  ] Log - >> Response status code is 400
  &amp#27;[32mThen &amp#27;[0m&amp#27;[32mResponse status code is &amp#27;[0m&amp#27;[32m&amp#27;[1m400&amp#27;[0m                                                                                                     &amp#27;[90m# stepDefinitions.Then_Steps.response_status_code_is(java.lang.Integer)&amp#27;[0m
2021-08-23 21:35:31,162 [INFO  ] Log - >> Response status line is HTTP/1.1 400 Bad Request
  &amp#27;[32mAnd &amp#27;[0m&amp#27;[32mResponse status line is &amp#27;[0m&amp#27;[32m&amp#27;[1m"Bad Request"&amp#27;[0m                                                                                            &amp#27;[90m# stepDefinitions.Then_Steps.response_status_line_is(java.lang.String)&amp#27;[0m
2021-08-23 21:35:31,195 [INFO  ] Log - >> Response code contains value payment_schema_validation_failed
  &amp#27;[32mAnd &amp#27;[0m&amp#27;[32mResponse &amp#27;[0m&amp#27;[32m&amp#27;[1m"code"&amp#27;[0m&amp#27;[32m has value &amp#27;[0m&amp#27;[32m&amp#27;[1m"payment_schema_validation_failed"&amp#27;[0m                                                                     &amp#27;[90m# stepDefinitions.Then_Steps.response_contains_value(java.lang.String,java.lang.String)&amp#27;[0m
2021-08-23 21:35:31,233 [INFO  ] Log - >> Response message contains value Should contain 2 to 200 characters
  &amp#27;[32mAnd &amp#27;[0m&amp#27;[32mResponse &amp#27;[0m&amp#27;[32m&amp#27;[1m"message"&amp#27;[0m&amp#27;[32m has value &amp#27;[0m&amp#27;[32m&amp#27;[1m"Length of account_name should be between {Min} and {Max} when bank_country_code is CN"&amp#27;[0m             &amp#27;[90m# stepDefinitions.Then_Steps.response_contains_value(java.lang.String,java.lang.String)&amp#27;[0m
2021-08-23 21:35:31,275 [INFO  ] Log - >> Response source contains value beneficiary.bank_details.account_name
  &amp#27;[32mAnd &amp#27;[0m&amp#27;[32mResponse &amp#27;[0m&amp#27;[32m&amp#27;[1m"source"&amp#27;[0m&amp#27;[32m has value &amp#27;[0m&amp#27;[32m&amp#27;[1m"beneficiary.bank_details.account_name"&amp#27;[0m                                                              &amp#27;[90m# stepDefinitions.Then_Steps.response_contains_value(java.lang.String,java.lang.String)&amp#27;[0m
      &amp#27;[31mjava.lang.AssertionError: The following asserts failed:
	expected [Length of account_name should be between {Min} and {Max} when bank_country_code is CN] but found [Should contain 2 to 200 characters]
	at org.testng.asserts.SoftAssert.assertAll(SoftAssert.java:47)
	at org.testng.asserts.SoftAssert.assertAll(SoftAssert.java:31)
	at stepDefinitions.Then_Steps.after(Then_Steps.java:30)
&amp#27;[0m
]]></system-out>
  </testcase>
  <testcase name="runScenario[&quot;Validate error response is returned for &quot;bank_country_code&quot; CN when &quot;account_name&quot; asfsf4567w3 has invalid no. of characters 11&quot;, &quot;Optional[Validates Account_Name in Bank_details]&quot;](6)" classname="cucumber.Options.RunCucumberTests" time="2.435">
    <failure message="Cannot invoke &quot;Object.toString()&quot; because the return value of &quot;io.restassured.path.json.JsonPath.get(String)&quot; is null" type="java.lang.NullPointerException"><![CDATA[java.lang.NullPointerException: Cannot invoke "Object.toString()" because the return value of "io.restassured.path.json.JsonPath.get(String)" is null
]]></failure>
    <system-out><![CDATA[
@RequirementMismatch-AcctNameLength @RequirementMismatch-ImproperResponseMessage
Scenario Outline: Validate error response is returned for "bank_country_code" CN when "account_name" asfsf4567w3 has invalid no. of characters 11 &amp#27;[90m# src/test/resources/features/Account_Name.feature:41&amp#27;[0m
2021-08-23 21:35:31,308 [INFO  ] Log - -----------------------------------------------------------------------------------------
2021-08-23 21:35:31,309 [INFO  ] Log - >> Validate error response is returned for "bank_country_code" CN when "account_name" asfsf4567w3 has invalid no. of characters 11
2021-08-23 21:35:31,309 [INFO  ] Log - -----------------------------------------------------------------------------------------
2021-08-23 21:35:32,451 [INFO  ] Log - >> Token Created
  &amp#27;[32mGiven &amp#27;[0m&amp#27;[32mI am authorized user&amp#27;[0m                                                                                                                      &amp#27;[90m# stepDefinitions.Given_Steps.i_am_authorized_user()&amp#27;[0m
2021-08-23 21:35:32,452 [INFO  ] Log - >> Request PayLoad Created
2021-08-23 21:35:32,452 [INFO  ] Log - >> 
Request Payload : {
    "payment_methods": ["SWIFT"],
    "beneficiary": {
        "address": {
            "country_code": "CN",
            "street_address": "412 5th Avenue",
            "city": "Seattle",
            "postcode": "98104",
            "state": "Washington"
        },
        "entity_type": "COMPANY",
        "additional_info": {"personal_email": "john.walker@gmail.com"},
        "bank_details": {
            "account_number": "12750852",
            "account_currency": "CAD",
            "bank_country_code": "CN",
            "swift_code": "ICBKCNBJ",
            "account_name": "asfsf4567w3",
            "iban": "ES8023100001180000012345",
            "bank_name": "National Canadian Bank",
            "account_routing_value1": "083064",
            "transaction_reference": "4140110135",
            "local_clearing_system": "ACH",
            "account_routing_type1": "aba"
        },
        "company_name": "ABC University"
    },
    "nickname": "ABC University",
    "payer_entity_type": "PERSONAL"
}

    Request Payload : {
        "payment_methods": ["SWIFT"],
        "beneficiary": {
            "address": {
                "country_code": "CN",
                "street_address": "412 5th Avenue",
                "city": "Seattle",
                "postcode": "98104",
                "state": "Washington"
            },
            "entity_type": "COMPANY",
            "additional_info": {"personal_email": "john.walker@gmail.com"},
            "bank_details": {
                "account_number": "12750852",
                "account_currency": "CAD",
                "bank_country_code": "CN",
                "swift_code": "ICBKCNBJ",
                "account_name": "asfsf4567w3",
                "iban": "ES8023100001180000012345",
                "bank_name": "National Canadian Bank",
                "account_routing_value1": "083064",
                "transaction_reference": "4140110135",
                "local_clearing_system": "ACH",
                "account_routing_type1": "aba"
            },
            "company_name": "ABC University"
        },
        "nickname": "ABC University",
        "payer_entity_type": "PERSONAL"
    }

  &amp#27;[32mAnd &amp#27;[0m&amp#27;[32mI create request payload with valid data for all keys with &amp#27;[0m&amp#27;[32m&amp#27;[1m"bank_country_code"&amp#27;[0m&amp#27;[32m is &amp#27;[0m&amp#27;[32m&amp#27;[1m"CN"&amp#27;[0m&amp#27;[32m &amp#27;[0m&amp#27;[32m&amp#27;[1m"account_name"&amp#27;[0m&amp#27;[32m is &amp#27;[0m&amp#27;[32m&amp#27;[1m"asfsf4567w3"&amp#27;[0m                      &amp#27;[90m# stepDefinitions.Given_Steps.i_create_request_payload_with_valid_data_for_all_keys_with_is_is(java.lang.String,java.lang.String,java.lang.String,java.lang.String)&amp#27;[0m
2021-08-23 21:35:33,627 [INFO  ] Log - >> Request PayLoad is posted
2021-08-23 21:35:33,629 [INFO  ] Log - >> 
Response : {
    "beneficiary": {
        "additional_info": {
            "personal_email": "john.walker@gmail.com"
        },
        "address": {
            "city": "Seattle",
            "country_code": "CN",
            "postcode": "98104",
            "state": "Washington",
            "street_address": "412 5th Avenue"
        },
        "bank_details": {
            "account_currency": "CAD",
            "account_name": "asfsf4567w3",
            "account_number": "12750852",
            "account_routing_type1": "aba",
            "account_routing_value1": "083064",
            "bank_country_code": "CN",
            "bank_name": "National Canadian Bank",
            "iban": "ES8023100001180000012345",
            "swift_code": "ICBKCNBJ"
        },
        "company_name": "ABC University",
        "entity_type": "COMPANY"
    },
    "beneficiary_id": "6f4496b5-0d2c-46d9-8d9d-5381bf7bb727",
    "nickname": "ABC University",
    "payer_entity_type": "PERSONAL",
    "payment_methods": [
        "SWIFT"
    ]
}

    Response : {
        "beneficiary": {
            "additional_info": {
                "personal_email": "john.walker@gmail.com"
            },
            "address": {
                "city": "Seattle",
                "country_code": "CN",
                "postcode": "98104",
                "state": "Washington",
                "street_address": "412 5th Avenue"
            },
            "bank_details": {
                "account_currency": "CAD",
                "account_name": "asfsf4567w3",
                "account_number": "12750852",
                "account_routing_type1": "aba",
                "account_routing_value1": "083064",
                "bank_country_code": "CN",
                "bank_name": "National Canadian Bank",
                "iban": "ES8023100001180000012345",
                "swift_code": "ICBKCNBJ"
            },
            "company_name": "ABC University",
            "entity_type": "COMPANY"
        },
        "beneficiary_id": "6f4496b5-0d2c-46d9-8d9d-5381bf7bb727",
        "nickname": "ABC University",
        "payer_entity_type": "PERSONAL",
        "payment_methods": [
            "SWIFT"
        ]
    }

  &amp#27;[32mWhen &amp#27;[0m&amp#27;[32mI perform post on CreateBeneficiary endpoint&amp#27;[0m                                                                                               &amp#27;[90m# stepDefinitions.When_Steps.i_perform_post_on_create_beneficiary_endpoint()&amp#27;[0m
2021-08-23 21:35:33,634 [INFO  ] Log - >> Response status code is 201
  &amp#27;[32mThen &amp#27;[0m&amp#27;[32mResponse status code is &amp#27;[0m&amp#27;[32m&amp#27;[1m400&amp#27;[0m                                                                                                                &amp#27;[90m# stepDefinitions.Then_Steps.response_status_code_is(java.lang.Integer)&amp#27;[0m
2021-08-23 21:35:33,637 [INFO  ] Log - >> Response status line is HTTP/1.1 201 Created
  &amp#27;[32mAnd &amp#27;[0m&amp#27;[32mResponse status line is &amp#27;[0m&amp#27;[32m&amp#27;[1m"Bad Request"&amp#27;[0m                                                                                                       &amp#27;[90m# stepDefinitions.Then_Steps.response_status_line_is(java.lang.String)&amp#27;[0m
  &amp#27;[31mAnd &amp#27;[0m&amp#27;[31mResponse &amp#27;[0m&amp#27;[31m&amp#27;[1m"code"&amp#27;[0m&amp#27;[31m has value &amp#27;[0m&amp#27;[31m&amp#27;[1m"payment_schema_validation_failed"&amp#27;[0m                                                                                &amp#27;[90m# stepDefinitions.Then_Steps.response_contains_value(java.lang.String,java.lang.String)&amp#27;[0m
      &amp#27;[31mjava.lang.NullPointerException: Cannot invoke "Object.toString()" because the return value of "io.restassured.path.json.JsonPath.get(String)" is null
	at utilities.Json_handler.getJsonPath(Json_handler.java:21)
	at stepDefinitions.Then_Steps.response_contains_value(Then_Steps.java:57)
	at âœ½.Response "code" has value "payment_schema_validation_failed"(file:///C:/SnehProjects/DemoProject/Demo_APIFramework/src/test/resources/features/Account_Name.feature:32)
&amp#27;[0m
  &amp#27;[36mAnd &amp#27;[0m&amp#27;[36mResponse &amp#27;[0m&amp#27;[36m&amp#27;[1m"message"&amp#27;[0m&amp#27;[36m has value &amp#27;[0m&amp#27;[36m&amp#27;[1m"Length of account_name should be between {Min} and {Max} when bank_country_code is CN"&amp#27;[0m                        &amp#27;[90m# stepDefinitions.Then_Steps.response_contains_value(java.lang.String,java.lang.String)&amp#27;[0m
  &amp#27;[36mAnd &amp#27;[0m&amp#27;[36mResponse &amp#27;[0m&amp#27;[36m&amp#27;[1m"source"&amp#27;[0m&amp#27;[36m has value &amp#27;[0m&amp#27;[36m&amp#27;[1m"beneficiary.bank_details.account_name"&amp#27;[0m                                                                         &amp#27;[90m# stepDefinitions.Then_Steps.response_contains_value(java.lang.String,java.lang.String)&amp#27;[0m
      &amp#27;[31mjava.lang.AssertionError: The following asserts failed:
	expected [400] but found [201],
	expected [true] but found [false]
	at org.testng.asserts.SoftAssert.assertAll(SoftAssert.java:47)
	at org.testng.asserts.SoftAssert.assertAll(SoftAssert.java:31)
	at stepDefinitions.Then_Steps.after(Then_Steps.java:30)
&amp#27;[0m
]]></system-out>
  </testcase>
  <testcase name="runScenario[&quot;Validate correct response is returned for &quot;bank_country_code&quot; US when &quot;account_name&quot; UA has valid no. of characters 2&quot;, &quot;Optional[Validates Account_Name in Bank_details]&quot;](7)" classname="cucumber.Options.RunCucumberTests" time="1.617">
    <system-out><![CDATA[
@PositiveScenarios @AcctName_allSpecialCharAllowed
Scenario Outline: Validate correct response is returned for "bank_country_code" US when "account_name" UA has valid no. of characters 2 &amp#27;[90m# src/test/resources/features/Account_Name.feature:52&amp#27;[0m
2021-08-23 21:35:33,706 [INFO  ] Log - -----------------------------------------------------------------------------------------
2021-08-23 21:35:33,707 [INFO  ] Log - >> Validate correct response is returned for "bank_country_code" US when "account_name" UA has valid no. of characters 2
2021-08-23 21:35:33,707 [INFO  ] Log - -----------------------------------------------------------------------------------------
2021-08-23 21:35:34,907 [INFO  ] Log - >> Token Created
  &amp#27;[32mGiven &amp#27;[0m&amp#27;[32mI am authorized user&amp#27;[0m                                                                                                            &amp#27;[90m# stepDefinitions.Given_Steps.i_am_authorized_user()&amp#27;[0m
2021-08-23 21:35:34,909 [INFO  ] Log - >> Request PayLoad Created
2021-08-23 21:35:34,910 [INFO  ] Log - >> 
Request Payload : {
    "payment_methods": ["SWIFT"],
    "beneficiary": {
        "address": {
            "country_code": "US",
            "street_address": "412 5th Avenue",
            "city": "Seattle",
            "postcode": "98104",
            "state": "Washington"
        },
        "entity_type": "COMPANY",
        "additional_info": {"personal_email": "john.walker@gmail.com"},
        "bank_details": {
            "account_number": "502231121",
            "account_currency": "USD",
            "bank_country_code": "US",
            "swift_code": "CHASUS33",
            "account_name": "UA",
            "bank_name": "JP Morgan Chase Bank",
            "account_routing_value1": "907765701",
            "account_routing_type1": "aba"
        },
        "company_name": "ABC University"
    },
    "nickname": "ABC University",
    "payer_entity_type": "PERSONAL"
}

    Request Payload : {
        "payment_methods": ["SWIFT"],
        "beneficiary": {
            "address": {
                "country_code": "US",
                "street_address": "412 5th Avenue",
                "city": "Seattle",
                "postcode": "98104",
                "state": "Washington"
            },
            "entity_type": "COMPANY",
            "additional_info": {"personal_email": "john.walker@gmail.com"},
            "bank_details": {
                "account_number": "502231121",
                "account_currency": "USD",
                "bank_country_code": "US",
                "swift_code": "CHASUS33",
                "account_name": "UA",
                "bank_name": "JP Morgan Chase Bank",
                "account_routing_value1": "907765701",
                "account_routing_type1": "aba"
            },
            "company_name": "ABC University"
        },
        "nickname": "ABC University",
        "payer_entity_type": "PERSONAL"
    }

  &amp#27;[32mAnd &amp#27;[0m&amp#27;[32mI create request payload with valid data for all keys with &amp#27;[0m&amp#27;[32m&amp#27;[1m"bank_country_code"&amp#27;[0m&amp#27;[32m is &amp#27;[0m&amp#27;[32m&amp#27;[1m"US"&amp#27;[0m&amp#27;[32m &amp#27;[0m&amp#27;[32m&amp#27;[1m"account_name"&amp#27;[0m&amp#27;[32m is &amp#27;[0m&amp#27;[32m&amp#27;[1m"UA"&amp#27;[0m                     &amp#27;[90m# stepDefinitions.Given_Steps.i_create_request_payload_with_valid_data_for_all_keys_with_is_is(java.lang.String,java.lang.String,java.lang.String,java.lang.String)&amp#27;[0m
2021-08-23 21:35:35,286 [INFO  ] Log - >> Request PayLoad is posted
2021-08-23 21:35:35,288 [INFO  ] Log - >> 
Response : {
    "beneficiary": {
        "additional_info": {
            "personal_email": "john.walker@gmail.com"
        },
        "address": {
            "city": "Seattle",
            "country_code": "US",
            "postcode": "98104",
            "state": "Washington",
            "street_address": "412 5th Avenue"
        },
        "bank_details": {
            "account_currency": "USD",
            "account_name": "UA",
            "account_number": "502231121",
            "account_routing_type1": "aba",
            "account_routing_value1": "907765701",
            "bank_country_code": "US",
            "bank_name": "JP Morgan Chase Bank",
            "swift_code": "CHASUS33"
        },
        "company_name": "ABC University",
        "entity_type": "COMPANY"
    },
    "beneficiary_id": "3cab7dcf-0bda-4584-a433-a46ab27460ab",
    "nickname": "ABC University",
    "payer_entity_type": "PERSONAL",
    "payment_methods": [
        "SWIFT"
    ]
}

    Response : {
        "beneficiary": {
            "additional_info": {
                "personal_email": "john.walker@gmail.com"
            },
            "address": {
                "city": "Seattle",
                "country_code": "US",
                "postcode": "98104",
                "state": "Washington",
                "street_address": "412 5th Avenue"
            },
            "bank_details": {
                "account_currency": "USD",
                "account_name": "UA",
                "account_number": "502231121",
                "account_routing_type1": "aba",
                "account_routing_value1": "907765701",
                "bank_country_code": "US",
                "bank_name": "JP Morgan Chase Bank",
                "swift_code": "CHASUS33"
            },
            "company_name": "ABC University",
            "entity_type": "COMPANY"
        },
        "beneficiary_id": "3cab7dcf-0bda-4584-a433-a46ab27460ab",
        "nickname": "ABC University",
        "payer_entity_type": "PERSONAL",
        "payment_methods": [
            "SWIFT"
        ]
    }

  &amp#27;[32mWhen &amp#27;[0m&amp#27;[32mI perform post on CreateBeneficiary endpoint&amp#27;[0m                                                                                     &amp#27;[90m# stepDefinitions.When_Steps.i_perform_post_on_create_beneficiary_endpoint()&amp#27;[0m
2021-08-23 21:35:35,291 [INFO  ] Log - >> Response status code is 201
  &amp#27;[32mThen &amp#27;[0m&amp#27;[32mResponse status code is &amp#27;[0m&amp#27;[32m&amp#27;[1m201&amp#27;[0m                                                                                                      &amp#27;[90m# stepDefinitions.Then_Steps.response_status_code_is(java.lang.Integer)&amp#27;[0m
2021-08-23 21:35:35,293 [INFO  ] Log - >> Response status line is HTTP/1.1 201 Created
  &amp#27;[32mAnd &amp#27;[0m&amp#27;[32mResponse status line is &amp#27;[0m&amp#27;[32m&amp#27;[1m"Created"&amp#27;[0m                                                                                                 &amp#27;[90m# stepDefinitions.Then_Steps.response_status_line_is(java.lang.String)&amp#27;[0m
]]></system-out>
  </testcase>
  <testcase name="runScenario[&quot;Validate correct response is returned for &quot;bank_country_code&quot; AU when &quot;account_name&quot; @@ has valid no. of characters 1&quot;, &quot;Optional[Validates Account_Name in Bank_details]&quot;](8)" classname="cucumber.Options.RunCucumberTests" time="1.616">
    <system-out><![CDATA[
@PositiveScenarios @AcctName_allSpecialCharAllowed
Scenario Outline: Validate correct response is returned for "bank_country_code" AU when "account_name" @@ has valid no. of characters 1 &amp#27;[90m# src/test/resources/features/Account_Name.feature:53&amp#27;[0m
2021-08-23 21:35:35,314 [INFO  ] Log - -----------------------------------------------------------------------------------------
2021-08-23 21:35:35,315 [INFO  ] Log - >> Validate correct response is returned for "bank_country_code" AU when "account_name" @@ has valid no. of characters 1
2021-08-23 21:35:35,316 [INFO  ] Log - -----------------------------------------------------------------------------------------
2021-08-23 21:35:36,516 [INFO  ] Log - >> Token Created
  &amp#27;[32mGiven &amp#27;[0m&amp#27;[32mI am authorized user&amp#27;[0m                                                                                                            &amp#27;[90m# stepDefinitions.Given_Steps.i_am_authorized_user()&amp#27;[0m
2021-08-23 21:35:36,518 [INFO  ] Log - >> Request PayLoad Created
2021-08-23 21:35:36,519 [INFO  ] Log - >> 
Request Payload : {
    "payment_methods": ["SWIFT"],
    "beneficiary": {
        "address": {
            "country_code": "AU",
            "street_address": "412 5th Avenue",
            "city": "Seattle",
            "postcode": "98104",
            "state": "Washington"
        },
        "entity_type": "COMPANY",
        "additional_info": {"personal_email": "john.walker@gmail.com"},
        "bank_details": {
            "account_number": "12750852",
            "account_currency": "AUD",
            "bank_country_code": "AU",
            "swift_code": "CTBAAU2S",
            "account_name": "@@",
            "iban": "ES8023100001180000012345",
            "bank_name": "National Australia Bank",
            "account_routing_value1": "083064",
            "transaction_reference": "4140110135",
            "local_clearing_system": "ACH",
            "account_routing_type1": "bsb"
        },
        "company_name": "ABC University"
    },
    "nickname": "ABC University",
    "payer_entity_type": "PERSONAL"
}

    Request Payload : {
        "payment_methods": ["SWIFT"],
        "beneficiary": {
            "address": {
                "country_code": "AU",
                "street_address": "412 5th Avenue",
                "city": "Seattle",
                "postcode": "98104",
                "state": "Washington"
            },
            "entity_type": "COMPANY",
            "additional_info": {"personal_email": "john.walker@gmail.com"},
            "bank_details": {
                "account_number": "12750852",
                "account_currency": "AUD",
                "bank_country_code": "AU",
                "swift_code": "CTBAAU2S",
                "account_name": "@@",
                "iban": "ES8023100001180000012345",
                "bank_name": "National Australia Bank",
                "account_routing_value1": "083064",
                "transaction_reference": "4140110135",
                "local_clearing_system": "ACH",
                "account_routing_type1": "bsb"
            },
            "company_name": "ABC University"
        },
        "nickname": "ABC University",
        "payer_entity_type": "PERSONAL"
    }

  &amp#27;[32mAnd &amp#27;[0m&amp#27;[32mI create request payload with valid data for all keys with &amp#27;[0m&amp#27;[32m&amp#27;[1m"bank_country_code"&amp#27;[0m&amp#27;[32m is &amp#27;[0m&amp#27;[32m&amp#27;[1m"AU"&amp#27;[0m&amp#27;[32m &amp#27;[0m&amp#27;[32m&amp#27;[1m"account_name"&amp#27;[0m&amp#27;[32m is &amp#27;[0m&amp#27;[32m&amp#27;[1m"@@"&amp#27;[0m                     &amp#27;[90m# stepDefinitions.Given_Steps.i_create_request_payload_with_valid_data_for_all_keys_with_is_is(java.lang.String,java.lang.String,java.lang.String,java.lang.String)&amp#27;[0m
2021-08-23 21:35:36,908 [INFO  ] Log - >> Request PayLoad is posted
2021-08-23 21:35:36,911 [INFO  ] Log - >> 
Response : {
    "beneficiary": {
        "additional_info": {
            "personal_email": "john.walker@gmail.com"
        },
        "address": {
            "city": "Seattle",
            "country_code": "AU",
            "postcode": "98104",
            "state": "Washington",
            "street_address": "412 5th Avenue"
        },
        "bank_details": {
            "account_currency": "AUD",
            "account_name": "@@",
            "account_number": "12750852",
            "account_routing_type1": "bsb",
            "account_routing_value1": "083064",
            "bank_country_code": "AU",
            "bank_name": "National Australia Bank",
            "iban": "ES8023100001180000012345",
            "swift_code": "CTBAAU2S"
        },
        "company_name": "ABC University",
        "entity_type": "COMPANY"
    },
    "beneficiary_id": "a5b93850-3521-4ece-b4e8-8e91034eb495",
    "nickname": "ABC University",
    "payer_entity_type": "PERSONAL",
    "payment_methods": [
        "SWIFT"
    ]
}

    Response : {
        "beneficiary": {
            "additional_info": {
                "personal_email": "john.walker@gmail.com"
            },
            "address": {
                "city": "Seattle",
                "country_code": "AU",
                "postcode": "98104",
                "state": "Washington",
                "street_address": "412 5th Avenue"
            },
            "bank_details": {
                "account_currency": "AUD",
                "account_name": "@@",
                "account_number": "12750852",
                "account_routing_type1": "bsb",
                "account_routing_value1": "083064",
                "bank_country_code": "AU",
                "bank_name": "National Australia Bank",
                "iban": "ES8023100001180000012345",
                "swift_code": "CTBAAU2S"
            },
            "company_name": "ABC University",
            "entity_type": "COMPANY"
        },
        "beneficiary_id": "a5b93850-3521-4ece-b4e8-8e91034eb495",
        "nickname": "ABC University",
        "payer_entity_type": "PERSONAL",
        "payment_methods": [
            "SWIFT"
        ]
    }

  &amp#27;[32mWhen &amp#27;[0m&amp#27;[32mI perform post on CreateBeneficiary endpoint&amp#27;[0m                                                                                     &amp#27;[90m# stepDefinitions.When_Steps.i_perform_post_on_create_beneficiary_endpoint()&amp#27;[0m
2021-08-23 21:35:36,918 [INFO  ] Log - >> Response status code is 201
  &amp#27;[32mThen &amp#27;[0m&amp#27;[32mResponse status code is &amp#27;[0m&amp#27;[32m&amp#27;[1m201&amp#27;[0m                                                                                                      &amp#27;[90m# stepDefinitions.Then_Steps.response_status_code_is(java.lang.Integer)&amp#27;[0m
2021-08-23 21:35:36,919 [INFO  ] Log - >> Response status line is HTTP/1.1 201 Created
  &amp#27;[32mAnd &amp#27;[0m&amp#27;[32mResponse status line is &amp#27;[0m&amp#27;[32m&amp#27;[1m"Created"&amp#27;[0m                                                                                                 &amp#27;[90m# stepDefinitions.Then_Steps.response_status_line_is(java.lang.String)&amp#27;[0m
]]></system-out>
  </testcase>
  <testcase name="runScenario[&quot;Validate correct response is returned for &quot;bank_country_code&quot; AU when &quot;account_name&quot; ()[aE1&lt;:! has valid no. of characters 1&quot;, &quot;Optional[Validates Account_Name in Bank_details]&quot;](9)" classname="cucumber.Options.RunCucumberTests" time="2.267">
    <system-out><![CDATA[
@PositiveScenarios @AcctName_allSpecialCharAllowed
Scenario Outline: Validate correct response is returned for "bank_country_code" AU when "account_name" ()[aE1<:! has valid no. of characters 1 &amp#27;[90m# src/test/resources/features/Account_Name.feature:54&amp#27;[0m
2021-08-23 21:35:36,935 [INFO  ] Log - -----------------------------------------------------------------------------------------
2021-08-23 21:35:36,936 [INFO  ] Log - >> Validate correct response is returned for "bank_country_code" AU when "account_name" ()[aE1<:! has valid no. of characters 1
2021-08-23 21:35:36,936 [INFO  ] Log - -----------------------------------------------------------------------------------------
2021-08-23 21:35:38,094 [INFO  ] Log - >> Token Created
  &amp#27;[32mGiven &amp#27;[0m&amp#27;[32mI am authorized user&amp#27;[0m                                                                                                                   &amp#27;[90m# stepDefinitions.Given_Steps.i_am_authorized_user()&amp#27;[0m
2021-08-23 21:35:38,095 [INFO  ] Log - >> Request PayLoad Created
2021-08-23 21:35:38,096 [INFO  ] Log - >> 
Request Payload : {
    "payment_methods": ["SWIFT"],
    "beneficiary": {
        "address": {
            "country_code": "AU",
            "street_address": "412 5th Avenue",
            "city": "Seattle",
            "postcode": "98104",
            "state": "Washington"
        },
        "entity_type": "COMPANY",
        "additional_info": {"personal_email": "john.walker@gmail.com"},
        "bank_details": {
            "account_number": "12750852",
            "account_currency": "AUD",
            "bank_country_code": "AU",
            "swift_code": "CTBAAU2S",
            "account_name": "()[aE1<:!",
            "iban": "ES8023100001180000012345",
            "bank_name": "National Australia Bank",
            "account_routing_value1": "083064",
            "transaction_reference": "4140110135",
            "local_clearing_system": "ACH",
            "account_routing_type1": "bsb"
        },
        "company_name": "ABC University"
    },
    "nickname": "ABC University",
    "payer_entity_type": "PERSONAL"
}

    Request Payload : {
        "payment_methods": ["SWIFT"],
        "beneficiary": {
            "address": {
                "country_code": "AU",
                "street_address": "412 5th Avenue",
                "city": "Seattle",
                "postcode": "98104",
                "state": "Washington"
            },
            "entity_type": "COMPANY",
            "additional_info": {"personal_email": "john.walker@gmail.com"},
            "bank_details": {
                "account_number": "12750852",
                "account_currency": "AUD",
                "bank_country_code": "AU",
                "swift_code": "CTBAAU2S",
                "account_name": "()[aE1<:!",
                "iban": "ES8023100001180000012345",
                "bank_name": "National Australia Bank",
                "account_routing_value1": "083064",
                "transaction_reference": "4140110135",
                "local_clearing_system": "ACH",
                "account_routing_type1": "bsb"
            },
            "company_name": "ABC University"
        },
        "nickname": "ABC University",
        "payer_entity_type": "PERSONAL"
    }

  &amp#27;[32mAnd &amp#27;[0m&amp#27;[32mI create request payload with valid data for all keys with &amp#27;[0m&amp#27;[32m&amp#27;[1m"bank_country_code"&amp#27;[0m&amp#27;[32m is &amp#27;[0m&amp#27;[32m&amp#27;[1m"AU"&amp#27;[0m&amp#27;[32m &amp#27;[0m&amp#27;[32m&amp#27;[1m"account_name"&amp#27;[0m&amp#27;[32m is &amp#27;[0m&amp#27;[32m&amp#27;[1m"()[aE1<:!"&amp#27;[0m                     &amp#27;[90m# stepDefinitions.Given_Steps.i_create_request_payload_with_valid_data_for_all_keys_with_is_is(java.lang.String,java.lang.String,java.lang.String,java.lang.String)&amp#27;[0m
2021-08-23 21:35:39,171 [INFO  ] Log - >> Request PayLoad is posted
2021-08-23 21:35:39,174 [INFO  ] Log - >> 
Response : {
    "beneficiary": {
        "additional_info": {
            "personal_email": "john.walker@gmail.com"
        },
        "address": {
            "city": "Seattle",
            "country_code": "AU",
            "postcode": "98104",
            "state": "Washington",
            "street_address": "412 5th Avenue"
        },
        "bank_details": {
            "account_currency": "AUD",
            "account_name": "()[aE1<:!",
            "account_number": "12750852",
            "account_routing_type1": "bsb",
            "account_routing_value1": "083064",
            "bank_country_code": "AU",
            "bank_name": "National Australia Bank",
            "iban": "ES8023100001180000012345",
            "swift_code": "CTBAAU2S"
        },
        "company_name": "ABC University",
        "entity_type": "COMPANY"
    },
    "beneficiary_id": "1d492775-e718-4cb1-8dd6-f118f88cd9cd",
    "nickname": "ABC University",
    "payer_entity_type": "PERSONAL",
    "payment_methods": [
        "SWIFT"
    ]
}

    Response : {
        "beneficiary": {
            "additional_info": {
                "personal_email": "john.walker@gmail.com"
            },
            "address": {
                "city": "Seattle",
                "country_code": "AU",
                "postcode": "98104",
                "state": "Washington",
                "street_address": "412 5th Avenue"
            },
            "bank_details": {
                "account_currency": "AUD",
                "account_name": "()[aE1<:!",
                "account_number": "12750852",
                "account_routing_type1": "bsb",
                "account_routing_value1": "083064",
                "bank_country_code": "AU",
                "bank_name": "National Australia Bank",
                "iban": "ES8023100001180000012345",
                "swift_code": "CTBAAU2S"
            },
            "company_name": "ABC University",
            "entity_type": "COMPANY"
        },
        "beneficiary_id": "1d492775-e718-4cb1-8dd6-f118f88cd9cd",
        "nickname": "ABC University",
        "payer_entity_type": "PERSONAL",
        "payment_methods": [
            "SWIFT"
        ]
    }

  &amp#27;[32mWhen &amp#27;[0m&amp#27;[32mI perform post on CreateBeneficiary endpoint&amp#27;[0m                                                                                            &amp#27;[90m# stepDefinitions.When_Steps.i_perform_post_on_create_beneficiary_endpoint()&amp#27;[0m
2021-08-23 21:35:39,178 [INFO  ] Log - >> Response status code is 201
  &amp#27;[32mThen &amp#27;[0m&amp#27;[32mResponse status code is &amp#27;[0m&amp#27;[32m&amp#27;[1m201&amp#27;[0m                                                                                                             &amp#27;[90m# stepDefinitions.Then_Steps.response_status_code_is(java.lang.Integer)&amp#27;[0m
2021-08-23 21:35:39,179 [INFO  ] Log - >> Response status line is HTTP/1.1 201 Created
  &amp#27;[32mAnd &amp#27;[0m&amp#27;[32mResponse status line is &amp#27;[0m&amp#27;[32m&amp#27;[1m"Created"&amp#27;[0m                                                                                                        &amp#27;[90m# stepDefinitions.Then_Steps.response_status_line_is(java.lang.String)&amp#27;[0m
]]></system-out>
  </testcase>
  <testcase name="runScenario[&quot;Validate correct response is returned for &quot;bank_country_code&quot; US when &quot;account_name&quot; asfsf4567w has valid no. of characters 10&quot;, &quot;Optional[Validates Account_Name in Bank_details]&quot;](10)" classname="cucumber.Options.RunCucumberTests" time="1.605">
    <system-out><![CDATA[
@PositiveScenarios @AcctName_allSpecialCharAllowed
Scenario Outline: Validate correct response is returned for "bank_country_code" US when "account_name" asfsf4567w has valid no. of characters 10 &amp#27;[90m# src/test/resources/features/Account_Name.feature:55&amp#27;[0m
2021-08-23 21:35:39,202 [INFO  ] Log - -----------------------------------------------------------------------------------------
2021-08-23 21:35:39,203 [INFO  ] Log - >> Validate correct response is returned for "bank_country_code" US when "account_name" asfsf4567w has valid no. of characters 10
2021-08-23 21:35:39,203 [INFO  ] Log - -----------------------------------------------------------------------------------------
2021-08-23 21:35:40,415 [INFO  ] Log - >> Token Created
  &amp#27;[32mGiven &amp#27;[0m&amp#27;[32mI am authorized user&amp#27;[0m                                                                                                                     &amp#27;[90m# stepDefinitions.Given_Steps.i_am_authorized_user()&amp#27;[0m
2021-08-23 21:35:40,417 [INFO  ] Log - >> Request PayLoad Created
2021-08-23 21:35:40,417 [INFO  ] Log - >> 
Request Payload : {
    "payment_methods": ["SWIFT"],
    "beneficiary": {
        "address": {
            "country_code": "US",
            "street_address": "412 5th Avenue",
            "city": "Seattle",
            "postcode": "98104",
            "state": "Washington"
        },
        "entity_type": "COMPANY",
        "additional_info": {"personal_email": "john.walker@gmail.com"},
        "bank_details": {
            "account_number": "502231121",
            "account_currency": "USD",
            "bank_country_code": "US",
            "swift_code": "CHASUS33",
            "account_name": "asfsf4567w",
            "bank_name": "JP Morgan Chase Bank",
            "account_routing_value1": "907765701",
            "account_routing_type1": "aba"
        },
        "company_name": "ABC University"
    },
    "nickname": "ABC University",
    "payer_entity_type": "PERSONAL"
}

    Request Payload : {
        "payment_methods": ["SWIFT"],
        "beneficiary": {
            "address": {
                "country_code": "US",
                "street_address": "412 5th Avenue",
                "city": "Seattle",
                "postcode": "98104",
                "state": "Washington"
            },
            "entity_type": "COMPANY",
            "additional_info": {"personal_email": "john.walker@gmail.com"},
            "bank_details": {
                "account_number": "502231121",
                "account_currency": "USD",
                "bank_country_code": "US",
                "swift_code": "CHASUS33",
                "account_name": "asfsf4567w",
                "bank_name": "JP Morgan Chase Bank",
                "account_routing_value1": "907765701",
                "account_routing_type1": "aba"
            },
            "company_name": "ABC University"
        },
        "nickname": "ABC University",
        "payer_entity_type": "PERSONAL"
    }

  &amp#27;[32mAnd &amp#27;[0m&amp#27;[32mI create request payload with valid data for all keys with &amp#27;[0m&amp#27;[32m&amp#27;[1m"bank_country_code"&amp#27;[0m&amp#27;[32m is &amp#27;[0m&amp#27;[32m&amp#27;[1m"US"&amp#27;[0m&amp#27;[32m &amp#27;[0m&amp#27;[32m&amp#27;[1m"account_name"&amp#27;[0m&amp#27;[32m is &amp#27;[0m&amp#27;[32m&amp#27;[1m"asfsf4567w"&amp#27;[0m                      &amp#27;[90m# stepDefinitions.Given_Steps.i_create_request_payload_with_valid_data_for_all_keys_with_is_is(java.lang.String,java.lang.String,java.lang.String,java.lang.String)&amp#27;[0m
2021-08-23 21:35:40,791 [INFO  ] Log - >> Request PayLoad is posted
2021-08-23 21:35:40,793 [INFO  ] Log - >> 
Response : {
    "beneficiary": {
        "additional_info": {
            "personal_email": "john.walker@gmail.com"
        },
        "address": {
            "city": "Seattle",
            "country_code": "US",
            "postcode": "98104",
            "state": "Washington",
            "street_address": "412 5th Avenue"
        },
        "bank_details": {
            "account_currency": "USD",
            "account_name": "asfsf4567w",
            "account_number": "502231121",
            "account_routing_type1": "aba",
            "account_routing_value1": "907765701",
            "bank_country_code": "US",
            "bank_name": "JP Morgan Chase Bank",
            "swift_code": "CHASUS33"
        },
        "company_name": "ABC University",
        "entity_type": "COMPANY"
    },
    "beneficiary_id": "baa2206a-8106-41f2-ba6f-5d990fa2fab8",
    "nickname": "ABC University",
    "payer_entity_type": "PERSONAL",
    "payment_methods": [
        "SWIFT"
    ]
}

    Response : {
        "beneficiary": {
            "additional_info": {
                "personal_email": "john.walker@gmail.com"
            },
            "address": {
                "city": "Seattle",
                "country_code": "US",
                "postcode": "98104",
                "state": "Washington",
                "street_address": "412 5th Avenue"
            },
            "bank_details": {
                "account_currency": "USD",
                "account_name": "asfsf4567w",
                "account_number": "502231121",
                "account_routing_type1": "aba",
                "account_routing_value1": "907765701",
                "bank_country_code": "US",
                "bank_name": "JP Morgan Chase Bank",
                "swift_code": "CHASUS33"
            },
            "company_name": "ABC University",
            "entity_type": "COMPANY"
        },
        "beneficiary_id": "baa2206a-8106-41f2-ba6f-5d990fa2fab8",
        "nickname": "ABC University",
        "payer_entity_type": "PERSONAL",
        "payment_methods": [
            "SWIFT"
        ]
    }

  &amp#27;[32mWhen &amp#27;[0m&amp#27;[32mI perform post on CreateBeneficiary endpoint&amp#27;[0m                                                                                              &amp#27;[90m# stepDefinitions.When_Steps.i_perform_post_on_create_beneficiary_endpoint()&amp#27;[0m
2021-08-23 21:35:40,795 [INFO  ] Log - >> Response status code is 201
  &amp#27;[32mThen &amp#27;[0m&amp#27;[32mResponse status code is &amp#27;[0m&amp#27;[32m&amp#27;[1m201&amp#27;[0m                                                                                                               &amp#27;[90m# stepDefinitions.Then_Steps.response_status_code_is(java.lang.Integer)&amp#27;[0m
2021-08-23 21:35:40,796 [INFO  ] Log - >> Response status line is HTTP/1.1 201 Created
  &amp#27;[32mAnd &amp#27;[0m&amp#27;[32mResponse status line is &amp#27;[0m&amp#27;[32m&amp#27;[1m"Created"&amp#27;[0m                                                                                                          &amp#27;[90m# stepDefinitions.Then_Steps.response_status_line_is(java.lang.String)&amp#27;[0m
]]></system-out>
  </testcase>
  <testcase name="runScenario[&quot;Validates beneficiary is not added when account_number key is missing from bankdetails jsonobject&quot;, &quot;Optional[Validates Account_Number in Bank_details]&quot;](11)" classname="cucumber.Options.RunCucumberTests" time="0.903">
    <system-out><![CDATA[
@SchemaValidation
Scenario: Validates beneficiary is not added when account_number key is missing from bankdetails jsonobject &amp#27;[90m# src/test/resources/features/Account_Number.feature:7&amp#27;[0m
2021-08-23 21:35:40,809 [INFO  ] Log - -----------------------------------------------------------------------------------------
2021-08-23 21:35:40,810 [INFO  ] Log - >> Validates beneficiary is not added when account_number key is missing from bankdetails jsonobject
2021-08-23 21:35:40,810 [INFO  ] Log - -----------------------------------------------------------------------------------------
2021-08-23 21:35:41,246 [INFO  ] Log - >> Token Created
  &amp#27;[32mGiven &amp#27;[0m&amp#27;[32mI am authorized user&amp#27;[0m                                                                                &amp#27;[90m# stepDefinitions.Given_Steps.i_am_authorized_user()&amp#27;[0m
2021-08-23 21:35:41,250 [INFO  ] Log - >> Request PayLoad Created with all keys, except without  account_number
2021-08-23 21:35:41,250 [INFO  ] Log - >> 
Request Payload : {
    "payment_methods": ["SWIFT"],
    "beneficiary": {
        "address": {
            "country_code": "US",
            "street_address": "412 5th Avenue",
            "city": "Seattle",
            "postcode": "98104",
            "state": "Washington"
        },
        "entity_type": "COMPANY",
        "additional_info": {"personal_email": "john.walker@gmail.com"},
        "bank_details": {
            "account_currency": "USD",
            "bank_country_code": "US",
            "swift_code": "CHASUS33",
            "account_name": "John Walker",
            "bank_name": "JP Morgan Chase Bank",
            "account_routing_value1": "907765701",
            "account_routing_type1": "aba"
        },
        "company_name": "ABC University"
    },
    "nickname": "ABC University",
    "payer_entity_type": "PERSONAL"
}

    Request Payload : {
        "payment_methods": ["SWIFT"],
        "beneficiary": {
            "address": {
                "country_code": "US",
                "street_address": "412 5th Avenue",
                "city": "Seattle",
                "postcode": "98104",
                "state": "Washington"
            },
            "entity_type": "COMPANY",
            "additional_info": {"personal_email": "john.walker@gmail.com"},
            "bank_details": {
                "account_currency": "USD",
                "bank_country_code": "US",
                "swift_code": "CHASUS33",
                "account_name": "John Walker",
                "bank_name": "JP Morgan Chase Bank",
                "account_routing_value1": "907765701",
                "account_routing_type1": "aba"
            },
            "company_name": "ABC University"
        },
        "nickname": "ABC University",
        "payer_entity_type": "PERSONAL"
    }

[...]
2021-08-23 21:36:44,325 [INFO  ] Log - >> Request PayLoad is posted
2021-08-23 21:36:44,326 [INFO  ] Log - >> 
Response : {
    "code": "payment_schema_validation_failed",
    "message": "The SWIFT code / BIC should match the bank location selected ",
    "source": "beneficiary.bank_details.swift_code"
}

    Response : {
        "code": "payment_schema_validation_failed",
        "message": "The SWIFT code / BIC should match the bank location selected ",
        "source": "beneficiary.bank_details.swift_code"
    }

  &amp#27;[32mWhen &amp#27;[0m&amp#27;[32mI perform post on CreateBeneficiary endpoint&amp#27;[0m                                                                                                                 &amp#27;[90m# stepDefinitions.When_Steps.i_perform_post_on_create_beneficiary_endpoint()&amp#27;[0m
2021-08-23 21:36:44,326 [INFO  ] Log - >> Response status code is 400
  &amp#27;[32mThen &amp#27;[0m&amp#27;[32mResponse status code is &amp#27;[0m&amp#27;[32m&amp#27;[1m400&amp#27;[0m                                                                                                                                  &amp#27;[90m# stepDefinitions.Then_Steps.response_status_code_is(java.lang.Integer)&amp#27;[0m
2021-08-23 21:36:44,327 [INFO  ] Log - >> Response status line is HTTP/1.1 400 Bad Request
  &amp#27;[32mAnd &amp#27;[0m&amp#27;[32mResponse status line is &amp#27;[0m&amp#27;[32m&amp#27;[1m"Bad Request"&amp#27;[0m                                                                                                                         &amp#27;[90m# stepDefinitions.Then_Steps.response_status_line_is(java.lang.String)&amp#27;[0m
2021-08-23 21:36:44,339 [INFO  ] Log - >> Response code contains value payment_schema_validation_failed
  &amp#27;[32mAnd &amp#27;[0m&amp#27;[32mResponse &amp#27;[0m&amp#27;[32m&amp#27;[1m"code"&amp#27;[0m&amp#27;[32m has value &amp#27;[0m&amp#27;[32m&amp#27;[1m"payment_schema_validation_failed"&amp#27;[0m                                                                                                  &amp#27;[90m# stepDefinitions.Then_Steps.response_contains_value(java.lang.String,java.lang.String)&amp#27;[0m
2021-08-23 21:36:44,363 [INFO  ] Log - >> Response message contains value The SWIFT code / BIC should match the bank location selected 
  &amp#27;[32mAnd &amp#27;[0m&amp#27;[32mResponse &amp#27;[0m&amp#27;[32m&amp#27;[1m"message"&amp#27;[0m&amp#27;[32m has value &amp#27;[0m&amp#27;[32m&amp#27;[1m"The swift code is not valid for the given bank country code: <Bank_country_code>"&amp#27;[0m                                               &amp#27;[90m# stepDefinitions.Then_Steps.response_contains_value(java.lang.String,java.lang.String)&amp#27;[0m
2021-08-23 21:36:44,390 [INFO  ] Log - >> Response source contains value beneficiary.bank_details.swift_code
  &amp#27;[32mAnd &amp#27;[0m&amp#27;[32mResponse &amp#27;[0m&amp#27;[32m&amp#27;[1m"source"&amp#27;[0m&amp#27;[32m has value &amp#27;[0m&amp#27;[32m&amp#27;[1m"beneficiary.bank_details.swift_code"&amp#27;[0m                                                                                             &amp#27;[90m# stepDefinitions.Then_Steps.response_contains_value(java.lang.String,java.lang.String)&amp#27;[0m
      &amp#27;[31mjava.lang.AssertionError: The following asserts failed:
	expected [The swift code is not valid for the given bank country code: <Bank_country_code>] but found [The SWIFT code / BIC should match the bank location selected ]
	at org.testng.asserts.SoftAssert.assertAll(SoftAssert.java:47)
	at org.testng.asserts.SoftAssert.assertAll(SoftAssert.java:31)
	at stepDefinitions.Then_Steps.after(Then_Steps.java:30)
&amp#27;[0m
]]></system-out>
  </testcase>
  <testcase name="runScenario[&quot;Validate correct message is returned when &quot;swift_code&quot; CHASUS33 matches with &quot;country_code&quot; US but not with &quot;bank_country_code&quot; &lt;Bank_country_code&gt;&quot;, &quot;Optional[Validates swift_code in BankDetails]&quot;](74)" classname="cucumber.Options.RunCucumberTests" time="0.846">
    <system-out><![CDATA[
@PositiveScenarios
Scenario Outline: Validate correct message is returned when "swift_code" CHASUS33 matches with "country_code" US but not with "bank_country_code" <Bank_country_code> &amp#27;[90m# src/test/resources/features/Swift_code.feature:97&amp#27;[0m
2021-08-23 21:36:44,417 [INFO  ] Log - -----------------------------------------------------------------------------------------
2021-08-23 21:36:44,417 [INFO  ] Log - >> Validate correct message is returned when "swift_code" CHASUS33 matches with "country_code" US but not with "bank_country_code" <Bank_country_code>
2021-08-23 21:36:44,417 [INFO  ] Log - -----------------------------------------------------------------------------------------
2021-08-23 21:36:44,851 [INFO  ] Log - >> Token Created
  &amp#27;[32mGiven &amp#27;[0m&amp#27;[32mI am authorized user&amp#27;[0m                                                                                                                                          &amp#27;[90m# stepDefinitions.Given_Steps.i_am_authorized_user()&amp#27;[0m
2021-08-23 21:36:44,851 [INFO  ] Log - >> Request PayLoad Created
2021-08-23 21:36:44,851 [INFO  ] Log - >> 
Request Payload : {
    "payment_methods": ["SWIFT"],
    "beneficiary": {
        "address": {
            "country_code": "US",
            "street_address": "412 5th Avenue",
            "city": "Seattle",
            "postcode": "98104",
            "state": "Washington"
        },
        "entity_type": "COMPANY",
        "additional_info": {"personal_email": "john.walker@gmail.com"},
        "bank_details": {
            "account_number": "502231121",
            "account_currency": "USD",
            "bank_country_code": "US",
            "swift_code": "CHASUS33",
            "account_name": "John Walker",
            "bank_name": "JP Morgan Chase Bank",
            "account_routing_value1": "907765701",
            "account_routing_type1": "aba"
        },
        "company_name": "ABC University"
    },
    "nickname": "ABC University",
    "payer_entity_type": "PERSONAL"
}

    Request Payload : {
        "payment_methods": ["SWIFT"],
        "beneficiary": {
            "address": {
                "country_code": "US",
                "street_address": "412 5th Avenue",
                "city": "Seattle",
                "postcode": "98104",
                "state": "Washington"
            },
            "entity_type": "COMPANY",
            "additional_info": {"personal_email": "john.walker@gmail.com"},
            "bank_details": {
                "account_number": "502231121",
                "account_currency": "USD",
                "bank_country_code": "US",
                "swift_code": "CHASUS33",
                "account_name": "John Walker",
                "bank_name": "JP Morgan Chase Bank",
                "account_routing_value1": "907765701",
                "account_routing_type1": "aba"
            },
            "company_name": "ABC University"
        },
        "nickname": "ABC University",
        "payer_entity_type": "PERSONAL"
    }

  &amp#27;[32mAnd &amp#27;[0m&amp#27;[32mI create request payload with valid data for all keys with &amp#27;[0m&amp#27;[32m&amp#27;[1m"country_code"&amp#27;[0m&amp#27;[32m is &amp#27;[0m&amp#27;[32m&amp#27;[1m"US"&amp#27;[0m&amp#27;[32m &amp#27;[0m&amp#27;[32m&amp#27;[1m"bank_country_code"&amp#27;[0m&amp#27;[32m is &amp#27;[0m&amp#27;[32m&amp#27;[1m"US"&amp#27;[0m&amp#27;[32m &amp#27;[0m&amp#27;[32m&amp#27;[1m"swift_code"&amp#27;[0m&amp#27;[32m is &amp#27;[0m&amp#27;[32m&amp#27;[1m"CHASUS33"&amp#27;[0m                        &amp#27;[90m# stepDefinitions.Given_Steps.i_create_request_payload_with_valid_data_for_all_keys_with_is_is_is(java.lang.String,java.lang.String,java.lang.String,java.lang.String,java.lang.String,java.lang.String)&amp#27;[0m
2021-08-23 21:36:45,248 [INFO  ] Log - >> Request PayLoad is posted
2021-08-23 21:36:45,249 [INFO  ] Log - >> 
Response : {
    "beneficiary": {
        "additional_info": {
            "personal_email": "john.walker@gmail.com"
        },
        "address": {
            "city": "Seattle",
            "country_code": "US",
            "postcode": "98104",
            "state": "Washington",
            "street_address": "412 5th Avenue"
        },
        "bank_details": {
            "account_currency": "USD",
            "account_name": "John Walker",
            "account_number": "502231121",
            "account_routing_type1": "aba",
            "account_routing_value1": "907765701",
            "bank_country_code": "US",
            "bank_name": "JP Morgan Chase Bank",
            "swift_code": "CHASUS33"
        },
        "company_name": "ABC University",
        "entity_type": "COMPANY"
    },
    "beneficiary_id": "99f7c99e-e7b3-49f9-a411-6d92cf6edab1",
    "nickname": "ABC University",
    "payer_entity_type": "PERSONAL",
    "payment_methods": [
        "SWIFT"
    ]
}

    Response : {
        "beneficiary": {
            "additional_info": {
                "personal_email": "john.walker@gmail.com"
            },
            "address": {
                "city": "Seattle",
                "country_code": "US",
                "postcode": "98104",
                "state": "Washington",
                "street_address": "412 5th Avenue"
            },
            "bank_details": {
                "account_currency": "USD",
                "account_name": "John Walker",
                "account_number": "502231121",
                "account_routing_type1": "aba",
                "account_routing_value1": "907765701",
                "bank_country_code": "US",
                "bank_name": "JP Morgan Chase Bank",
                "swift_code": "CHASUS33"
            },
            "company_name": "ABC University",
            "entity_type": "COMPANY"
        },
        "beneficiary_id": "99f7c99e-e7b3-49f9-a411-6d92cf6edab1",
        "nickname": "ABC University",
        "payer_entity_type": "PERSONAL",
        "payment_methods": [
            "SWIFT"
        ]
    }

  &amp#27;[32mWhen &amp#27;[0m&amp#27;[32mI perform post on CreateBeneficiary endpoint&amp#27;[0m                                                                                                                   &amp#27;[90m# stepDefinitions.When_Steps.i_perform_post_on_create_beneficiary_endpoint()&amp#27;[0m
2021-08-23 21:36:45,250 [INFO  ] Log - >> Response status code is 201
  &amp#27;[32mThen &amp#27;[0m&amp#27;[32mResponse status code is &amp#27;[0m&amp#27;[32m&amp#27;[1m201&amp#27;[0m                                                                                                                                    &amp#27;[90m# stepDefinitions.Then_Steps.response_status_code_is(java.lang.Integer)&amp#27;[0m
2021-08-23 21:36:45,250 [INFO  ] Log - >> Response status line is HTTP/1.1 201 Created
  &amp#27;[32mAnd &amp#27;[0m&amp#27;[32mResponse status line is &amp#27;[0m&amp#27;[32m&amp#27;[1m"Created"&amp#27;[0m                                                                                                                               &amp#27;[90m# stepDefinitions.Then_Steps.response_status_line_is(java.lang.String)&amp#27;[0m
]]></system-out>
  </testcase>
  <testcase name="runScenario[&quot;Validate correct message is returned when &quot;swift_code&quot; CTBAAU2S matches with &quot;country_code&quot; AU but not with &quot;bank_country_code&quot; &lt;Bank_country_code&gt;&quot;, &quot;Optional[Validates swift_code in BankDetails]&quot;](75)" classname="cucumber.Options.RunCucumberTests" time="0.941">
    <system-out><![CDATA[
@PositiveScenarios
Scenario Outline: Validate correct message is returned when "swift_code" CTBAAU2S matches with "country_code" AU but not with "bank_country_code" <Bank_country_code> &amp#27;[90m# src/test/resources/features/Swift_code.feature:98&amp#27;[0m
2021-08-23 21:36:45,259 [INFO  ] Log - -----------------------------------------------------------------------------------------
2021-08-23 21:36:45,259 [INFO  ] Log - >> Validate correct message is returned when "swift_code" CTBAAU2S matches with "country_code" AU but not with "bank_country_code" <Bank_country_code>
2021-08-23 21:36:45,259 [INFO  ] Log - -----------------------------------------------------------------------------------------
2021-08-23 21:36:45,685 [INFO  ] Log - >> Token Created
  &amp#27;[32mGiven &amp#27;[0m&amp#27;[32mI am authorized user&amp#27;[0m                                                                                                                                          &amp#27;[90m# stepDefinitions.Given_Steps.i_am_authorized_user()&amp#27;[0m
2021-08-23 21:36:45,686 [INFO  ] Log - >> Request PayLoad Created
2021-08-23 21:36:45,686 [INFO  ] Log - >> 
Request Payload : {
    "payment_methods": ["SWIFT"],
    "beneficiary": {
        "address": {
            "country_code": "AU",
            "street_address": "412 5th Avenue",
            "city": "Seattle",
            "postcode": "98104",
            "state": "Washington"
        },
        "entity_type": "COMPANY",
        "additional_info": {"personal_email": "john.walker@gmail.com"},
        "bank_details": {
            "account_number": "12750852",
            "account_currency": "AUD",
            "bank_country_code": "AU",
            "swift_code": "CTBAAU2S",
            "account_name": "Lee Da Ming",
            "iban": "ES8023100001180000012345",
            "bank_name": "National Australia Bank",
            "account_routing_value1": "083064",
            "transaction_reference": "4140110135",
            "local_clearing_system": "ACH",
            "account_routing_type1": "bsb"
        },
        "company_name": "ABC University"
    },
    "nickname": "ABC University",
    "payer_entity_type": "PERSONAL"
}

    Request Payload : {
        "payment_methods": ["SWIFT"],
        "beneficiary": {
            "address": {
                "country_code": "AU",
                "street_address": "412 5th Avenue",
                "city": "Seattle",
                "postcode": "98104",
                "state": "Washington"
            },
            "entity_type": "COMPANY",
            "additional_info": {"personal_email": "john.walker@gmail.com"},
            "bank_details": {
                "account_number": "12750852",
                "account_currency": "AUD",
                "bank_country_code": "AU",
                "swift_code": "CTBAAU2S",
                "account_name": "Lee Da Ming",
                "iban": "ES8023100001180000012345",
                "bank_name": "National Australia Bank",
                "account_routing_value1": "083064",
                "transaction_reference": "4140110135",
                "local_clearing_system": "ACH",
                "account_routing_type1": "bsb"
            },
            "company_name": "ABC University"
        },
        "nickname": "ABC University",
        "payer_entity_type": "PERSONAL"
    }

  &amp#27;[32mAnd &amp#27;[0m&amp#27;[32mI create request payload with valid data for all keys with &amp#27;[0m&amp#27;[32m&amp#27;[1m"country_code"&amp#27;[0m&amp#27;[32m is &amp#27;[0m&amp#27;[32m&amp#27;[1m"AU"&amp#27;[0m&amp#27;[32m &amp#27;[0m&amp#27;[32m&amp#27;[1m"bank_country_code"&amp#27;[0m&amp#27;[32m is &amp#27;[0m&amp#27;[32m&amp#27;[1m"AU"&amp#27;[0m&amp#27;[32m &amp#27;[0m&amp#27;[32m&amp#27;[1m"swift_code"&amp#27;[0m&amp#27;[32m is &amp#27;[0m&amp#27;[32m&amp#27;[1m"CTBAAU2S"&amp#27;[0m                        &amp#27;[90m# stepDefinitions.Given_Steps.i_create_request_payload_with_valid_data_for_all_keys_with_is_is_is(java.lang.String,java.lang.String,java.lang.String,java.lang.String,java.lang.String,java.lang.String)&amp#27;[0m
2021-08-23 21:36:46,051 [INFO  ] Log - >> Request PayLoad is posted
2021-08-23 21:36:46,052 [INFO  ] Log - >> 
Response : {
    "beneficiary": {
        "additional_info": {
            "personal_email": "john.walker@gmail.com"
        },
        "address": {
            "city": "Seattle",
            "country_code": "AU",
            "postcode": "98104",
            "state": "Washington",
            "street_address": "412 5th Avenue"
        },
        "bank_details": {
            "account_currency": "AUD",
            "account_name": "Lee Da Ming",
            "account_number": "12750852",
            "account_routing_type1": "bsb",
            "account_routing_value1": "083064",
            "bank_country_code": "AU",
            "bank_name": "National Australia Bank",
            "iban": "ES8023100001180000012345",
            "swift_code": "CTBAAU2S"
        },
        "company_name": "ABC University",
        "entity_type": "COMPANY"
    },
    "beneficiary_id": "b078b0f7-4057-406f-9aaa-d368bf89237e",
    "nickname": "ABC University",
    "payer_entity_type": "PERSONAL",
    "payment_methods": [
        "SWIFT"
    ]
}

    Response : {
        "beneficiary": {
            "additional_info": {
                "personal_email": "john.walker@gmail.com"
            },
            "address": {
                "city": "Seattle",
                "country_code": "AU",
                "postcode": "98104",
                "state": "Washington",
                "street_address": "412 5th Avenue"
            },
            "bank_details": {
                "account_currency": "AUD",
                "account_name": "Lee Da Ming",
                "account_number": "12750852",
                "account_routing_type1": "bsb",
                "account_routing_value1": "083064",
                "bank_country_code": "AU",
                "bank_name": "National Australia Bank",
                "iban": "ES8023100001180000012345",
                "swift_code": "CTBAAU2S"
            },
            "company_name": "ABC University",
            "entity_type": "COMPANY"
        },
        "beneficiary_id": "b078b0f7-4057-406f-9aaa-d368bf89237e",
        "nickname": "ABC University",
        "payer_entity_type": "PERSONAL",
        "payment_methods": [
            "SWIFT"
        ]
    }

  &amp#27;[32mWhen &amp#27;[0m&amp#27;[32mI perform post on CreateBeneficiary endpoint&amp#27;[0m                                                                                                                   &amp#27;[90m# stepDefinitions.When_Steps.i_perform_post_on_create_beneficiary_endpoint()&amp#27;[0m
2021-08-23 21:36:46,054 [INFO  ] Log - >> Response status code is 201
  &amp#27;[32mThen &amp#27;[0m&amp#27;[32mResponse status code is &amp#27;[0m&amp#27;[32m&amp#27;[1m201&amp#27;[0m                                                                                                                                    &amp#27;[90m# stepDefinitions.Then_Steps.response_status_code_is(java.lang.Integer)&amp#27;[0m
2021-08-23 21:36:46,054 [INFO  ] Log - >> Response status line is HTTP/1.1 201 Created
  &amp#27;[32mAnd &amp#27;[0m&amp#27;[32mResponse status line is &amp#27;[0m&amp#27;[32m&amp#27;[1m"Created"&amp#27;[0m                                                                                                                               &amp#27;[90m# stepDefinitions.Then_Steps.response_status_line_is(java.lang.String)&amp#27;[0m
]]></system-out>
  </testcase>
</testsuite>