<?xml version="1.0" encoding="UTF-8"?>
<testng-results ignored="0" total="1" passed="1" failed="0" skipped="0">
  <reporter-output>
  </reporter-output>
  <suite started-at="2021-08-23T02:26:10 CEST" name="Default suite" finished-at="2021-08-23T02:26:15 CEST" duration-ms="4270">
    <groups>
      <group name="cucumber">
        <method signature="AbstractTestNGCucumberTests.runScenario(io.cucumber.testng.PickleWrapper, io.cucumber.testng.FeatureWrapper)[pri:0, instance:cucumber.Options.RunCucumberTests@6f96c77]" name="runScenario" class="io.cucumber.testng.AbstractTestNGCucumberTests"/>
      </group> <!-- cucumber -->
    </groups>
    <test started-at="2021-08-23T02:26:10 CEST" name="Default test" finished-at="2021-08-23T02:26:15 CEST" duration-ms="4270">
      <class name="cucumber.Options.RunCucumberTests">
        <test-method is-config="true" signature="setUpClass()[pri:0, instance:cucumber.Options.RunCucumberTests@6f96c77]" started-at="2021-08-23T02:26:10 CEST" name="setUpClass" finished-at="2021-08-23T02:26:11 CEST" duration-ms="591" status="PASS">
          <reporter-output>
          </reporter-output>
        </test-method> <!-- setUpClass -->
        <test-method signature="runScenario(io.cucumber.testng.PickleWrapper, io.cucumber.testng.FeatureWrapper)[pri:0, instance:cucumber.Options.RunCucumberTests@6f96c77]" started-at="2021-08-23T02:26:11 CEST" name="runScenario" description="Runs Cucumber Scenarios" data-provider="scenarios" finished-at="2021-08-23T02:26:15 CEST" duration-ms="3504" status="PASS">
          <params>
            <param index="0">
              <value>
                <![CDATA["Validates error response is received when payment_methods=SWIFT and Payload field swift_code is missing"]]>
              </value>
            </param>
            <param index="1">
              <value>
                <![CDATA["Optional[Validates swift_code in BankDetails]"]]>
              </value>
            </param>
          </params>
          <reporter-output>
          </reporter-output>
        </test-method> <!-- runScenario -->
        <test-method is-config="true" signature="tearDownClass()[pri:0, instance:cucumber.Options.RunCucumberTests@6f96c77]" started-at="2021-08-23T02:26:15 CEST" name="tearDownClass" finished-at="2021-08-23T02:26:15 CEST" duration-ms="134" status="PASS">
          <reporter-output>
          </reporter-output>
        </test-method> <!-- tearDownClass -->
      </class> <!-- cucumber.Options.RunCucumberTests -->
    </test> <!-- Default test -->
  </suite> <!-- Default suite -->
</testng-results>
